{"numFailedTestSuites":0,"numFailedTests":0,"numPassedTestSuites":51,"numPassedTests":357,"numPendingTestSuites":0,"numPendingTests":0,"numRuntimeErrorTestSuites":0,"numTodoTests":0,"numTotalTestSuites":51,"numTotalTests":357,"openHandles":[],"snapshot":{"added":0,"didUpdate":false,"failure":false,"filesAdded":0,"filesRemoved":0,"filesRemovedList":[],"filesUnmatched":0,"filesUpdated":0,"matched":328,"total":328,"unchecked":0,"uncheckedKeysByFile":[],"unmatched":0,"updated":0},"startTime":1590098321590,"success":true,"testResults":[{"assertionResults":[{"ancestorTitles":["DrawerMenu component"],"failureMessages":[],"fullName":"DrawerMenu component should match snapshot - DrawerMenu list","location":null,"status":"passed","title":"should match snapshot - DrawerMenu list"},{"ancestorTitles":["DrawerMenu component"],"failureMessages":[],"fullName":"DrawerMenu component should match snapshot - DrawerMenu custom component","location":null,"status":"passed","title":"should match snapshot - DrawerMenu custom component"},{"ancestorTitles":["DrawerMenu component"],"failureMessages":[],"fullName":"DrawerMenu component should match snapshot - DrawerMenu custom children","location":null,"status":"passed","title":"should match snapshot - DrawerMenu custom children"},{"ancestorTitles":["DrawerMenu component"],"failureMessages":[],"fullName":"DrawerMenu component should render custom children","location":null,"status":"passed","title":"should render custom children"},{"ancestorTitles":["DrawerMenu component"],"failureMessages":[],"fullName":"DrawerMenu component should render list item","location":null,"status":"passed","title":"should render list item"},{"ancestorTitles":["DrawerMenu component"],"failureMessages":[],"fullName":"DrawerMenu component should render list item with badge","location":null,"status":"passed","title":"should render list item with badge"},{"ancestorTitles":["DrawerMenu component"],"failureMessages":[],"fullName":"DrawerMenu component should render submenu item","location":null,"status":"passed","title":"should render submenu item"},{"ancestorTitles":["DrawerMenu component"],"failureMessages":[],"fullName":"DrawerMenu component should start with submenu opened","location":null,"status":"passed","title":"should start with submenu opened"},{"ancestorTitles":["DrawerMenu component"],"failureMessages":[],"fullName":"DrawerMenu component should open submenu and call onToggle","location":null,"status":"passed","title":"should open submenu and call onToggle"},{"ancestorTitles":["DrawerMenu component"],"failureMessages":[],"fullName":"DrawerMenu component should select a item and call onSelect","location":null,"status":"passed","title":"should select a item and call onSelect"}],"endTime":1590098329584,"message":"","name":"/Users/la.vinicius.ponciano/Projects/Natura/natds-js/packages/web/src/__tests__/DrawerMenu.spec.tsx","startTime":1590098323420,"status":"passed","summary":""},{"assertionResults":[{"ancestorTitles":["Typography Component"],"failureMessages":[],"fullName":"Typography Component It should use the default variant and pass children forward","location":null,"status":"passed","title":"It should use the default variant and pass children forward"},{"ancestorTitles":["Typography Component"],"failureMessages":[],"fullName":"Typography Component It should use provided variant","location":null,"status":"passed","title":"It should use provided variant"},{"ancestorTitles":["Typography Component"],"failureMessages":[],"fullName":"Typography Component It should use provided align","location":null,"status":"passed","title":"It should use provided align"},{"ancestorTitles":["Typography Component"],"failureMessages":[],"fullName":"Typography Component It should use provided classes","location":null,"status":"passed","title":"It should use provided classes"},{"ancestorTitles":["Typography Component"],"failureMessages":[],"fullName":"Typography Component It should use provided color","location":null,"status":"passed","title":"It should use provided color"},{"ancestorTitles":["Typography Component"],"failureMessages":[],"fullName":"Typography Component It should use provided noWrap","location":null,"status":"passed","title":"It should use provided noWrap"}],"endTime":1590098334836,"message":"","name":"/Users/la.vinicius.ponciano/Projects/Natura/natds-js/packages/web/src/__tests__/Typography.spec.tsx","startTime":1590098323217,"status":"passed","summary":""},{"assertionResults":[{"ancestorTitles":["ExpansionPanel component"],"failureMessages":[],"fullName":"ExpansionPanel component should match snapshot - Simple children","location":null,"status":"passed","title":"should match snapshot - Simple children"},{"ancestorTitles":["ExpansionPanel component"],"failureMessages":[],"fullName":"ExpansionPanel component should match snapshot - ExpansionPanelActions children","location":null,"status":"passed","title":"should match snapshot - ExpansionPanelActions children"},{"ancestorTitles":["ExpansionPanel component"],"failureMessages":[],"fullName":"ExpansionPanel component should match snapshot - ExpansionPanelDetails children","location":null,"status":"passed","title":"should match snapshot - ExpansionPanelDetails children"},{"ancestorTitles":["ExpansionPanel component"],"failureMessages":[],"fullName":"ExpansionPanel component should match snapshot - ExpansionPanelSummary children","location":null,"status":"passed","title":"should match snapshot - ExpansionPanelSummary children"},{"ancestorTitles":["ExpansionPanel component"],"failureMessages":[],"fullName":"ExpansionPanel component should match snapshot - ExpansionPanel complete","location":null,"status":"passed","title":"should match snapshot - ExpansionPanel complete"}],"endTime":1590098334855,"message":"","name":"/Users/la.vinicius.ponciano/Projects/Natura/natds-js/packages/web/src/__tests__/ExpansionPanel.spec.tsx","startTime":1590098323368,"status":"passed","summary":""},{"assertionResults":[{"ancestorTitles":["Card components","rendering variants"],"failureMessages":[],"fullName":"Card components rendering variants should match to snapshot - empty card","location":null,"status":"passed","title":"should match to snapshot - empty card"},{"ancestorTitles":["Card components","rendering variants"],"failureMessages":[],"fullName":"Card components rendering variants should match to snapshot - with action area","location":null,"status":"passed","title":"should match to snapshot - with action area"},{"ancestorTitles":["Card components","rendering variants"],"failureMessages":[],"fullName":"Card components rendering variants should match to snapshot - with actions","location":null,"status":"passed","title":"should match to snapshot - with actions"},{"ancestorTitles":["Card components","rendering variants"],"failureMessages":[],"fullName":"Card components rendering variants should match to snapshot - with content","location":null,"status":"passed","title":"should match to snapshot - with content"},{"ancestorTitles":["Card components","rendering variants"],"failureMessages":[],"fullName":"Card components rendering variants should match to snapshot - with header","location":null,"status":"passed","title":"should match to snapshot - with header"},{"ancestorTitles":["Card components","rendering variants"],"failureMessages":[],"fullName":"Card components rendering variants should match to snapshot - with media","location":null,"status":"passed","title":"should match to snapshot - with media"},{"ancestorTitles":["Card components","rendering variants"],"failureMessages":[],"fullName":"Card components rendering variants should match to snapshot - with collapse","location":null,"status":"passed","title":"should match to snapshot - with collapse"},{"ancestorTitles":["Card components","rendering variants"],"failureMessages":[],"fullName":"Card components rendering variants should match to snapshot - with paper","location":null,"status":"passed","title":"should match to snapshot - with paper"}],"endTime":1590098334887,"message":"","name":"/Users/la.vinicius.ponciano/Projects/Natura/natds-js/packages/web/src/__tests__/Card.spec.tsx","startTime":1590098323152,"status":"passed","summary":""},{"assertionResults":[{"ancestorTitles":["BottomNavigationAction component","rendering"],"failureMessages":[],"fullName":"BottomNavigationAction component rendering it should match to default snapshot","location":null,"status":"passed","title":"it should match to default snapshot"},{"ancestorTitles":["BottomNavigationAction component","rendering"],"failureMessages":[],"fullName":"BottomNavigationAction component rendering it should match to selected snapshot","location":null,"status":"passed","title":"it should match to selected snapshot"}],"endTime":1590098335068,"message":"","name":"/Users/la.vinicius.ponciano/Projects/Natura/natds-js/packages/web/src/__tests__/BottomNavigationAction.spec.tsx","startTime":1590098323272,"status":"passed","summary":""},{"assertionResults":[{"ancestorTitles":["Dialog components","rendering variants"],"failureMessages":[],"fullName":"Dialog components rendering variants should match to snapshot - Opened","location":null,"status":"passed","title":"should match to snapshot - Opened"},{"ancestorTitles":["Dialog components","rendering variants"],"failureMessages":[],"fullName":"Dialog components rendering variants should match to snapshot - with title","location":null,"status":"passed","title":"should match to snapshot - with title"},{"ancestorTitles":["Dialog components","rendering variants"],"failureMessages":[],"fullName":"Dialog components rendering variants should match to snapshot - with content","location":null,"status":"passed","title":"should match to snapshot - with content"},{"ancestorTitles":["Dialog components","rendering variants"],"failureMessages":[],"fullName":"Dialog components rendering variants should match to snapshot - with content text","location":null,"status":"passed","title":"should match to snapshot - with content text"},{"ancestorTitles":["Dialog components","rendering variants"],"failureMessages":[],"fullName":"Dialog components rendering variants should match to snapshot - with actions","location":null,"status":"passed","title":"should match to snapshot - with actions"},{"ancestorTitles":["Dialog components","rendering variants"],"failureMessages":[],"fullName":"Dialog components rendering variants should match to snapshot - with content divider","location":null,"status":"passed","title":"should match to snapshot - with content divider"}],"endTime":1590098335146,"message":"","name":"/Users/la.vinicius.ponciano/Projects/Natura/natds-js/packages/web/src/__tests__/Dialog.spec.tsx","startTime":1590098323071,"status":"passed","summary":""},{"assertionResults":[{"ancestorTitles":["List components","rendering variants"],"failureMessages":[],"fullName":"List components rendering variants should match to snapshot - empty list","location":null,"status":"passed","title":"should match to snapshot - empty list"},{"ancestorTitles":["List components","rendering variants"],"failureMessages":[],"fullName":"List components rendering variants should match to snapshot - with ListSubheader","location":null,"status":"passed","title":"should match to snapshot - with ListSubheader"},{"ancestorTitles":["List components","rendering variants"],"failureMessages":[],"fullName":"List components rendering variants should match to snapshot - with ListItem","location":null,"status":"passed","title":"should match to snapshot - with ListItem"},{"ancestorTitles":["List components","rendering variants"],"failureMessages":[],"fullName":"List components rendering variants should match to snapshot - with ListItem button","location":null,"status":"passed","title":"should match to snapshot - with ListItem button"},{"ancestorTitles":["List components","rendering variants"],"failureMessages":[],"fullName":"List components rendering variants should match to snapshot - with ListItemAvatar","location":null,"status":"passed","title":"should match to snapshot - with ListItemAvatar"},{"ancestorTitles":["List components","rendering variants"],"failureMessages":[],"fullName":"List components rendering variants should match to snapshot - with ListItemIcon","location":null,"status":"passed","title":"should match to snapshot - with ListItemIcon"},{"ancestorTitles":["List components","rendering variants"],"failureMessages":[],"fullName":"List components rendering variants should match to snapshot - with ListItemSecondaryAction","location":null,"status":"passed","title":"should match to snapshot - with ListItemSecondaryAction"},{"ancestorTitles":["List components","rendering variants"],"failureMessages":[],"fullName":"List components rendering variants should match to snapshot - with ListItemText","location":null,"status":"passed","title":"should match to snapshot - with ListItemText"}],"endTime":1590098335179,"message":"","name":"/Users/la.vinicius.ponciano/Projects/Natura/natds-js/packages/web/src/__tests__/List.spec.tsx","startTime":1590098323157,"status":"passed","summary":""},{"assertionResults":[{"ancestorTitles":["Fab component","rendering"],"failureMessages":[],"fullName":"Fab component rendering it should render with no props","location":null,"status":"passed","title":"it should render with no props"},{"ancestorTitles":["Fab component","rendering"],"failureMessages":[],"fullName":"Fab component rendering it should render with Provider theme","location":null,"status":"passed","title":"it should render with Provider theme"},{"ancestorTitles":["Fab component","rendering"],"failureMessages":[],"fullName":"Fab component rendering it should render with disabled truthy","location":null,"status":"passed","title":"it should render with disabled truthy"},{"ancestorTitles":["Fab component","rendering"],"failureMessages":[],"fullName":"Fab component rendering it should render all colors","location":null,"status":"passed","title":"it should render all colors"},{"ancestorTitles":["Fab component","rendering"],"failureMessages":[],"fullName":"Fab component rendering it should render all sizes","location":null,"status":"passed","title":"it should render all sizes"},{"ancestorTitles":["Fab component","rendering"],"failureMessages":[],"fullName":"Fab component rendering it should render all variants","location":null,"status":"passed","title":"it should render all variants"}],"endTime":1590098335221,"message":"","name":"/Users/la.vinicius.ponciano/Projects/Natura/natds-js/packages/web/src/__tests__/Fab.spec.tsx","startTime":1590098323276,"status":"passed","summary":""},{"assertionResults":[{"ancestorTitles":["Intro component"],"failureMessages":[],"fullName":"Intro component should match snapshot - Intro with title and without detail","location":null,"status":"passed","title":"should match snapshot - Intro with title and without detail"},{"ancestorTitles":["Intro component"],"failureMessages":[],"fullName":"Intro component should match snapshot - Intro with title and detail","location":null,"status":"passed","title":"should match snapshot - Intro with title and detail"},{"ancestorTitles":["Intro component"],"failureMessages":[],"fullName":"Intro component should match snapshot - Intro with title and icon","location":null,"status":"passed","title":"should match snapshot - Intro with title and icon"},{"ancestorTitles":["Intro component"],"failureMessages":[],"fullName":"Intro component should match snapshot - Any valid Intro with h1 titleVariant","location":null,"status":"passed","title":"should match snapshot - Any valid Intro with h1 titleVariant"},{"ancestorTitles":["Intro component"],"failureMessages":[],"fullName":"Intro component should match snapshot - Any valid Intro with h1 detailVariant","location":null,"status":"passed","title":"should match snapshot - Any valid Intro with h1 detailVariant"},{"ancestorTitles":["Intro component"],"failureMessages":[],"fullName":"Intro component should match snapshot - Any valid Intro with h2 titleVariant","location":null,"status":"passed","title":"should match snapshot - Any valid Intro with h2 titleVariant"},{"ancestorTitles":["Intro component"],"failureMessages":[],"fullName":"Intro component should match snapshot - Any valid Intro with h2 detailVariant","location":null,"status":"passed","title":"should match snapshot - Any valid Intro with h2 detailVariant"},{"ancestorTitles":["Intro component"],"failureMessages":[],"fullName":"Intro component should match snapshot - Any valid Intro with h3 titleVariant","location":null,"status":"passed","title":"should match snapshot - Any valid Intro with h3 titleVariant"},{"ancestorTitles":["Intro component"],"failureMessages":[],"fullName":"Intro component should match snapshot - Any valid Intro with h3 detailVariant","location":null,"status":"passed","title":"should match snapshot - Any valid Intro with h3 detailVariant"},{"ancestorTitles":["Intro component"],"failureMessages":[],"fullName":"Intro component should match snapshot - Any valid Intro with h4 titleVariant","location":null,"status":"passed","title":"should match snapshot - Any valid Intro with h4 titleVariant"},{"ancestorTitles":["Intro component"],"failureMessages":[],"fullName":"Intro component should match snapshot - Any valid Intro with h4 detailVariant","location":null,"status":"passed","title":"should match snapshot - Any valid Intro with h4 detailVariant"},{"ancestorTitles":["Intro component"],"failureMessages":[],"fullName":"Intro component should match snapshot - Any valid Intro with h5 titleVariant","location":null,"status":"passed","title":"should match snapshot - Any valid Intro with h5 titleVariant"},{"ancestorTitles":["Intro component"],"failureMessages":[],"fullName":"Intro component should match snapshot - Any valid Intro with h5 detailVariant","location":null,"status":"passed","title":"should match snapshot - Any valid Intro with h5 detailVariant"},{"ancestorTitles":["Intro component"],"failureMessages":[],"fullName":"Intro component should match snapshot - Any valid Intro with h6 titleVariant","location":null,"status":"passed","title":"should match snapshot - Any valid Intro with h6 titleVariant"},{"ancestorTitles":["Intro component"],"failureMessages":[],"fullName":"Intro component should match snapshot - Any valid Intro with h6 detailVariant","location":null,"status":"passed","title":"should match snapshot - Any valid Intro with h6 detailVariant"},{"ancestorTitles":["Intro component"],"failureMessages":[],"fullName":"Intro component should match snapshot - Any valid Intro with subtitle1 titleVariant","location":null,"status":"passed","title":"should match snapshot - Any valid Intro with subtitle1 titleVariant"},{"ancestorTitles":["Intro component"],"failureMessages":[],"fullName":"Intro component should match snapshot - Any valid Intro with subtitle1 detailVariant","location":null,"status":"passed","title":"should match snapshot - Any valid Intro with subtitle1 detailVariant"},{"ancestorTitles":["Intro component"],"failureMessages":[],"fullName":"Intro component should match snapshot - Any valid Intro with subtitle2 titleVariant","location":null,"status":"passed","title":"should match snapshot - Any valid Intro with subtitle2 titleVariant"},{"ancestorTitles":["Intro component"],"failureMessages":[],"fullName":"Intro component should match snapshot - Any valid Intro with subtitle2 detailVariant","location":null,"status":"passed","title":"should match snapshot - Any valid Intro with subtitle2 detailVariant"},{"ancestorTitles":["Intro component"],"failureMessages":[],"fullName":"Intro component should match snapshot - Any valid Intro with body1 titleVariant","location":null,"status":"passed","title":"should match snapshot - Any valid Intro with body1 titleVariant"},{"ancestorTitles":["Intro component"],"failureMessages":[],"fullName":"Intro component should match snapshot - Any valid Intro with body1 detailVariant","location":null,"status":"passed","title":"should match snapshot - Any valid Intro with body1 detailVariant"},{"ancestorTitles":["Intro component"],"failureMessages":[],"fullName":"Intro component should match snapshot - Any valid Intro with body2 titleVariant","location":null,"status":"passed","title":"should match snapshot - Any valid Intro with body2 titleVariant"},{"ancestorTitles":["Intro component"],"failureMessages":[],"fullName":"Intro component should match snapshot - Any valid Intro with body2 detailVariant","location":null,"status":"passed","title":"should match snapshot - Any valid Intro with body2 detailVariant"},{"ancestorTitles":["Intro component"],"failureMessages":[],"fullName":"Intro component should match snapshot - Any valid Intro with caption titleVariant","location":null,"status":"passed","title":"should match snapshot - Any valid Intro with caption titleVariant"},{"ancestorTitles":["Intro component"],"failureMessages":[],"fullName":"Intro component should match snapshot - Any valid Intro with caption detailVariant","location":null,"status":"passed","title":"should match snapshot - Any valid Intro with caption detailVariant"},{"ancestorTitles":["Intro component"],"failureMessages":[],"fullName":"Intro component should match snapshot - Any valid Intro with button titleVariant","location":null,"status":"passed","title":"should match snapshot - Any valid Intro with button titleVariant"},{"ancestorTitles":["Intro component"],"failureMessages":[],"fullName":"Intro component should match snapshot - Any valid Intro with button detailVariant","location":null,"status":"passed","title":"should match snapshot - Any valid Intro with button detailVariant"},{"ancestorTitles":["Intro component"],"failureMessages":[],"fullName":"Intro component should match snapshot - Any valid Intro with overline titleVariant","location":null,"status":"passed","title":"should match snapshot - Any valid Intro with overline titleVariant"},{"ancestorTitles":["Intro component"],"failureMessages":[],"fullName":"Intro component should match snapshot - Any valid Intro with overline detailVariant","location":null,"status":"passed","title":"should match snapshot - Any valid Intro with overline detailVariant"},{"ancestorTitles":["Intro component"],"failureMessages":[],"fullName":"Intro component should match snapshot - Any valid Intro with srOnly titleVariant","location":null,"status":"passed","title":"should match snapshot - Any valid Intro with srOnly titleVariant"},{"ancestorTitles":["Intro component"],"failureMessages":[],"fullName":"Intro component should match snapshot - Any valid Intro with srOnly detailVariant","location":null,"status":"passed","title":"should match snapshot - Any valid Intro with srOnly detailVariant"},{"ancestorTitles":["Intro component"],"failureMessages":[],"fullName":"Intro component should match snapshot - Any valid Intro with inherit titleVariant","location":null,"status":"passed","title":"should match snapshot - Any valid Intro with inherit titleVariant"},{"ancestorTitles":["Intro component"],"failureMessages":[],"fullName":"Intro component should match snapshot - Any valid Intro with inherit detailVariant","location":null,"status":"passed","title":"should match snapshot - Any valid Intro with inherit detailVariant"},{"ancestorTitles":["Intro component"],"failureMessages":[],"fullName":"Intro component should match snapshot - Any valid Intro with initial titleColor","location":null,"status":"passed","title":"should match snapshot - Any valid Intro with initial titleColor"},{"ancestorTitles":["Intro component"],"failureMessages":[],"fullName":"Intro component should match snapshot - Any valid Intro with initial detailColor","location":null,"status":"passed","title":"should match snapshot - Any valid Intro with initial detailColor"},{"ancestorTitles":["Intro component"],"failureMessages":[],"fullName":"Intro component should match snapshot - Any valid Intro with inherit titleColor","location":null,"status":"passed","title":"should match snapshot - Any valid Intro with inherit titleColor"},{"ancestorTitles":["Intro component"],"failureMessages":[],"fullName":"Intro component should match snapshot - Any valid Intro with inherit detailColor","location":null,"status":"passed","title":"should match snapshot - Any valid Intro with inherit detailColor"},{"ancestorTitles":["Intro component"],"failureMessages":[],"fullName":"Intro component should match snapshot - Any valid Intro with primary titleColor","location":null,"status":"passed","title":"should match snapshot - Any valid Intro with primary titleColor"},{"ancestorTitles":["Intro component"],"failureMessages":[],"fullName":"Intro component should match snapshot - Any valid Intro with primary detailColor","location":null,"status":"passed","title":"should match snapshot - Any valid Intro with primary detailColor"},{"ancestorTitles":["Intro component"],"failureMessages":[],"fullName":"Intro component should match snapshot - Any valid Intro with secondary titleColor","location":null,"status":"passed","title":"should match snapshot - Any valid Intro with secondary titleColor"},{"ancestorTitles":["Intro component"],"failureMessages":[],"fullName":"Intro component should match snapshot - Any valid Intro with secondary detailColor","location":null,"status":"passed","title":"should match snapshot - Any valid Intro with secondary detailColor"},{"ancestorTitles":["Intro component"],"failureMessages":[],"fullName":"Intro component should match snapshot - Any valid Intro with textPrimary titleColor","location":null,"status":"passed","title":"should match snapshot - Any valid Intro with textPrimary titleColor"},{"ancestorTitles":["Intro component"],"failureMessages":[],"fullName":"Intro component should match snapshot - Any valid Intro with textPrimary detailColor","location":null,"status":"passed","title":"should match snapshot - Any valid Intro with textPrimary detailColor"},{"ancestorTitles":["Intro component"],"failureMessages":[],"fullName":"Intro component should match snapshot - Any valid Intro with textSecondary titleColor","location":null,"status":"passed","title":"should match snapshot - Any valid Intro with textSecondary titleColor"},{"ancestorTitles":["Intro component"],"failureMessages":[],"fullName":"Intro component should match snapshot - Any valid Intro with textSecondary detailColor","location":null,"status":"passed","title":"should match snapshot - Any valid Intro with textSecondary detailColor"},{"ancestorTitles":["Intro component"],"failureMessages":[],"fullName":"Intro component should match snapshot - Any valid Intro with error titleColor","location":null,"status":"passed","title":"should match snapshot - Any valid Intro with error titleColor"},{"ancestorTitles":["Intro component"],"failureMessages":[],"fullName":"Intro component should match snapshot - Any valid Intro with error detailColor","location":null,"status":"passed","title":"should match snapshot - Any valid Intro with error detailColor"}],"endTime":1590098335464,"message":"","name":"/Users/la.vinicius.ponciano/Projects/Natura/natds-js/packages/web/src/__tests__/Intro.spec.tsx","startTime":1590098323129,"status":"passed","summary":""},{"assertionResults":[{"ancestorTitles":["Tab components","rendering variants"],"failureMessages":[],"fullName":"Tab components rendering variants should match to snapshot - empty TabContainer","location":null,"status":"passed","title":"should match to snapshot - empty TabContainer"},{"ancestorTitles":["Tab components","rendering variants"],"failureMessages":[],"fullName":"Tab components rendering variants should match to snapshot - with TabContainer textColor applied","location":null,"status":"passed","title":"should match to snapshot - with TabContainer textColor applied"},{"ancestorTitles":["Tab components","rendering variants"],"failureMessages":[],"fullName":"Tab components rendering variants should match to snapshot - with TabContainer indicatorColor applied","location":null,"status":"passed","title":"should match to snapshot - with TabContainer indicatorColor applied"},{"ancestorTitles":["Tab components","rendering variants"],"failureMessages":[],"fullName":"Tab components rendering variants should match to snapshot - with TabContainer centered ","location":null,"status":"passed","title":"should match to snapshot - with TabContainer centered "},{"ancestorTitles":["Tab components","rendering variants"],"failureMessages":[],"fullName":"Tab components rendering variants should match to snapshot - with TabItem disabled ","location":null,"status":"passed","title":"should match to snapshot - with TabItem disabled "}],"endTime":1590098335555,"message":"","name":"/Users/la.vinicius.ponciano/Projects/Natura/natds-js/packages/web/src/__tests__/Tab.spec.tsx","startTime":1590098323132,"status":"passed","summary":""},{"assertionResults":[{"ancestorTitles":["Popover component"],"failureMessages":[],"fullName":"Popover component should match snapshot - Any valid Popover with bottom-end direction","location":null,"status":"passed","title":"should match snapshot - Any valid Popover with bottom-end direction"},{"ancestorTitles":["Popover component"],"failureMessages":[],"fullName":"Popover component should match snapshot - Any valid Popover with bottom-start direction","location":null,"status":"passed","title":"should match snapshot - Any valid Popover with bottom-start direction"},{"ancestorTitles":["Popover component"],"failureMessages":[],"fullName":"Popover component should match snapshot - Any valid Popover with bottom direction","location":null,"status":"passed","title":"should match snapshot - Any valid Popover with bottom direction"},{"ancestorTitles":["Popover component"],"failureMessages":[],"fullName":"Popover component should match snapshot - Any valid Popover with left-end direction","location":null,"status":"passed","title":"should match snapshot - Any valid Popover with left-end direction"},{"ancestorTitles":["Popover component"],"failureMessages":[],"fullName":"Popover component should match snapshot - Any valid Popover with left-start direction","location":null,"status":"passed","title":"should match snapshot - Any valid Popover with left-start direction"},{"ancestorTitles":["Popover component"],"failureMessages":[],"fullName":"Popover component should match snapshot - Any valid Popover with left direction","location":null,"status":"passed","title":"should match snapshot - Any valid Popover with left direction"},{"ancestorTitles":["Popover component"],"failureMessages":[],"fullName":"Popover component should match snapshot - Any valid Popover with right-end direction","location":null,"status":"passed","title":"should match snapshot - Any valid Popover with right-end direction"},{"ancestorTitles":["Popover component"],"failureMessages":[],"fullName":"Popover component should match snapshot - Any valid Popover with right-start direction","location":null,"status":"passed","title":"should match snapshot - Any valid Popover with right-start direction"},{"ancestorTitles":["Popover component"],"failureMessages":[],"fullName":"Popover component should match snapshot - Any valid Popover with right direction","location":null,"status":"passed","title":"should match snapshot - Any valid Popover with right direction"},{"ancestorTitles":["Popover component"],"failureMessages":[],"fullName":"Popover component should match snapshot - Any valid Popover with top-end direction","location":null,"status":"passed","title":"should match snapshot - Any valid Popover with top-end direction"},{"ancestorTitles":["Popover component"],"failureMessages":[],"fullName":"Popover component should match snapshot - Any valid Popover with top-start direction","location":null,"status":"passed","title":"should match snapshot - Any valid Popover with top-start direction"},{"ancestorTitles":["Popover component"],"failureMessages":[],"fullName":"Popover component should match snapshot - Any valid Popover with top direction","location":null,"status":"passed","title":"should match snapshot - Any valid Popover with top direction"},{"ancestorTitles":["Popover component"],"failureMessages":[],"fullName":"Popover component should match snapshot - Popover with Action Link","location":null,"status":"passed","title":"should match snapshot - Popover with Action Link"}],"endTime":1590098335890,"message":"","name":"/Users/la.vinicius.ponciano/Projects/Natura/natds-js/packages/web/src/__tests__/Popover.spec.tsx","startTime":1590098329598,"status":"passed","summary":""},{"assertionResults":[{"ancestorTitles":["Menu components"],"failureMessages":[],"fullName":"Menu components should match to snapshot - closed Menu","location":null,"status":"passed","title":"should match to snapshot - closed Menu"},{"ancestorTitles":["Menu components"],"failureMessages":[],"fullName":"Menu components should match to snapshot - opened Menu","location":null,"status":"passed","title":"should match to snapshot - opened Menu"}],"endTime":1590098336228,"message":"","name":"/Users/la.vinicius.ponciano/Projects/Natura/natds-js/packages/web/src/__tests__/Menu.spec.tsx","startTime":1590098334868,"status":"passed","summary":""},{"assertionResults":[{"ancestorTitles":["DatePicker components"],"failureMessages":[],"fullName":"DatePicker components should match to snapshot - Opened","location":null,"status":"passed","title":"should match to snapshot - Opened"}],"endTime":1590098336249,"message":"","name":"/Users/la.vinicius.ponciano/Projects/Natura/natds-js/packages/web/src/__tests__/DatePicker.spec.tsx","startTime":1590098334856,"status":"passed","summary":""},{"assertionResults":[{"ancestorTitles":["Breadcrumbs component","rendering"],"failureMessages":[],"fullName":"Breadcrumbs component rendering it should match default snapshot","location":null,"status":"passed","title":"it should match default snapshot"}],"endTime":1590098336447,"message":"","name":"/Users/la.vinicius.ponciano/Projects/Natura/natds-js/packages/web/src/__tests__/Breadcrumbs.spec.tsx","startTime":1590098335180,"status":"passed","summary":""},{"assertionResults":[{"ancestorTitles":["AppBar component","rendering"],"failureMessages":[],"fullName":"AppBar component rendering it should match default snapshot","location":null,"status":"passed","title":"it should match default snapshot"},{"ancestorTitles":["AppBar component","rendering"],"failureMessages":[],"fullName":"AppBar component rendering it should match elevation equals zero snapshot","location":null,"status":"passed","title":"it should match elevation equals zero snapshot"}],"endTime":1590098336486,"message":"","name":"/Users/la.vinicius.ponciano/Projects/Natura/natds-js/packages/web/src/__tests__/AppBar.spec.tsx","startTime":1590098335194,"status":"passed","summary":""},{"assertionResults":[{"ancestorTitles":["Select components"],"failureMessages":[],"fullName":"Select components should match to snapshot - Show","location":null,"status":"passed","title":"should match to snapshot - Show"}],"endTime":1590098336501,"message":"","name":"/Users/la.vinicius.ponciano/Projects/Natura/natds-js/packages/web/src/__tests__/Select.spec.tsx","startTime":1590098335087,"status":"passed","summary":""},{"assertionResults":[{"ancestorTitles":["TextField Field component"],"failureMessages":[],"fullName":"TextField Field component should render single line input","location":null,"status":"passed","title":"should render single line input"},{"ancestorTitles":["TextField Field component"],"failureMessages":[],"fullName":"TextField Field component should render single line masked input","location":null,"status":"passed","title":"should render single line masked input"},{"ancestorTitles":["TextField Field component"],"failureMessages":[],"fullName":"TextField Field component should render multiline input","location":null,"status":"passed","title":"should render multiline input"},{"ancestorTitles":["TextField Field component"],"failureMessages":[],"fullName":"TextField Field component should render multiline input","location":null,"status":"passed","title":"should render multiline input"},{"ancestorTitles":["TextField Field component"],"failureMessages":[],"fullName":"TextField Field component should reveal input value for password types","location":null,"status":"passed","title":"should reveal input value for password types"},{"ancestorTitles":["TextField Field component"],"failureMessages":[],"fullName":"TextField Field component should clear input value for search types","location":null,"status":"passed","title":"should clear input value for search types"},{"ancestorTitles":["TextField Field component"],"failureMessages":[],"fullName":"TextField Field component should clear input value for search types and call the callback function","location":null,"status":"passed","title":"should clear input value for search types and call the callback function"},{"ancestorTitles":["TextField Field component"],"failureMessages":[],"fullName":"TextField Field component should change input value","location":null,"status":"passed","title":"should change input value"},{"ancestorTitles":["TextField Field component"],"failureMessages":[],"fullName":"TextField Field component should change input value and call the callback function","location":null,"status":"passed","title":"should change input value and call the callback function"}],"endTime":1590098336557,"message":"","name":"/Users/la.vinicius.ponciano/Projects/Natura/natds-js/packages/web/src/__tests__/TextField.Field.spec.tsx","startTime":1590098334900,"status":"passed","summary":""},{"assertionResults":[{"ancestorTitles":["Drawer component"],"failureMessages":[],"fullName":"Drawer component should match snapshot - Any valid Drawer with left anchor","location":null,"status":"passed","title":"should match snapshot - Any valid Drawer with left anchor"},{"ancestorTitles":["Drawer component"],"failureMessages":[],"fullName":"Drawer component should match snapshot - Any valid Drawer with top anchor","location":null,"status":"passed","title":"should match snapshot - Any valid Drawer with top anchor"},{"ancestorTitles":["Drawer component"],"failureMessages":[],"fullName":"Drawer component should match snapshot - Any valid Drawer with right anchor","location":null,"status":"passed","title":"should match snapshot - Any valid Drawer with right anchor"},{"ancestorTitles":["Drawer component"],"failureMessages":[],"fullName":"Drawer component should match snapshot - Any valid Drawer with bottom anchor","location":null,"status":"passed","title":"should match snapshot - Any valid Drawer with bottom anchor"},{"ancestorTitles":["Drawer component"],"failureMessages":[],"fullName":"Drawer component should match snapshot - Any valid Drawer with permanent variant","location":null,"status":"passed","title":"should match snapshot - Any valid Drawer with permanent variant"},{"ancestorTitles":["Drawer component"],"failureMessages":[],"fullName":"Drawer component should match snapshot - Any valid Drawer with persistent variant","location":null,"status":"passed","title":"should match snapshot - Any valid Drawer with persistent variant"},{"ancestorTitles":["Drawer component"],"failureMessages":[],"fullName":"Drawer component should match snapshot - Any valid Drawer with temporary variant","location":null,"status":"passed","title":"should match snapshot - Any valid Drawer with temporary variant"}],"endTime":1590098336613,"message":"","name":"/Users/la.vinicius.ponciano/Projects/Natura/natds-js/packages/web/src/__tests__/Drawer.spec.tsx","startTime":1590098335236,"status":"passed","summary":""},{"assertionResults":[{"ancestorTitles":["KeyboardDatePicker components"],"failureMessages":[],"fullName":"KeyboardDatePicker components should match to snapshot - Opened","location":null,"status":"passed","title":"should match to snapshot - Opened"},{"ancestorTitles":["KeyboardDatePicker components"],"failureMessages":[],"fullName":"KeyboardDatePicker components should match to snapshot - Empty","location":null,"status":"passed","title":"should match to snapshot - Empty"},{"ancestorTitles":["KeyboardDatePicker components"],"failureMessages":[],"fullName":"KeyboardDatePicker components should match to snapshot - Error state","location":null,"status":"passed","title":"should match to snapshot - Error state"},{"ancestorTitles":["KeyboardDatePicker components"],"failureMessages":[],"fullName":"KeyboardDatePicker components should match to snapshot - Success state","location":null,"status":"passed","title":"should match to snapshot - Success state"},{"ancestorTitles":["KeyboardDatePicker components"],"failureMessages":[],"fullName":"KeyboardDatePicker components should match to snapshot - Default state","location":null,"status":"passed","title":"should match to snapshot - Default state"},{"ancestorTitles":["KeyboardDatePicker components"],"failureMessages":[],"fullName":"KeyboardDatePicker components should match to snapshot - Required","location":null,"status":"passed","title":"should match to snapshot - Required"},{"ancestorTitles":["KeyboardDatePicker components"],"failureMessages":[],"fullName":"KeyboardDatePicker components should match to snapshot - Disabled","location":null,"status":"passed","title":"should match to snapshot - Disabled"},{"ancestorTitles":["KeyboardDatePicker components"],"failureMessages":[],"fullName":"KeyboardDatePicker components should match to snapshot - Help text","location":null,"status":"passed","title":"should match to snapshot - Help text"},{"ancestorTitles":["KeyboardDatePicker components"],"failureMessages":[],"fullName":"KeyboardDatePicker components should match to snapshot - Static variant","location":null,"status":"passed","title":"should match to snapshot - Static variant"},{"ancestorTitles":["KeyboardDatePicker components"],"failureMessages":[],"fullName":"KeyboardDatePicker components should match to snapshot - Read Only variant","location":null,"status":"passed","title":"should match to snapshot - Read Only variant"}],"endTime":1590098336643,"message":"","name":"/Users/la.vinicius.ponciano/Projects/Natura/natds-js/packages/web/src/__tests__/KeyboardDatePicker.spec.tsx","startTime":1590098323142,"status":"passed","summary":""},{"assertionResults":[{"ancestorTitles":["DrawerBody component"],"failureMessages":[],"fullName":"DrawerBody component should match snapshot - DrawerBody children","location":null,"status":"passed","title":"should match snapshot - DrawerBody children"},{"ancestorTitles":["DrawerBody component"],"failureMessages":[],"fullName":"DrawerBody component should match snapshot - DrawerBody custom component","location":null,"status":"passed","title":"should match snapshot - DrawerBody custom component"},{"ancestorTitles":["DrawerBody component"],"failureMessages":[],"fullName":"DrawerBody component should custom children prevail over the properties","location":null,"status":"passed","title":"should custom children prevail over the properties"}],"endTime":1590098336660,"message":"","name":"/Users/la.vinicius.ponciano/Projects/Natura/natds-js/packages/web/src/__tests__/DrawerBody.spec.tsx","startTime":1590098335493,"status":"passed","summary":""},{"assertionResults":[{"ancestorTitles":["BottomNavigation component","rendering"],"failureMessages":[],"fullName":"BottomNavigation component rendering it should match to default snapshot","location":null,"status":"passed","title":"it should match to default snapshot"}],"endTime":1590098336861,"message":"","name":"/Users/la.vinicius.ponciano/Projects/Natura/natds-js/packages/web/src/__tests__/BottomNavigation.spec.tsx","startTime":1590098335571,"status":"passed","summary":""},{"assertionResults":[{"ancestorTitles":["DrawerHeader component"],"failureMessages":[],"fullName":"DrawerHeader component should match snapshot - DrawerHeader Avatar Image","location":null,"status":"passed","title":"should match snapshot - DrawerHeader Avatar Image"},{"ancestorTitles":["DrawerHeader component"],"failureMessages":[],"fullName":"DrawerHeader component should match snapshot - DrawerHeader Avatar Text","location":null,"status":"passed","title":"should match snapshot - DrawerHeader Avatar Text"},{"ancestorTitles":["DrawerHeader component"],"failureMessages":[],"fullName":"DrawerHeader component should match snapshot - DrawerHeader Title","location":null,"status":"passed","title":"should match snapshot - DrawerHeader Title"},{"ancestorTitles":["DrawerHeader component"],"failureMessages":[],"fullName":"DrawerHeader component should match snapshot - DrawerHeader Subtitle","location":null,"status":"passed","title":"should match snapshot - DrawerHeader Subtitle"},{"ancestorTitles":["DrawerHeader component"],"failureMessages":[],"fullName":"DrawerHeader component should match snapshot - DrawerHeader Custom children","location":null,"status":"passed","title":"should match snapshot - DrawerHeader Custom children"},{"ancestorTitles":["DrawerHeader component"],"failureMessages":[],"fullName":"DrawerHeader component should custom children prevail over the properties","location":null,"status":"passed","title":"should custom children prevail over the properties"}],"endTime":1590098336960,"message":"","name":"/Users/la.vinicius.ponciano/Projects/Natura/natds-js/packages/web/src/__tests__/DrawerHeader.spec.tsx","startTime":1590098335908,"status":"passed","summary":""},{"assertionResults":[{"ancestorTitles":["Chip component"],"failureMessages":[],"fullName":"Chip component Chip calls onDelete","location":null,"status":"passed","title":"Chip calls onDelete"},{"ancestorTitles":["Chip component"],"failureMessages":[],"fullName":"Chip component should match snapshot - Any valid Chip with primary color","location":null,"status":"passed","title":"should match snapshot - Any valid Chip with primary color"},{"ancestorTitles":["Chip component"],"failureMessages":[],"fullName":"Chip component should match snapshot - Any valid Chip with secondary color","location":null,"status":"passed","title":"should match snapshot - Any valid Chip with secondary color"},{"ancestorTitles":["Chip component"],"failureMessages":[],"fullName":"Chip component should match snapshot - Any valid Chip with default color","location":null,"status":"passed","title":"should match snapshot - Any valid Chip with default color"},{"ancestorTitles":["Chip component"],"failureMessages":[],"fullName":"Chip component should match snapshot - Any valid Chip with small size","location":null,"status":"passed","title":"should match snapshot - Any valid Chip with small size"},{"ancestorTitles":["Chip component"],"failureMessages":[],"fullName":"Chip component should match snapshot - Any valid Chip with medium size","location":null,"status":"passed","title":"should match snapshot - Any valid Chip with medium size"},{"ancestorTitles":["Chip component"],"failureMessages":[],"fullName":"Chip component should match snapshot - Any valid Chip with default variant","location":null,"status":"passed","title":"should match snapshot - Any valid Chip with default variant"},{"ancestorTitles":["Chip component"],"failureMessages":[],"fullName":"Chip component should match snapshot - Any valid Chip with outlined variant","location":null,"status":"passed","title":"should match snapshot - Any valid Chip with outlined variant"},{"ancestorTitles":["Chip component"],"failureMessages":[],"fullName":"Chip component should match snapshot - Any valid Chip with Avatar","location":null,"status":"passed","title":"should match snapshot - Any valid Chip with Avatar"},{"ancestorTitles":["Chip component"],"failureMessages":[],"fullName":"Chip component should match snapshot - Any valid Chip with Icon","location":null,"status":"passed","title":"should match snapshot - Any valid Chip with Icon"},{"ancestorTitles":["Chip component"],"failureMessages":[],"fullName":"Chip component should match snapshot - Any valid Chip with default deleteIcon","location":null,"status":"passed","title":"should match snapshot - Any valid Chip with default deleteIcon"},{"ancestorTitles":["Chip component"],"failureMessages":[],"fullName":"Chip component should match snapshot - Any valid Chip with custom deleteIcon","location":null,"status":"passed","title":"should match snapshot - Any valid Chip with custom deleteIcon"}],"endTime":1590098337376,"message":"","name":"/Users/la.vinicius.ponciano/Projects/Natura/natds-js/packages/web/src/__tests__/Chip.spec.tsx","startTime":1590098336236,"status":"passed","summary":""},{"assertionResults":[{"ancestorTitles":["ButtonGroup component","rendering sizes"],"failureMessages":[],"fullName":"ButtonGroup component rendering sizes should match snapshot - Size Small","location":null,"status":"passed","title":"should match snapshot - Size Small"},{"ancestorTitles":["ButtonGroup component","rendering sizes"],"failureMessages":[],"fullName":"ButtonGroup component rendering sizes should match snapshot - Size Medium","location":null,"status":"passed","title":"should match snapshot - Size Medium"},{"ancestorTitles":["ButtonGroup component","rendering sizes"],"failureMessages":[],"fullName":"ButtonGroup component rendering sizes should match snapshot - Size Large","location":null,"status":"passed","title":"should match snapshot - Size Large"},{"ancestorTitles":["ButtonGroup component","rendering variants"],"failureMessages":[],"fullName":"ButtonGroup component rendering variants should match snapshot - Low emphasis button (variant text)","location":null,"status":"passed","title":"should match snapshot - Low emphasis button (variant text)"},{"ancestorTitles":["ButtonGroup component","rendering variants"],"failureMessages":[],"fullName":"ButtonGroup component rendering variants should match snapshot - Medium emphasis button (variant outlined)","location":null,"status":"passed","title":"should match snapshot - Medium emphasis button (variant outlined)"},{"ancestorTitles":["ButtonGroup component","rendering variants"],"failureMessages":[],"fullName":"ButtonGroup component rendering variants should match snapshot - High emphasis button (variant contained)","location":null,"status":"passed","title":"should match snapshot - High emphasis button (variant contained)"}],"endTime":1590098337443,"message":"","name":"/Users/la.vinicius.ponciano/Projects/Natura/natds-js/packages/web/src/__tests__/ButtonGroup.spec.tsx","startTime":1590098336668,"status":"passed","summary":""},{"assertionResults":[{"ancestorTitles":["SnackbarContent Component","Rendering"],"failureMessages":[],"fullName":"SnackbarContent Component Rendering should match to snapshot - SnackbarContent default","location":null,"status":"passed","title":"should match to snapshot - SnackbarContent default"},{"ancestorTitles":["SnackbarContent Component","Rendering"],"failureMessages":[],"fullName":"SnackbarContent Component Rendering should match to snapshot - SnackbarContent default with custom theme","location":null,"status":"passed","title":"should match to snapshot - SnackbarContent default with custom theme"},{"ancestorTitles":["SnackbarContent Component","Rendering"],"failureMessages":[],"fullName":"SnackbarContent Component Rendering should match to snapshot - SnackbarContent default with colors","location":null,"status":"passed","title":"should match to snapshot - SnackbarContent default with colors"}],"endTime":1590098337496,"message":"","name":"/Users/la.vinicius.ponciano/Projects/Natura/natds-js/packages/web/src/__tests__/SnackbarContent.spec.tsx","startTime":1590098336634,"status":"passed","summary":""},{"assertionResults":[{"ancestorTitles":["Toolbar component","rendering"],"failureMessages":[],"fullName":"Toolbar component rendering it should match default snapshot","location":null,"status":"passed","title":"it should match default snapshot"}],"endTime":1590098337579,"message":"","name":"/Users/la.vinicius.ponciano/Projects/Natura/natds-js/packages/web/src/__tests__/Toolbar.spec.tsx","startTime":1590098336494,"status":"passed","summary":""},{"assertionResults":[{"ancestorTitles":["Alert component","rendering"],"failureMessages":[],"fullName":"Alert component rendering it should match default snapshot","location":null,"status":"passed","title":"it should match default snapshot"},{"ancestorTitles":["Alert component","rendering"],"failureMessages":[],"fullName":"Alert component rendering it should match default snapshot","location":null,"status":"passed","title":"it should match default snapshot"},{"ancestorTitles":["Alert component","rendering"],"failureMessages":[],"fullName":"Alert component rendering it should match default snapshot","location":null,"status":"passed","title":"it should match default snapshot"},{"ancestorTitles":["Alert component","rendering"],"failureMessages":[],"fullName":"Alert component rendering it should match default snapshot","location":null,"status":"passed","title":"it should match default snapshot"}],"endTime":1590098337661,"message":"","name":"/Users/la.vinicius.ponciano/Projects/Natura/natds-js/packages/web/src/__tests__/Alert.spec.tsx","startTime":1590098336460,"status":"passed","summary":""},{"assertionResults":[{"ancestorTitles":["ContextualBadge component","rendering"],"failureMessages":[],"fullName":"ContextualBadge component rendering it should render each color","location":null,"status":"passed","title":"it should render each color"},{"ancestorTitles":["ContextualBadge component","rendering"],"failureMessages":[],"fullName":"ContextualBadge component rendering it should render each type","location":null,"status":"passed","title":"it should render each type"},{"ancestorTitles":["ContextualBadge component","rendering"],"failureMessages":[],"fullName":"ContextualBadge component rendering it should render the default color and default type","location":null,"status":"passed","title":"it should render the default color and default type"},{"ancestorTitles":["ContextualBadge component","rendering"],"failureMessages":[],"fullName":"ContextualBadge component rendering it should render according to theme","location":null,"status":"passed","title":"it should render according to theme"}],"endTime":1590098337767,"message":"","name":"/Users/la.vinicius.ponciano/Projects/Natura/natds-js/packages/web/src/__tests__/ContextualBadge.spec.tsx","startTime":1590098336571,"status":"passed","summary":""},{"assertionResults":[{"ancestorTitles":["Link component"],"failureMessages":[],"fullName":"Link component should match snapshot - Any valid Link with error color","location":null,"status":"passed","title":"should match snapshot - Any valid Link with error color"},{"ancestorTitles":["Link component"],"failureMessages":[],"fullName":"Link component should match snapshot - Any valid Link with inherit color","location":null,"status":"passed","title":"should match snapshot - Any valid Link with inherit color"},{"ancestorTitles":["Link component"],"failureMessages":[],"fullName":"Link component should match snapshot - Any valid Link with primary color","location":null,"status":"passed","title":"should match snapshot - Any valid Link with primary color"},{"ancestorTitles":["Link component"],"failureMessages":[],"fullName":"Link component should match snapshot - Any valid Link with secondary color","location":null,"status":"passed","title":"should match snapshot - Any valid Link with secondary color"},{"ancestorTitles":["Link component"],"failureMessages":[],"fullName":"Link component should match snapshot - Any valid Link with textPrimary color","location":null,"status":"passed","title":"should match snapshot - Any valid Link with textPrimary color"},{"ancestorTitles":["Link component"],"failureMessages":[],"fullName":"Link component should match snapshot - Any valid Link with textSecondary color","location":null,"status":"passed","title":"should match snapshot - Any valid Link with textSecondary color"},{"ancestorTitles":["Link component"],"failureMessages":[],"fullName":"Link component should match snapshot - Any valid Link with none underline","location":null,"status":"passed","title":"should match snapshot - Any valid Link with none underline"},{"ancestorTitles":["Link component"],"failureMessages":[],"fullName":"Link component should match snapshot - Any valid Link with hover underline","location":null,"status":"passed","title":"should match snapshot - Any valid Link with hover underline"},{"ancestorTitles":["Link component"],"failureMessages":[],"fullName":"Link component should match snapshot - Any valid Link with always underline","location":null,"status":"passed","title":"should match snapshot - Any valid Link with always underline"},{"ancestorTitles":["Link component"],"failureMessages":[],"fullName":"Link component should match snapshot - Any valid Link with h1 variant","location":null,"status":"passed","title":"should match snapshot - Any valid Link with h1 variant"},{"ancestorTitles":["Link component"],"failureMessages":[],"fullName":"Link component should match snapshot - Any valid Link with h2 variant","location":null,"status":"passed","title":"should match snapshot - Any valid Link with h2 variant"},{"ancestorTitles":["Link component"],"failureMessages":[],"fullName":"Link component should match snapshot - Any valid Link with h3 variant","location":null,"status":"passed","title":"should match snapshot - Any valid Link with h3 variant"},{"ancestorTitles":["Link component"],"failureMessages":[],"fullName":"Link component should match snapshot - Any valid Link with h4 variant","location":null,"status":"passed","title":"should match snapshot - Any valid Link with h4 variant"},{"ancestorTitles":["Link component"],"failureMessages":[],"fullName":"Link component should match snapshot - Any valid Link with h5 variant","location":null,"status":"passed","title":"should match snapshot - Any valid Link with h5 variant"},{"ancestorTitles":["Link component"],"failureMessages":[],"fullName":"Link component should match snapshot - Any valid Link with h6 variant","location":null,"status":"passed","title":"should match snapshot - Any valid Link with h6 variant"},{"ancestorTitles":["Link component"],"failureMessages":[],"fullName":"Link component should match snapshot - Any valid Link with subtitle1 variant","location":null,"status":"passed","title":"should match snapshot - Any valid Link with subtitle1 variant"},{"ancestorTitles":["Link component"],"failureMessages":[],"fullName":"Link component should match snapshot - Any valid Link with subtitle2 variant","location":null,"status":"passed","title":"should match snapshot - Any valid Link with subtitle2 variant"},{"ancestorTitles":["Link component"],"failureMessages":[],"fullName":"Link component should match snapshot - Any valid Link with body1 variant","location":null,"status":"passed","title":"should match snapshot - Any valid Link with body1 variant"},{"ancestorTitles":["Link component"],"failureMessages":[],"fullName":"Link component should match snapshot - Any valid Link with body2 variant","location":null,"status":"passed","title":"should match snapshot - Any valid Link with body2 variant"},{"ancestorTitles":["Link component"],"failureMessages":[],"fullName":"Link component should match snapshot - Any valid Link with caption variant","location":null,"status":"passed","title":"should match snapshot - Any valid Link with caption variant"},{"ancestorTitles":["Link component"],"failureMessages":[],"fullName":"Link component should match snapshot - Any valid Link with button variant","location":null,"status":"passed","title":"should match snapshot - Any valid Link with button variant"},{"ancestorTitles":["Link component"],"failureMessages":[],"fullName":"Link component should match snapshot - Any valid Link with overline variant","location":null,"status":"passed","title":"should match snapshot - Any valid Link with overline variant"},{"ancestorTitles":["Link component"],"failureMessages":[],"fullName":"Link component should match snapshot - Any valid Link with srOnly variant","location":null,"status":"passed","title":"should match snapshot - Any valid Link with srOnly variant"},{"ancestorTitles":["Link component"],"failureMessages":[],"fullName":"Link component should match snapshot - Any valid Link with inherit variant","location":null,"status":"passed","title":"should match snapshot - Any valid Link with inherit variant"}],"endTime":1590098337788,"message":"","name":"/Users/la.vinicius.ponciano/Projects/Natura/natds-js/packages/web/src/__tests__/Link.spec.tsx","startTime":1590098336513,"status":"passed","summary":""},{"assertionResults":[{"ancestorTitles":["IconButton component","rendering sizes"],"failureMessages":[],"fullName":"IconButton component rendering sizes should match snapshot - Size Small","location":null,"status":"passed","title":"should match snapshot - Size Small"},{"ancestorTitles":["IconButton component","rendering sizes"],"failureMessages":[],"fullName":"IconButton component rendering sizes should match snapshot - Size Medium","location":null,"status":"passed","title":"should match snapshot - Size Medium"},{"ancestorTitles":["IconButton component","interaction"],"failureMessages":[],"fullName":"IconButton component interaction should call onClick","location":null,"status":"passed","title":"should call onClick"}],"endTime":1590098337814,"message":"","name":"/Users/la.vinicius.ponciano/Projects/Natura/natds-js/packages/web/src/__tests__/IconButton.spec.tsx","startTime":1590098336690,"status":"passed","summary":""},{"assertionResults":[{"ancestorTitles":["Avatar component","rendering variants"],"failureMessages":[],"fullName":"Avatar component rendering variants should match snapshot - Avatar (variant circle)","location":null,"status":"passed","title":"should match snapshot - Avatar (variant circle)"},{"ancestorTitles":["Avatar component","rendering variants"],"failureMessages":[],"fullName":"Avatar component rendering variants should match snapshot - Avatar (variant rounded)","location":null,"status":"passed","title":"should match snapshot - Avatar (variant rounded)"},{"ancestorTitles":["Avatar component","rendering variants"],"failureMessages":[],"fullName":"Avatar component rendering variants should match snapshot - Avatar (variant square)","location":null,"status":"passed","title":"should match snapshot - Avatar (variant square)"},{"ancestorTitles":["Avatar component","rendering avatars types"],"failureMessages":[],"fullName":"Avatar component rendering avatars types should match snapshot - Avatar with initials","location":null,"status":"passed","title":"should match snapshot - Avatar with initials"},{"ancestorTitles":["Avatar component","rendering avatars types"],"failureMessages":[],"fullName":"Avatar component rendering avatars types should match snapshot - Avatar with icon","location":null,"status":"passed","title":"should match snapshot - Avatar with icon"},{"ancestorTitles":["Avatar component","rendering avatars types"],"failureMessages":[],"fullName":"Avatar component rendering avatars types should match snapshot - Avatar with image","location":null,"status":"passed","title":"should match snapshot - Avatar with image"},{"ancestorTitles":["Avatar component","rendering avatars sizes"],"failureMessages":[],"fullName":"Avatar component rendering avatars sizes should match snapshot - Avatar Size tiny","location":null,"status":"passed","title":"should match snapshot - Avatar Size tiny"},{"ancestorTitles":["Avatar component","rendering avatars sizes"],"failureMessages":[],"fullName":"Avatar component rendering avatars sizes should match snapshot - Avatar Size small","location":null,"status":"passed","title":"should match snapshot - Avatar Size small"},{"ancestorTitles":["Avatar component","rendering avatars sizes"],"failureMessages":[],"fullName":"Avatar component rendering avatars sizes should match snapshot - Avatar Size standard","location":null,"status":"passed","title":"should match snapshot - Avatar Size standard"},{"ancestorTitles":["Avatar component","rendering avatars sizes"],"failureMessages":[],"fullName":"Avatar component rendering avatars sizes should match snapshot - Avatar Size large","location":null,"status":"passed","title":"should match snapshot - Avatar Size large"},{"ancestorTitles":["Avatar component","rendering avatars sizes"],"failureMessages":[],"fullName":"Avatar component rendering avatars sizes should match snapshot - Avatar Size huge","location":null,"status":"passed","title":"should match snapshot - Avatar Size huge"},{"ancestorTitles":["Avatar component","rendering avatars sizes"],"failureMessages":[],"fullName":"Avatar component rendering avatars sizes should not apply width and height if without theme","location":null,"status":"passed","title":"should not apply width and height if without theme"},{"ancestorTitles":["Avatar component","rendering avatars sizes"],"failureMessages":[],"fullName":"Avatar component rendering avatars sizes should not apply size if without the prop","location":null,"status":"passed","title":"should not apply size if without the prop"},{"ancestorTitles":["Avatar component","rendering avatars colors"],"failureMessages":[],"fullName":"Avatar component rendering avatars colors should match snapshot - Avatar Color primary","location":null,"status":"passed","title":"should match snapshot - Avatar Color primary"},{"ancestorTitles":["Avatar component","rendering avatars colors"],"failureMessages":[],"fullName":"Avatar component rendering avatars colors should match snapshot - Avatar Color secondary","location":null,"status":"passed","title":"should match snapshot - Avatar Color secondary"},{"ancestorTitles":["Avatar component","rendering avatars colors"],"failureMessages":[],"fullName":"Avatar component rendering avatars colors should match snapshot - Avatar Color default","location":null,"status":"passed","title":"should match snapshot - Avatar Color default"},{"ancestorTitles":["Avatar component","rendering avatars colors"],"failureMessages":[],"fullName":"Avatar component rendering avatars colors should not apply background if without theme","location":null,"status":"passed","title":"should not apply background if without theme"},{"ancestorTitles":["Avatar component","rendering avatars colors"],"failureMessages":[],"fullName":"Avatar component rendering avatars colors should not apply color if without the prop","location":null,"status":"passed","title":"should not apply color if without the prop"}],"endTime":1590098337907,"message":"","name":"/Users/la.vinicius.ponciano/Projects/Natura/natds-js/packages/web/src/__tests__/Avatar.spec.tsx","startTime":1590098336978,"status":"passed","summary":""},{"assertionResults":[{"ancestorTitles":["Button component","rendering sizes"],"failureMessages":[],"fullName":"Button component rendering sizes should match snapshot - Size Small","location":null,"status":"passed","title":"should match snapshot - Size Small"},{"ancestorTitles":["Button component","rendering sizes"],"failureMessages":[],"fullName":"Button component rendering sizes should match snapshot - Size Medium","location":null,"status":"passed","title":"should match snapshot - Size Medium"},{"ancestorTitles":["Button component","rendering sizes"],"failureMessages":[],"fullName":"Button component rendering sizes should match snapshot - Size Large","location":null,"status":"passed","title":"should match snapshot - Size Large"},{"ancestorTitles":["Button component","rendering variants"],"failureMessages":[],"fullName":"Button component rendering variants should match snapshot - Low emphasis button (variant text)","location":null,"status":"passed","title":"should match snapshot - Low emphasis button (variant text)"},{"ancestorTitles":["Button component","rendering variants"],"failureMessages":[],"fullName":"Button component rendering variants should match snapshot - Medium emphasis button (variant outlined)","location":null,"status":"passed","title":"should match snapshot - Medium emphasis button (variant outlined)"},{"ancestorTitles":["Button component","rendering variants"],"failureMessages":[],"fullName":"Button component rendering variants should match snapshot - High emphasis button (variant contained)","location":null,"status":"passed","title":"should match snapshot - High emphasis button (variant contained)"},{"ancestorTitles":["Button component","interaction"],"failureMessages":[],"fullName":"Button component interaction should call onClick","location":null,"status":"passed","title":"should call onClick"}],"endTime":1590098337966,"message":"","name":"/Users/la.vinicius.ponciano/Projects/Natura/natds-js/packages/web/src/__tests__/Button.spec.tsx","startTime":1590098336880,"status":"passed","summary":""},{"assertionResults":[{"ancestorTitles":["TextField component","rendering state"],"failureMessages":[],"fullName":"TextField component rendering state should match snapshot - TextField (default)","location":null,"status":"passed","title":"should match snapshot - TextField (default)"},{"ancestorTitles":["TextField component","rendering state"],"failureMessages":[],"fullName":"TextField component rendering state should match snapshot - TextField (default without placeholder)","location":null,"status":"passed","title":"should match snapshot - TextField (default without placeholder)"},{"ancestorTitles":["TextField component","rendering state"],"failureMessages":[],"fullName":"TextField component rendering state should match snapshot - TextField (default hover)","location":null,"status":"passed","title":"should match snapshot - TextField (default hover)"},{"ancestorTitles":["TextField component","rendering state"],"failureMessages":[],"fullName":"TextField component rendering state should match snapshot - TextField (default focus)","location":null,"status":"passed","title":"should match snapshot - TextField (default focus)"},{"ancestorTitles":["TextField component","rendering state"],"failureMessages":[],"fullName":"TextField component rendering state should match snapshot - TextField (filled)","location":null,"status":"passed","title":"should match snapshot - TextField (filled)"},{"ancestorTitles":["TextField component","rendering state"],"failureMessages":[],"fullName":"TextField component rendering state should match snapshot - TextField (filled hover)","location":null,"status":"passed","title":"should match snapshot - TextField (filled hover)"},{"ancestorTitles":["TextField component","rendering state"],"failureMessages":[],"fullName":"TextField component rendering state should match snapshot - TextField (filled focus)","location":null,"status":"passed","title":"should match snapshot - TextField (filled focus)"},{"ancestorTitles":["TextField component","rendering state"],"failureMessages":[],"fullName":"TextField component rendering state should match snapshot - TextField (success)","location":null,"status":"passed","title":"should match snapshot - TextField (success)"},{"ancestorTitles":["TextField component","rendering state"],"failureMessages":[],"fullName":"TextField component rendering state should match snapshot - TextField (success hover)","location":null,"status":"passed","title":"should match snapshot - TextField (success hover)"},{"ancestorTitles":["TextField component","rendering state"],"failureMessages":[],"fullName":"TextField component rendering state should match snapshot - TextField (success focus)","location":null,"status":"passed","title":"should match snapshot - TextField (success focus)"},{"ancestorTitles":["TextField component","rendering state"],"failureMessages":[],"fullName":"TextField component rendering state should match snapshot - TextField (error)","location":null,"status":"passed","title":"should match snapshot - TextField (error)"},{"ancestorTitles":["TextField component","rendering state"],"failureMessages":[],"fullName":"TextField component rendering state should match snapshot - TextField (error hover)","location":null,"status":"passed","title":"should match snapshot - TextField (error hover)"},{"ancestorTitles":["TextField component","rendering state"],"failureMessages":[],"fullName":"TextField component rendering state should match snapshot - TextField (error focus)","location":null,"status":"passed","title":"should match snapshot - TextField (error focus)"},{"ancestorTitles":["TextField component","rendering state"],"failureMessages":[],"fullName":"TextField component rendering state should match snapshot - TextField (required)","location":null,"status":"passed","title":"should match snapshot - TextField (required)"},{"ancestorTitles":["TextField component","rendering state"],"failureMessages":[],"fullName":"TextField component rendering state should match snapshot - TextField (required without label)","location":null,"status":"passed","title":"should match snapshot - TextField (required without label)"},{"ancestorTitles":["TextField component","rendering state"],"failureMessages":[],"fullName":"TextField component rendering state should match snapshot - TextField (disabled)","location":null,"status":"passed","title":"should match snapshot - TextField (disabled)"},{"ancestorTitles":["TextField component","rendering state"],"failureMessages":[],"fullName":"TextField component rendering state should match snapshot - TextField (disabled hover)","location":null,"status":"passed","title":"should match snapshot - TextField (disabled hover)"},{"ancestorTitles":["TextField component","rendering state"],"failureMessages":[],"fullName":"TextField component rendering state should match snapshot - TextField (disabled focus)","location":null,"status":"passed","title":"should match snapshot - TextField (disabled focus)"},{"ancestorTitles":["TextField component","rendering state"],"failureMessages":[],"fullName":"TextField component rendering state should match snapshot - TextField (multiline)","location":null,"status":"passed","title":"should match snapshot - TextField (multiline)"},{"ancestorTitles":["TextField component","rendering state"],"failureMessages":[],"fullName":"TextField component rendering state should match snapshot - TextField (custom icon)","location":null,"status":"passed","title":"should match snapshot - TextField (custom icon)"},{"ancestorTitles":["TextField component","rendering state"],"failureMessages":[],"fullName":"TextField component rendering state should match snapshot - TextField (custom icon with action)","location":null,"status":"passed","title":"should match snapshot - TextField (custom icon with action)"},{"ancestorTitles":["TextField component","rendering state"],"failureMessages":[],"fullName":"TextField component rendering state should match snapshot - TextField (mask)","location":null,"status":"passed","title":"should match snapshot - TextField (mask)"},{"ancestorTitles":["TextField component","rendering state"],"failureMessages":[],"fullName":"TextField component rendering state should match snapshot - TextField (theme change)","location":null,"status":"passed","title":"should match snapshot - TextField (theme change)"},{"ancestorTitles":["TextField component","rendering state"],"failureMessages":[],"fullName":"TextField component rendering state should match snapshot - TextField (property forwarded)","location":null,"status":"passed","title":"should match snapshot - TextField (property forwarded)"},{"ancestorTitles":["TextField component","rendering state"],"failureMessages":[],"fullName":"TextField component rendering state should match snapshot - TextField (default with empty theme)","location":null,"status":"passed","title":"should match snapshot - TextField (default with empty theme)"}],"endTime":1590098338073,"message":"","name":"/Users/la.vinicius.ponciano/Projects/Natura/natds-js/packages/web/src/__tests__/TextField.spec.tsx","startTime":1590098336262,"status":"passed","summary":""},{"assertionResults":[{"ancestorTitles":["ToggleButton component","rendering sizes"],"failureMessages":[],"fullName":"ToggleButton component rendering sizes should match snapshot - Size Small","location":null,"status":"passed","title":"should match snapshot - Size Small"},{"ancestorTitles":["ToggleButton component","rendering sizes"],"failureMessages":[],"fullName":"ToggleButton component rendering sizes should match snapshot - Size Medium","location":null,"status":"passed","title":"should match snapshot - Size Medium"},{"ancestorTitles":["ToggleButton component","rendering colors"],"failureMessages":[],"fullName":"ToggleButton component rendering colors should match snapshot - Color Primary","location":null,"status":"passed","title":"should match snapshot - Color Primary"},{"ancestorTitles":["ToggleButton component","rendering colors"],"failureMessages":[],"fullName":"ToggleButton component rendering colors should match snapshot - Color Secondary","location":null,"status":"passed","title":"should match snapshot - Color Secondary"},{"ancestorTitles":["ToggleButton component","rendering colors"],"failureMessages":[],"fullName":"ToggleButton component rendering colors should match snapshot - Color Default","location":null,"status":"passed","title":"should match snapshot - Color Default"},{"ancestorTitles":["ToggleButton component","rendering attributes"],"failureMessages":[],"fullName":"ToggleButton component rendering attributes should match snapshot - Disabled","location":null,"status":"passed","title":"should match snapshot - Disabled"},{"ancestorTitles":["ToggleButton component","interaction"],"failureMessages":[],"fullName":"ToggleButton component interaction should call onClick callback","location":null,"status":"passed","title":"should call onClick callback"},{"ancestorTitles":["ToggleButton component","interaction"],"failureMessages":[],"fullName":"ToggleButton component interaction should start checked","location":null,"status":"passed","title":"should start checked"},{"ancestorTitles":["ToggleButton component","interaction"],"failureMessages":[],"fullName":"ToggleButton component interaction should toggle the state icon accordingly","location":null,"status":"passed","title":"should toggle the state icon accordingly"}],"endTime":1590098338240,"message":"","name":"/Users/la.vinicius.ponciano/Projects/Natura/natds-js/packages/web/src/__tests__/ToggleButton.spec.tsx","startTime":1590098337387,"status":"passed","summary":""},{"assertionResults":[{"ancestorTitles":["Snackbar Component","Rendering"],"failureMessages":[],"fullName":"Snackbar Component Rendering should match to snapshot - Snackbar default","location":null,"status":"passed","title":"should match to snapshot - Snackbar default"}],"endTime":1590098338409,"message":"","name":"/Users/la.vinicius.ponciano/Projects/Natura/natds-js/packages/web/src/__tests__/Snackbar.spec.tsx","startTime":1590098337792,"status":"passed","summary":""},{"assertionResults":[{"ancestorTitles":["Tooltip component"],"failureMessages":[],"fullName":"Tooltip component should match snapshot - Any valid Tooltip with bottom-end placement","location":null,"status":"passed","title":"should match snapshot - Any valid Tooltip with bottom-end placement"},{"ancestorTitles":["Tooltip component"],"failureMessages":[],"fullName":"Tooltip component should match snapshot - Any valid Tooltip with bottom-start placement","location":null,"status":"passed","title":"should match snapshot - Any valid Tooltip with bottom-start placement"},{"ancestorTitles":["Tooltip component"],"failureMessages":[],"fullName":"Tooltip component should match snapshot - Any valid Tooltip with bottom placement","location":null,"status":"passed","title":"should match snapshot - Any valid Tooltip with bottom placement"},{"ancestorTitles":["Tooltip component"],"failureMessages":[],"fullName":"Tooltip component should match snapshot - Any valid Tooltip with left-end placement","location":null,"status":"passed","title":"should match snapshot - Any valid Tooltip with left-end placement"},{"ancestorTitles":["Tooltip component"],"failureMessages":[],"fullName":"Tooltip component should match snapshot - Any valid Tooltip with left-start placement","location":null,"status":"passed","title":"should match snapshot - Any valid Tooltip with left-start placement"},{"ancestorTitles":["Tooltip component"],"failureMessages":[],"fullName":"Tooltip component should match snapshot - Any valid Tooltip with left placement","location":null,"status":"passed","title":"should match snapshot - Any valid Tooltip with left placem
[...]
":["Radio component","rendering"],"failureMessages":[],"fullName":"Radio component rendering should match to snapshot - Disabled","location":null,"status":"passed","title":"should match to snapshot - Disabled"}],"endTime":1590098338448,"message":"","name":"/Users/la.vinicius.ponciano/Projects/Natura/natds-js/packages/web/src/__tests__/Radio.spec.tsx","startTime":1590098337671,"status":"passed","summary":""},{"assertionResults":[{"ancestorTitles":["Checkbox component","rendering"],"failureMessages":[],"fullName":"Checkbox component rendering should match to snapshot - Default","location":null,"status":"passed","title":"should match to snapshot - Default"},{"ancestorTitles":["Checkbox component","rendering"],"failureMessages":[],"fullName":"Checkbox component rendering should match to snapshot - Color","location":null,"status":"passed","title":"should match to snapshot - Color"},{"ancestorTitles":["Checkbox component","rendering"],"failureMessages":[],"fullName":"Checkbox component rendering should match to snapshot - Checked","location":null,"status":"passed","title":"should match to snapshot - Checked"},{"ancestorTitles":["Checkbox component","rendering"],"failureMessages":[],"fullName":"Checkbox component rendering should match to snapshot - Disabled","location":null,"status":"passed","title":"should match to snapshot - Disabled"}],"endTime":1590098338532,"message":"","name":"/Users/la.vinicius.ponciano/Projects/Natura/natds-js/packages/web/src/__tests__/Checkbox.spec.tsx","startTime":1590098337796,"status":"passed","summary":""},{"assertionResults":[{"ancestorTitles":["Switch component","rendering"],"failureMessages":[],"fullName":"Switch component rendering should match to snapshot - Default","location":null,"status":"passed","title":"should match to snapshot - Default"},{"ancestorTitles":["Switch component","rendering"],"failureMessages":[],"fullName":"Switch component rendering should match to snapshot - Color","location":null,"status":"passed","title":"should match to snapshot - Color"},{"ancestorTitles":["Switch component","rendering"],"failureMessages":[],"fullName":"Switch component rendering should match to snapshot - Checked","location":null,"status":"passed","title":"should match to snapshot - Checked"},{"ancestorTitles":["Switch component","rendering"],"failureMessages":[],"fullName":"Switch component rendering should match to snapshot - Disabled","location":null,"status":"passed","title":"should match to snapshot - Disabled"}],"endTime":1590098338559,"message":"","name":"/Users/la.vinicius.ponciano/Projects/Natura/natds-js/packages/web/src/__tests__/Switch.spec.tsx","startTime":1590098337821,"status":"passed","summary":""},{"assertionResults":[{"ancestorTitles":["Paper components","rendering variants"],"failureMessages":[],"fullName":"Paper components rendering variants should match to snapshot - default Paper","location":null,"status":"passed","title":"should match to snapshot - default Paper"},{"ancestorTitles":["Paper components","rendering variants"],"failureMessages":[],"fullName":"Paper components rendering variants should match to snapshot - with elevation","location":null,"status":"passed","title":"should match to snapshot - with elevation"},{"ancestorTitles":["Paper components","rendering variants"],"failureMessages":[],"fullName":"Paper components rendering variants should match to snapshot - with variant outlined","location":null,"status":"passed","title":"should match to snapshot - with variant outlined"},{"ancestorTitles":["Paper components","rendering variants"],"failureMessages":[],"fullName":"Paper components rendering variants should match to snapshot - with variant outlined square","location":null,"status":"passed","title":"should match to snapshot - with variant outlined square"}],"endTime":1590098338561,"message":"","name":"/Users/la.vinicius.ponciano/Projects/Natura/natds-js/packages/web/src/__tests__/Paper.spec.tsx","startTime":1590098337513,"status":"passed","summary":""},{"assertionResults":[{"ancestorTitles":["Badge component"],"failureMessages":[],"fullName":"Badge component should match snapshot - Any valid Badge with default color","location":null,"status":"passed","title":"should match snapshot - Any valid Badge with default color"},{"ancestorTitles":["Badge component"],"failureMessages":[],"fullName":"Badge component should match snapshot - Any valid Badge with error color","location":null,"status":"passed","title":"should match snapshot - Any valid Badge with error color"},{"ancestorTitles":["Badge component"],"failureMessages":[],"fullName":"Badge component should match snapshot - Any valid Badge with primary color","location":null,"status":"passed","title":"should match snapshot - Any valid Badge with primary color"},{"ancestorTitles":["Badge component"],"failureMessages":[],"fullName":"Badge component should match snapshot - Any valid Badge with secondary color","location":null,"status":"passed","title":"should match snapshot - Any valid Badge with secondary color"},{"ancestorTitles":["Badge component"],"failureMessages":[],"fullName":"Badge component should match snapshot - Any valid Badge with [object Object] anchor","location":null,"status":"passed","title":"should match snapshot - Any valid Badge with [object Object] anchor"},{"ancestorTitles":["Badge component"],"failureMessages":[],"fullName":"Badge component should match snapshot - Any valid Badge with [object Object] anchor","location":null,"status":"passed","title":"should match snapshot - Any valid Badge with [object Object] anchor"},{"ancestorTitles":["Badge component"],"failureMessages":[],"fullName":"Badge component should match snapshot - Any valid Badge with [object Object] anchor","location":null,"status":"passed","title":"should match snapshot - Any valid Badge with [object Object] anchor"},{"ancestorTitles":["Badge component"],"failureMessages":[],"fullName":"Badge component should match snapshot - Any valid Badge with [object Object] anchor","location":null,"status":"passed","title":"should match snapshot - Any valid Badge with [object Object] anchor"},{"ancestorTitles":["Badge component"],"failureMessages":[],"fullName":"Badge component should match snapshot - Any valid Badge with dot variant","location":null,"status":"passed","title":"should match snapshot - Any valid Badge with dot variant"},{"ancestorTitles":["Badge component"],"failureMessages":[],"fullName":"Badge component should match snapshot - Any valid Badge with standard variant","location":null,"status":"passed","title":"should match snapshot - Any valid Badge with standard variant"},{"ancestorTitles":["Badge component"],"failureMessages":[],"fullName":"Badge component should match snapshot - Any valid Badge with circle overlap","location":null,"status":"passed","title":"should match snapshot - Any valid Badge with circle overlap"},{"ancestorTitles":["Badge component"],"failureMessages":[],"fullName":"Badge component should match snapshot - Any valid Badge with rectangle overlap","location":null,"status":"passed","title":"should match snapshot - Any valid Badge with rectangle overlap"}],"endTime":1590098338576,"message":"","name":"/Users/la.vinicius.ponciano/Projects/Natura/natds-js/packages/web/src/__tests__/Badge.spec.tsx","startTime":1590098337914,"status":"passed","summary":""},{"assertionResults":[{"ancestorTitles":["TextField SearchClear component"],"failureMessages":[],"fullName":"TextField SearchClear component should render received Icon","location":null,"status":"passed","title":"should render received Icon"},{"ancestorTitles":["TextField SearchClear component"],"failureMessages":[],"fullName":"TextField SearchClear component should render default Icon","location":null,"status":"passed","title":"should render default Icon"},{"ancestorTitles":["TextField SearchClear component"],"failureMessages":[],"fullName":"TextField SearchClear component should call onClearSearch callback after click","location":null,"status":"passed","title":"should call onClearSearch callback after click"}],"endTime":1590098338679,"message":"","name":"/Users/la.vinicius.ponciano/Projects/Natura/natds-js/packages/web/src/__tests__/TextField.SearchClear.spec.tsx","startTime":1590098337590,"status":"passed","summary":""},{"assertionResults":[{"ancestorTitles":["Circular Progress components","rendering variants"],"failureMessages":[],"fullName":"Circular Progress components rendering variants should match to snapshot - empty LinearProgress","location":null,"status":"passed","title":"should match to snapshot - empty LinearProgress"},{"ancestorTitles":["Circular Progress components","rendering variants"],"failureMessages":[],"fullName":"Circular Progress components rendering variants should match snapshot - with variant indeterminate","location":null,"status":"passed","title":"should match snapshot - with variant indeterminate"},{"ancestorTitles":["Circular Progress components","rendering variants"],"failureMessages":[],"fullName":"Circular Progress components rendering variants should match snapshot - with variant determinate","location":null,"status":"passed","title":"should match snapshot - with variant determinate"},{"ancestorTitles":["Circular Progress components","rendering variants"],"failureMessages":[],"fullName":"Circular Progress components rendering variants should match snapshot - with variant Buffer","location":null,"status":"passed","title":"should match snapshot - with variant Buffer"},{"ancestorTitles":["Circular Progress components","rendering variants"],"failureMessages":[],"fullName":"Circular Progress components rendering variants should match snapshot - with variant query","location":null,"status":"passed","title":"should match snapshot - with variant query"}],"endTime":1590098338798,"message":"","name":"/Users/la.vinicius.ponciano/Projects/Natura/natds-js/packages/web/src/__tests__/LinearProgress.spec.tsx","startTime":1590098338085,"status":"passed","summary":""},{"assertionResults":[{"ancestorTitles":["Provider component"],"failureMessages":[],"fullName":"Provider component It should have the natura theme","location":null,"status":"passed","title":"It should have the natura theme"},{"ancestorTitles":["Provider component"],"failureMessages":[],"fullName":"Provider component It should have the provided theme","location":null,"status":"passed","title":"It should have the provided theme"}],"endTime":1590098338855,"message":"","name":"/Users/la.vinicius.ponciano/Projects/Natura/natds-js/packages/web/src/__tests__/Provider.spec.tsx","startTime":1590098338008,"status":"passed","summary":""},{"assertionResults":[{"ancestorTitles":["TextField PasswordReveal component"],"failureMessages":[],"fullName":"TextField PasswordReveal component should render received showPasswordIcon","location":null,"status":"passed","title":"should render received showPasswordIcon"},{"ancestorTitles":["TextField PasswordReveal component"],"failureMessages":[],"fullName":"TextField PasswordReveal component should render received hidePasswordIcon","location":null,"status":"passed","title":"should render received hidePasswordIcon"},{"ancestorTitles":["TextField PasswordReveal component"],"failureMessages":[],"fullName":"TextField PasswordReveal component should render default showPasswordIcon","location":null,"status":"passed","title":"should render default showPasswordIcon"},{"ancestorTitles":["TextField PasswordReveal component"],"failureMessages":[],"fullName":"TextField PasswordReveal component should render default hidePasswordIcon","location":null,"status":"passed","title":"should render default hidePasswordIcon"},{"ancestorTitles":["TextField PasswordReveal component"],"failureMessages":[],"fullName":"TextField PasswordReveal component should call onTogglePasswordReveal callback after click","location":null,"status":"passed","title":"should call onTogglePasswordReveal callback after click"}],"endTime":1590098338975,"message":"","name":"/Users/la.vinicius.ponciano/Projects/Natura/natds-js/packages/web/src/__tests__/TextField.PasswordReveal.spec.tsx","startTime":1590098338249,"status":"passed","summary":""},{"assertionResults":[{"ancestorTitles":["Icon component"],"failureMessages":[],"fullName":"Icon component should match snapshot - Any valid Icon with standard size","location":null,"status":"passed","title":"should match snapshot - Any valid Icon with standard size"},{"ancestorTitles":["Icon component"],"failureMessages":[],"fullName":"Icon component should match snapshot - Any valid Icon with micro size","location":null,"status":"passed","title":"should match snapshot - Any valid Icon with micro size"},{"ancestorTitles":["Icon component"],"failureMessages":[],"fullName":"Icon component should match snapshot - Any valid Icon with tiny size","location":null,"status":"passed","title":"should match snapshot - Any valid Icon with tiny size"},{"ancestorTitles":["Icon component"],"failureMessages":[],"fullName":"Icon component should match snapshot - Any valid Icon with small size","location":null,"status":"passed","title":"should match snapshot - Any valid Icon with small size"},{"ancestorTitles":["Icon component"],"failureMessages":[],"fullName":"Icon component should match snapshot - Any valid Icon with standard size","location":null,"status":"passed","title":"should match snapshot - Any valid Icon with standard size"},{"ancestorTitles":["Icon component"],"failureMessages":[],"fullName":"Icon component should match snapshot - Any valid Icon with medium size","location":null,"status":"passed","title":"should match snapshot - Any valid Icon with medium size"},{"ancestorTitles":["Icon component"],"failureMessages":[],"fullName":"Icon component should match snapshot - Any valid Icon with large size","location":null,"status":"passed","title":"should match snapshot - Any valid Icon with large size"},{"ancestorTitles":["Icon component"],"failureMessages":[],"fullName":"Icon component should match snapshot - Any valid Icon with largex size","location":null,"status":"passed","title":"should match snapshot - Any valid Icon with largex size"},{"ancestorTitles":["Icon component"],"failureMessages":[],"fullName":"Icon component should match snapshot - Any valid Icon with largexx size","location":null,"status":"passed","title":"should match snapshot - Any valid Icon with largexx size"},{"ancestorTitles":["Icon component"],"failureMessages":[],"fullName":"Icon component should match snapshot - Any valid Icon with huge size","location":null,"status":"passed","title":"should match snapshot - Any valid Icon with huge size"},{"ancestorTitles":["Icon component"],"failureMessages":[],"fullName":"Icon component should match snapshot - Any valid Icon with hugex size","location":null,"status":"passed","title":"should match snapshot - Any valid Icon with hugex size"},{"ancestorTitles":["Icon component"],"failureMessages":[],"fullName":"Icon component should match snapshot - Any valid Icon with hugexx size","location":null,"status":"passed","title":"should match snapshot - Any valid Icon with hugexx size"},{"ancestorTitles":["Icon component"],"failureMessages":[],"fullName":"Icon component should match snapshot - Any valid Icon without theme","location":null,"status":"passed","title":"should match snapshot - Any valid Icon without theme"}],"endTime":1590098338998,"message":"","name":"/Users/la.vinicius.ponciano/Projects/Natura/natds-js/packages/web/src/__tests__/Icon.spec.tsx","startTime":1590098338443,"status":"passed","summary":""},{"assertionResults":[{"ancestorTitles":["Themes"],"failureMessages":[],"fullName":"Themes It should match the natura light theme snapshot","location":null,"status":"passed","title":"It should match the natura light theme snapshot"}],"endTime":1590098339035,"message":"","name":"/Users/la.vinicius.ponciano/Projects/Natura/natds-js/packages/web/src/__tests__/themes/natura/natura.spec.tsx","startTime":1590098338567,"status":"passed","summary":""},{"assertionResults":[{"ancestorTitles":["Divider component","rendering variants"],"failureMessages":[],"fullName":"Divider component rendering variants should match to snapshot - Variant FullWidth Default","location":null,"status":"passed","title":"should match to snapshot - Variant FullWidth Default"},{"ancestorTitles":["Divider component","rendering variants"],"failureMessages":[],"fullName":"Divider component rendering variants should match to snapshot - Variant Inset","location":null,"status":"passed","title":"should match to snapshot - Variant Inset"},{"ancestorTitles":["Divider component","rendering variants"],"failureMessages":[],"fullName":"Divider component rendering variants should match to snapshot - Variant Middle","location":null,"status":"passed","title":"should match to snapshot - Variant Middle"}],"endTime":1590098339040,"message":"","name":"/Users/la.vinicius.ponciano/Projects/Natura/natds-js/packages/web/src/__tests__/Divider.spec.tsx","startTime":1590098338464,"status":"passed","summary":""},{"assertionResults":[{"ancestorTitles":["GridContainer component"],"failureMessages":[],"fullName":"GridContainer component should match to snapshot","location":null,"status":"passed","title":"should match to snapshot"},{"ancestorTitles":["GridItem component"],"failureMessages":[],"fullName":"GridItem component should match to snapshot","location":null,"status":"passed","title":"should match to snapshot"}],"endTime":1590098339041,"message":"","name":"/Users/la.vinicius.ponciano/Projects/Natura/natds-js/packages/web/src/__tests__/Grid.spec.tsx","startTime":1590098338568,"status":"passed","summary":""},{"assertionResults":[{"ancestorTitles":["DrawerFooter component"],"failureMessages":[],"fullName":"DrawerFooter component should match snapshot - DrawerFooter Custom children","location":null,"status":"passed","title":"should match snapshot - DrawerFooter Custom children"},{"ancestorTitles":["DrawerFooter component"],"failureMessages":[],"fullName":"DrawerFooter component should match snapshot - DrawerFooter custom component","location":null,"status":"passed","title":"should match snapshot - DrawerFooter custom component"}],"endTime":1590098339059,"message":"","name":"/Users/la.vinicius.ponciano/Projects/Natura/natds-js/packages/web/src/__tests__/DrawerFooter.spec.tsx","startTime":1590098338427,"status":"passed","summary":""},{"assertionResults":[{"ancestorTitles":["Circular Progress components","rendering variants"],"failureMessages":[],"fullName":"Circular Progress components rendering variants should match to snapshot - empty CircularProgress","location":null,"status":"passed","title":"should match to snapshot - empty CircularProgress"},{"ancestorTitles":["Circular Progress components","rendering variants"],"failureMessages":[],"fullName":"Circular Progress components rendering variants should match snapshot - with variant indeterminate","location":null,"status":"passed","title":"should match snapshot - with variant indeterminate"},{"ancestorTitles":["Circular Progress components","rendering variants"],"failureMessages":[],"fullName":"Circular Progress components rendering variants should match snapshot - with variant determinate","location":null,"status":"passed","title":"should match snapshot - with variant determinate"},{"ancestorTitles":["Circular Progress components","rendering variants"],"failureMessages":[],"fullName":"Circular Progress components rendering variants should match snapshot - with variant static","location":null,"status":"passed","title":"should match snapshot - with variant static"},{"ancestorTitles":["Circular Progress components","rendering thickness"],"failureMessages":[],"fullName":"Circular Progress components rendering thickness should match snapshot - with variant static","location":null,"status":"passed","title":"should match snapshot - with variant static"}],"endTime":1590098339097,"message":"","name":"/Users/la.vinicius.ponciano/Projects/Natura/natds-js/packages/web/src/__tests__/CircularProgress.spec.tsx","startTime":1590098338545,"status":"passed","summary":""}],"wasInterrupted":false}