{"numFailedTestSuites":0,"numFailedTests":0,"numPassedTestSuites":20,"numPassedTests":116,"numPendingTestSuites":0,"numPendingTests":0,"numRuntimeErrorTestSuites":0,"numTodoTests":0,"numTotalTestSuites":20,"numTotalTests":116,"openHandles":[],"snapshot":{"added":0,"didUpdate":true,"failure":false,"filesAdded":0,"filesRemoved":0,"filesRemovedList":[],"filesUnmatched":0,"filesUpdated":0,"matched":99,"total":99,"unchecked":0,"uncheckedKeysByFile":[],"unmatched":0,"updated":0},"startTime":1576073014506,"success":true,"testResults":[{"assertionResults":[{"ancestorTitles":["TextField PasswordReveal component"],"failureMessages":[],"fullName":"TextField PasswordReveal component should render received showPasswordIcon","location":null,"status":"passed","title":"should render received showPasswordIcon"},{"ancestorTitles":["TextField PasswordReveal component"],"failureMessages":[],"fullName":"TextField PasswordReveal component should render received hidePasswordIcon","location":null,"status":"passed","title":"should render received hidePasswordIcon"},{"ancestorTitles":["TextField PasswordReveal component"],"failureMessages":[],"fullName":"TextField PasswordReveal component should render default showPasswordIcon","location":null,"status":"passed","title":"should render default showPasswordIcon"},{"ancestorTitles":["TextField PasswordReveal component"],"failureMessages":[],"fullName":"TextField PasswordReveal component should render default hidePasswordIcon","location":null,"status":"passed","title":"should render default hidePasswordIcon"},{"ancestorTitles":["TextField PasswordReveal component"],"failureMessages":[],"fullName":"TextField PasswordReveal component should call onTogglePasswordReveal callback after click","location":null,"status":"passed","title":"should call onTogglePasswordReveal callback after click"}],"endTime":1576073032517,"message":"","name":"/home/saraiva/Projects/Natura/natds/packages/web/src/__tests__/TextField.PasswordReveal.spec.tsx","startTime":1576073016139,"status":"passed","summary":""},{"assertionResults":[{"ancestorTitles":["Avatar component","rendering variants"],"failureMessages":[],"fullName":"Avatar component rendering variants should match snapshot - Avatar (variant circle)","location":null,"status":"passed","title":"should match snapshot - Avatar (variant circle)"},{"ancestorTitles":["Avatar component","rendering variants"],"failureMessages":[],"fullName":"Avatar component rendering variants should match snapshot - Avatar (variant rounded)","location":null,"status":"passed","title":"should match snapshot - Avatar (variant rounded)"},{"ancestorTitles":["Avatar component","rendering variants"],"failureMessages":[],"fullName":"Avatar component rendering variants should match snapshot - Avatar (variant square)","location":null,"status":"passed","title":"should match snapshot - Avatar (variant square)"},{"ancestorTitles":["Avatar component","rendering avatars types"],"failureMessages":[],"fullName":"Avatar component rendering avatars types should match snapshot - Avatar with initials","location":null,"status":"passed","title":"should match snapshot - Avatar with initials"},{"ancestorTitles":["Avatar component","rendering avatars types"],"failureMessages":[],"fullName":"Avatar component rendering avatars types should match snapshot - Avatar with icon","location":null,"status":"passed","title":"should match snapshot - Avatar with icon"},{"ancestorTitles":["Avatar component","rendering avatars types"],"failureMessages":[],"fullName":"Avatar component rendering avatars types should match snapshot - Avatar with image","location":null,"status":"passed","title":"should match snapshot - Avatar with image"},{"ancestorTitles":["Avatar component","rendering avatars sizes"],"failureMessages":[],"fullName":"Avatar component rendering avatars sizes should match snapshot - Avatar Size tiny","location":null,"status":"passed","title":"should match snapshot - Avatar Size tiny"},{"ancestorTitles":["Avatar component","rendering avatars sizes"],"failureMessages":[],"fullName":"Avatar component rendering avatars sizes should match snapshot - Avatar Size small","location":null,"status":"passed","title":"should match snapshot - Avatar Size small"},{"ancestorTitles":["Avatar component","rendering avatars sizes"],"failureMessages":[],"fullName":"Avatar component rendering avatars sizes should match snapshot - Avatar Size standard","location":null,"status":"passed","title":"should match snapshot - Avatar Size standard"},{"ancestorTitles":["Avatar component","rendering avatars sizes"],"failureMessages":[],"fullName":"Avatar component rendering avatars sizes should match snapshot - Avatar Size large","location":null,"status":"passed","title":"should match snapshot - Avatar Size large"},{"ancestorTitles":["Avatar component","rendering avatars sizes"],"failureMessages":[],"fullName":"Avatar component rendering avatars sizes should match snapshot - Avatar Size xlarge","location":null,"status":"passed","title":"should match snapshot - Avatar Size xlarge"},{"ancestorTitles":["Avatar component","rendering avatars sizes"],"failureMessages":[],"fullName":"Avatar component rendering avatars sizes should not apply width and height if without theme","location":null,"status":"passed","title":"should not apply width and height if without theme"},{"ancestorTitles":["Avatar component","rendering avatars sizes"],"failureMessages":[],"fullName":"Avatar component rendering avatars sizes should apply standard size as default","location":null,"status":"passed","title":"should apply standard size as default"},{"ancestorTitles":["Avatar component","rendering avatars colors"],"failureMessages":[],"fullName":"Avatar component rendering avatars colors should match snapshot - Avatar Color primary","location":null,"status":"passed","title":"should match snapshot - Avatar Color primary"},{"ancestorTitles":["Avatar component","rendering avatars colors"],"failureMessages":[],"fullName":"Avatar component rendering avatars colors should match snapshot - Avatar Color secondary","location":null,"status":"passed","title":"should match snapshot - Avatar Color secondary"},{"ancestorTitles":["Avatar component","rendering avatars colors"],"failureMessages":[],"fullName":"Avatar component rendering avatars colors should match snapshot - Avatar Color default","location":null,"status":"passed","title":"should match snapshot - Avatar Color default"},{"ancestorTitles":["Avatar component","rendering avatars colors"],"failureMessages":[],"fullName":"Avatar component rendering avatars colors should not apply background if without theme","location":null,"status":"passed","title":"should not apply background if without theme"},{"ancestorTitles":["Avatar component","rendering avatars colors"],"failureMessages":[],"fullName":"Avatar component rendering avatars colors should apply primary color as default","location":null,"status":"passed","title":"should apply primary color as default"}],"endTime":1576073034458,"message":"","name":"/home/saraiva/Projects/Natura/natds/packages/web/src/__tests__/Avatar.spec.tsx","startTime":1576073016138,"status":"passed","summary":""},{"assertionResults":[{"ancestorTitles":["Button component","rendering sizes"],"failureMessages":[],"fullName":"Button component rendering sizes should match snapshot - Size Small","location":null,"status":"passed","title":"should match snapshot - Size Small"},{"ancestorTitles":["Button component","rendering sizes"],"failureMessages":[],"fullName":"Button component rendering sizes should match snapshot - Size Medium","location":null,"status":"passed","title":"should match snapshot - Size Medium"},{"ancestorTitles":["Button component","rendering sizes"],"failureMessages":[],"fullName":"Button component rendering sizes should match snapshot - Size Large","location":null,"status":"passed","title":"should match snapshot - Size Large"},{"ancestorTitles":["Button component","rendering variants"],"failureMessages":[],"fullName":"Button component rendering variants should match snapshot - Low emphasis button (variant text)","location":null,"status":"passed","title":"should match snapshot - Low emphasis button (variant text)"},{"ancestorTitles":["Button component","rendering variants"],"failureMessages":[],"fullName":"Button component rendering variants should match snapshot - Medium emphasis button (variant outlined)","location":null,"status":"passed","title":"should match snapshot - Medium emphasis button (variant outlined)"},{"ancestorTitles":["Button component","rendering variants"],"failureMessages":[],"fullName":"Button component rendering variants should match snapshot - High emphasis button (variant contained)","location":null,"status":"passed","title":"should match snapshot - High emphasis button (variant contained)"},{"ancestorTitles":["Button component","interaction"],"failureMessages":[],"fullName":"Button component interaction should call onClick","location":null,"status":"passed","title":"should call onClick"}],"endTime":1576073034955,"message":"","name":"/home/saraiva/Projects/Natura/natds/packages/web/src/__tests__/Button.spec.tsx","startTime":1576073016202,"status":"passed","summary":""},{"assertionResults":[{"ancestorTitles":["ButtonGroup component","rendering sizes"],"failureMessages":[],"fullName":"ButtonGroup component rendering sizes should match snapshot - Size Small","location":null,"status":"passed","title":"should match snapshot - Size Small"},{"ancestorTitles":["ButtonGroup component","rendering sizes"],"failureMessages":[],"fullName":"ButtonGroup component rendering sizes should match snapshot - Size Medium","location":null,"status":"passed","title":"should match snapshot - Size Medium"},{"ancestorTitles":["ButtonGroup component","rendering sizes"],"failureMessages":[],"fullName":"ButtonGroup component rendering sizes should match snapshot - Size Large","location":null,"status":"passed","title":"should match snapshot - Size Large"},{"ancestorTitles":["ButtonGroup component","rendering variants"],"failureMessages":[],"fullName":"ButtonGroup component rendering variants should match snapshot - Low emphasis button (variant text)","location":null,"status":"passed","title":"should match snapshot - Low emphasis button (variant text)"},{"ancestorTitles":["ButtonGroup component","rendering variants"],"failureMessages":[],"fullName":"ButtonGroup component rendering variants should match snapshot - Medium emphasis button (variant outlined)","location":null,"status":"passed","title":"should match snapshot - Medium emphasis button (variant outlined)"},{"ancestorTitles":["ButtonGroup component","rendering variants"],"failureMessages":[],"fullName":"ButtonGroup component rendering variants should match snapshot - High emphasis button (variant contained)","location":null,"status":"passed","title":"should match snapshot - High emphasis button (variant contained)"}],"endTime":1576073035191,"message":"","name":"/home/saraiva/Projects/Natura/natds/packages/web/src/__tests__/ButtonGroup.spec.tsx","startTime":1576073016115,"status":"passed","summary":""},{"assertionResults":[{"ancestorTitles":["TextField component","rendering state"],"failureMessages":[],"fullName":"TextField component rendering state should match snapshot - TextField (default)","location":null,"status":"passed","title":"should match snapshot - TextField (default)"},{"ancestorTitles":["TextField component","rendering state"],"failureMessages":[],"fullName":"TextField component rendering state should match snapshot - TextField (default without placeholder)","location":null,"status":"passed","title":"should match snapshot - TextField (default without placeholder)"},{"ancestorTitles":["TextField component","rendering state"],"failureMessages":[],"fullName":"TextField component rendering state should match snapshot - TextField (default hover)","location":null,"status":"passed","title":"should match snapshot - TextField (default hover)"},{"ancestorTitles":["TextField component","rendering state"],"failureMessages":[],"fullName":"TextField component rendering state should match snapshot - TextField (default focus)","location":null,"status":"passed","title":"should match snapshot - TextField (default focus)"},{"ancestorTitles":["TextField component","rendering state"],"failureMessages":[],"fullName":"TextField component rendering state should match snapshot - TextField (filled)","location":null,"status":"passed","title":"should match snapshot - TextField (filled)"},{"ancestorTitles":["TextField component","rendering state"],"failureMessages":[],"fullName":"TextField component rendering state should match snapshot - TextField (filled hover)","location":null,"status":"passed","title":"should match snapshot - TextField (filled hover)"},{"ancestorTitles":["TextField component","rendering state"],"failureMessages":[],"fullName":"TextField component rendering state should match snapshot - TextField (filled focus)","location":null,"status":"passed","title":"should match snapshot - TextField (filled focus)"},{"ancestorTitles":["TextField component","rendering state"],"failureMessages":[],"fullName":"TextField component rendering state should match snapshot - TextField (success)","location":null,"status":"passed","title":"should match snapshot - TextField (success)"},{"ancestorTitles":["TextField component","rendering state"],"failureMessages":[],"fullName":"TextField component rendering state should match snapshot - TextField (success hover)","location":null,"status":"passed","title":"should match snapshot - TextField (success hover)"},{"ancestorTitles":["TextField component","rendering state"],"failureMessages":[],"fullName":"TextField component rendering state should match snapshot - TextField (success focus)","location":null,"status":"passed","title":"should match snapshot - TextField (success focus)"},{"ancestorTitles":["TextField component","rendering state"],"failureMessages":[],"fullName":"TextField component rendering state should match snapshot - TextField (error)","location":null,"status":"passed","title":"should match snapshot - TextField (error)"},{"ancestorTitles":["TextField component","rendering state"],"failureMessages":[],"fullName":"TextField component rendering state should match snapshot - TextField (error hover)","location":null,"status":"passed","title":"should match snapshot - TextField (error hover)"},{"ancestorTitles":["TextField component","rendering state"],"failureMessages":[],"fullName":"TextField component rendering state should match snapshot - TextField (error focus)","location":null,"status":"passed","title":"should match snapshot - TextField (error focus)"},{"ancestorTitles":["TextField component","rendering state"],"failureMessages":[],"fullName":"TextField component rendering state should match snapshot - TextField (required)","location":null,"status":"passed","title":"should match snapshot - TextField (required)"},{"ancestorTitles":["TextField component","rendering state"],"failureMessages":[],"fullName":"TextField component rendering state should match snapshot - TextField (disabled)","location":null,"status":"passed","title":"should match snapshot - TextField (disabled)"},{"ancestorTitles":["TextField component","rendering state"],"failureMessages":[],"fullName":"TextField component rendering state should match snapshot - TextField (disabled hover)","location":null,"status":"passed","title":"should match snapshot - TextField (disabled hover)"},{"ancestorTitles":["TextField component","rendering state"],"failureMessages":[],"fullName":"TextField component rendering state should match snapshot - TextField (disabled focus)","location":null,"status":"passed","title":"should match snapshot - TextField (disabled focus)"},{"ancestorTitles":["TextField component","rendering state"],"failureMessages":[],"fullName":"TextField component rendering state should match snapshot - TextField (multiline)","location":null,"status":"passed","title":"should match snapshot - TextField (multiline)"},{"ancestorTitles":["TextField component","rendering state"],"failureMessages":[],"fullName":"TextField component rendering state should match snapshot - TextField (custom icon)","location":null,"status":"passed","title":"should match snapshot - TextField (custom icon)"},{"ancestorTitles":["TextField component","rendering state"],"failureMessages":[],"fullName":"TextField component rendering state should match snapshot - TextField (custom icon with action)","location":null,"status":"passed","title":"should match snapshot - TextField (custom icon with action)"},{"ancestorTitles":["TextField component","rendering state"],"failureMessages":[],"fullName":"TextField component rendering state should match snapshot - TextField (mask)","location":null,"status":"passed","title":"should match snapshot - TextField (mask)"},{"ancestorTitles":["TextField component","rendering state"],"failureMessages":[],"fullName":"TextField component rendering state should match snapshot - TextField (theme change)","location":null,"status":"passed","title":"should match snapshot - TextField (theme change)"},{"ancestorTitles":["TextField component","rendering state"],"failureMessages":[],"fullName":"TextField component rendering state should match snapshot - TextField (property forwarded)","location":null,"status":"passed","title":"should match snapshot - TextField (property forwarded)"},{"ancestorTitles":["TextField component","rendering state"],"failureMessages":[],"fullName":"TextField component rendering state should match snapshot - TextField (default with empty theme)","location":null,"status":"passed","title":"should match snapshot - TextField (default with empty theme)"}],"endTime":1576073037025,"message":"","name":"/home/saraiva/Projects/Natura/natds/packages/web/src/__tests__/TextField.spec.tsx","startTime":1576073016057,"status":"passed","summary":""},{"assertionResults":[{"ancestorTitles":["TextField SearchClear component"],"failureMessages":[],"fullName":"TextField SearchClear component should render received Icon","location":null,"status":"passed","title":"should render received Icon"},{"ancestorTitles":["TextField SearchClear component"],"failureMessages":[],"fullName":"TextField SearchClear component should render default Icon","location":null,"status":"passed","title":"should render default Icon"},{"ancestorTitles":["TextField SearchClear component"],"failureMessages":[],"fullName":"TextField SearchClear component should call onClearSearch callback after click","location":null,"status":"passed","title":"should call onClearSearch callback after click"}],"endTime":1576073037916,"message":"","name":"/home/saraiva/Projects/Natura/natds/packages/web/src/__tests__/TextField.SearchClear.spec.tsx","startTime":1576073035242,"status":"passed","summary":""},{"assertionResults":[{"ancestorTitles":["TextField Field component"],"failureMessages":[],"fullName":"TextField Field component should render single line input","location":null,"status":"passed","title":"should render single line input"},{"ancestorTitles":["TextField Field component"],"failureMessages":[],"fullName":"TextField Field component should render single line masked input","location":null,"status":"passed","title":"should render single line masked input"},{"ancestorTitles":["TextField Field component"],"failureMessages":[],"fullName":"TextField Field component should render multiline input","location":null,"status":"passed","title":"should render multiline input"},{"ancestorTitles":["TextField Field component"],"failureMessages":[],"fullName":"TextField Field component should render multiline input","location":null,"status":"passed","title":"should render multiline input"},{"ancestorTitles":["TextField Field component"],"failureMessages":[],"fullName":"TextField Field component should reveal input value for password types","location":null,"status":"passed","title":"should reveal input value for password types"},{"ancestorTitles":["TextField Field component"],"failureMessages":[],"fullName":"TextField Field component should clear input value for search types","location":null,"status":"passed","title":"should clear input value for search types"},{"ancestorTitles":["TextField Field component"],"failureMessages":[],"fullName":"TextField Field component should change input value","location":null,"status":"passed","title":"should change input value"}],"endTime":1576073038744,"message":"","name":"/home/saraiva/Projects/Natura/natds/packages/web/src/__tests__/TextField.Field.spec.tsx","startTime":1576073016136,"status":"passed","summary":""},{"assertionResults":[{"ancestorTitles":["Checkbox component","rendering"],"failureMessages":[],"fullName":"Checkbox component rendering should match to snapshot - Default","location":null,"status":"passed","title":"should match to snapshot - Default"},{"ancestorTitles":["Checkbox component","rendering"],"failureMessages":[],"fullName":"Checkbox component rendering should match to snapshot - Color","location":null,"status":"passed","title":"should match to snapshot - Color"},{"ancestorTitles":["Checkbox component","rendering"],"failureMessages":[],"fullName":"Checkbox component rendering should match to snapshot - Checked","location":null,"status":"passed","title":"should match to snapshot - Checked"},{"ancestorTitles":["Checkbox component","rendering"],"failureMessages":[],"fullName":"Checkbox component rendering should match to snapshot - Disabled","location":null,"status":"passed","title":"should match to snapshot - Disabled"}],"endTime":1576073040358,"message":"","name":"/home/saraiva/Projects/Natura/natds/packages/web/src/__tests__/Checkbox.spec.tsx","startTime":1576073037935,"status":"passed","summary":""},{"assertionResults":[{"ancestorTitles":["Switch component","rendering"],"failureMessages":[],"fullName":"Switch component rendering should match to snapshot - Default","location":null,"status":"passed","title":"should match to snapshot - Default"},{"ancestorTitles":["Switch component","rendering"],"failureMessages":[],"fullName":"Switch component rendering should match to snapshot - Color","location":null,"status":"passed","title":"should match to snapshot - Color"},{"ancestorTitles":["Switch component","rendering"],"failureMessages":[],"fullName":"Switch component rendering should match to snapshot - Checked","location":null,"status":"passed","title":"should match to snapshot - Checked"},{"ancestorTitles":["Switch component","rendering"],"failureMessages":[],"fullName":"Switch component rendering should match to snapshot - Disabled","location":null,"status":"passed","title":"should match to snapshot - Disabled"}],"endTime":1576073041948,"message":"","name":"/home/saraiva/Projects/Natura/natds/packages/web/src/__tests__/Switch.spec.tsx","startTime":1576073038795,"status":"passed","summary":""},{"assertionResults":[{"ancestorTitles":["Radio component","rendering"],"failureMessages":[],"fullName":"Radio component rendering should match to snapshot - Default","location":null,"status":"passed","title":"should match to snapshot - Default"},{"ancestorTitles":["Radio component","rendering"],"failureMessages":[],"fullName":"Radio component rendering should match to snapshot - Color","location":null,"status":"passed","title":"should match to snapshot - Color"},{"ancestorTitles":["Radio component","rendering"],"failureMessages":[],"fullName":"Radio component rendering should match to snapshot - Checked","location":null,"status":"passed","title":"should match to snapshot - Checked"},{"ancestorTitles":["Radio component","rendering"],"failureMessages":[],"fullName":"Radio component rendering should match to snapshot - Disabled","location":null,"status":"passed","title":"should match to snapshot - Disabled"}],"endTime":1576073042674,"message":"","name":"/home/saraiva/Projects/Natura/natds/packages/web/src/__tests__/Radio.spec.tsx","startTime":1576073040376,"status":"passed","summary":""},{"assertionResults":[{"ancestorTitles":["IconButton component","rendering sizes"],"failureMessages":[],"fullName":"IconButton component rendering sizes should match snapshot - Size Small","location":null,"status":"passed","title":"should match snapshot - Size Small"},{"ancestorTitles":["IconButton component","rendering sizes"],"failureMessages":[],"fullName":"IconButton component rendering sizes should match snapshot - Size Medium","location":null,"status":"passed","title":"should match snapshot - Size Medium"},{"ancestorTitles":["IconButton component","interaction"],"failureMessages":[],"fullName":"IconButton component interaction should call onClick","location":null,"status":"passed","title":"should call onClick"}],"endTime":1576073043353,"message":"","name":"/home/saraiva/Projects/Natura/natds/packages/web/src/__tests__/IconButton.spec.tsx","startTime":1576073037086,"status":"passed","summary":""},{"assertionResults":[{"ancestorTitles":["Typography Component"],"failureMessages":[],"fullName":"Typography Component It should use the default variant and pass children forward","location":null,"status":"passed","title":"It should use the default variant and pass children forward"},{"ancestorTitles":["Typography Component"],"failureMessages":[],"fullName":"Typography Component It should use provided variant","location":null,"status":"passed","title":"It should use provided variant"},{"ancestorTitles":["Typography Component"],"failureMessages":[],"fullName":"Typography Component It should use provided align","location":null,"status":"passed","title":"It should use provided align"},{"ancestorTitles":["Typography Component"],"failureMessages":[],"fullName":"Typography Component It should use provided classes","location":null,"status":"passed","title":"It should use provided classes"},{"ancestorTitles":["Typography Component"],"failureMessages":[],"fullName":"Typography Component It should use provided color","location":null,"status":"passed","title":"It should use provided color"},{"ancestorTitles":["Typography Component"],"failureMessages":[],"fullName":"Typography Component It should use provided noWrap","location":null,"status":"passed","title":"It should use provided noWrap"}],"endTime":1576073043447,"message":"","name":"/home/saraiva/Projects/Natura/natds/packages/web/src/__tests__/Typography.spec.tsx","startTime":1576073032547,"status":"passed","summary":""},{"assertionResults":[{"ancestorTitles":["ContextualBadge component","rendering"],"failureMessages":[],"fullName":"ContextualBadge component rendering it should render each color","location":null,"status":"passed","title":"it should render each color"},{"ancestorTitles":["ContextualBadge component","rendering"],"failureMessages":[],"fullName":"ContextualBadge component rendering it should render each type","location":null,"status":"passed","title":"it should render each type"},{"ancestorTitles":["ContextualBadge component","rendering"],"failureMessages":[],"fullName":"ContextualBadge component rendering it should render the default color and default type","location":null,"status":"passed","title":"it should render the default color and default type"},{"ancestorTitles":["ContextualBadge component","rendering"],"failureMessages":[],"fullName":"ContextualBadge component rendering it should render according to theme","location":null,"status":"passed","title":"it should render according to theme"}],"endTime":1576073043595,"message":"","name":"/home/saraiva/Projects/Natura/natds/packages/web/src/__tests__/ContextualBadge.spec.tsx","startTime":1576073034984,"status":"passed","summary":""},{"assertionResults":[{"ancestorTitles":["Fab component","rendering"],"failureMessages":[],"fullName":"Fab component rendering it should render with no props","location":null,"status":"passed","title":"it should render with no props"},{"ancestorTitles":["Fab component","rendering"],"failureMessages":[],"fullName":"Fab component rendering it should render with Provider theme","location":null,"status":"passed","title":"it should render with Provider theme"},{"ancestorTitles":["Fab component","rendering"],"failureMessages":[],"fullName":"Fab component rendering it should render with disabled truthy","location":null,"status":"passed","title":"it should render with disabled truthy"},{"ancestorTitles":["Fab component","rendering"],"failureMessages":[],"fullName":"Fab component rendering it should render all colors","location":null,"status":"passed","title":"it should render all colors"},{"ancestorTitles":["Fab component","rendering"],"failureMessages":[],"fullName":"Fab component rendering it should render all sizes","location":null,"status":"passed","title":"it should render all sizes"},{"ancestorTitles":["Fab component","rendering"],"failureMessages":[],"fullName":"Fab component rendering it should render all variants","location":null,"status":"passed","title":"it should render all variants"}],"endTime":1576073043721,"message":"","name":"/home/saraiva/Projects/Natura/natds/packages/web/src/__tests__/Fab.spec.tsx","startTime":1576073034489,"status":"passed","summary":""},{"assertionResults":[{"ancestorTitles":["Dialog components","rendering variants"],"failureMessages":[],"fullName":"Dialog components rendering variants should match to snapshot - Opened","location":null,"status":"passed","title":"should match to snapshot - Opened"},{"ancestorTitles":["Dialog components","rendering variants"],"failureMessages":[],"fullName":"Dialog components rendering variants should match to snapshot - with title","location":null,"status":"passed","title":"should match to snapshot - with title"},{"ancestorTitles":["Dialog components","rendering variants"],"failureMessages":[],"fullName":"Dialog components rendering variants should match to snapshot - with content","location":null,"status":"passed","title":"should match to snapshot - with content"},{"ancestorTitles":["Dialog components","rendering variants"],"failureMessages":[],"fullName":"Dialog components rendering variants should match to snapshot - with content text","location":null,"status":"passed","title":"should match to snapshot - with content text"},{"ancestorTitles":["Dialog components","rendering variants"],"failureMessages":[],"fullName":"Dialog components rendering variants should match to snapshot - with actions","location":null,"status":"passed","title":"should match to snapshot - with actions"},{"ancestorTitles":["Dialog components","rendering variants"],"failureMessages":[],"fullName":"Dialog components rendering variants should match to snapshot - with content divider","location":null,"status":"passed","title":"should match to snapshot - with content divider"}],"endTime":1576073043868,"message":"","name":"/home/saraiva/Projects/Natura/natds/packages/web/src/__tests__/Dialog.spec.tsx","startTime":1576073016174,"status":"passed","summary":""},{"assertionResults":[{"ancestorTitles":["Divider component","rendering variants"],"failureMessages":[],"fullName":"Divider component rendering variants should match to snapshot - Variant FullWidth Default","location":null,"status":"passed","title":"should match to snapshot - Variant FullWidth Default"},{"ancestorTitles":["Divider component","rendering variants"],"failureMessages":[],"fullName":"Divider component rendering variants should match to snapshot - Variant Inset","location":null,"status":"passed","title":"should match to snapshot - Variant Inset"},{"ancestorTitles":["Divider component","rendering variants"],"failureMessages":[],"fullName":"Divider component rendering variants should match to snapshot - Variant Middle","location":null,"status":"passed","title":"should match to snapshot - Variant Middle"}],"endTime":1576073044485,"message":"","name":"/home/saraiva/Projects/Natura/natds/packages/web/src/__tests__/Divider.spec.tsx","startTime":1576073042685,"status":"passed","summary":""},{"assertionResults":[{"ancestorTitles":["Provider component"],"failureMessages":[],"fullName":"Provider component It should have the natura theme","location":null,"status":"passed","title":"It should have the natura theme"},{"ancestorTitles":["Provider component"],"failureMessages":[],"fullName":"Provider component It should have the provided theme","location":null,"status":"passed","title":"It should have the provided theme"}],"endTime":1576073044517,"message":"","name":"/home/saraiva/Projects/Natura/natds/packages/web/src/__tests__/Provider.spec.tsx","startTime":1576073041962,"status":"passed","summary":""},{"assertionResults":[{"ancestorTitles":["GridContainer component"],"failureMessages":[],"fullName":"GridContainer component should match to snapshot","location":null,"status":"passed","title":"should match to snapshot"},{"ancestorTitles":["GridItem component"],"failureMessages":[],"fullName":"GridItem component should match to snapshot","location":null,"status":"passed","title":"should match to snapshot"}],"endTime":1576073044724,"message":"","name":"/home/saraiva/Projects/Natura/natds/packages/web/src/__tests__/Grid.spec.tsx","startTime":1576073043580,"status":"passed","summary":""},{"assertionResults":[{"ancestorTitles":["Themes"],"failureMessages":[],"fullName":"Themes It should match the natura light theme snapshot","location":null,"status":"passed","title":"It should match the natura light theme snapshot"}],"endTime":1576073044752,"message":"","name":"/home/saraiva/Projects/Natura/natds/packages/web/src/__tests__/themes/natura/natura.spec.tsx","startTime":1576073043714,"status":"passed","summary":""},{"assertionResults":[{"ancestorTitles":["Chip component"],"failureMessages":[],"fullName":"Chip component Chip calls onDelete","location":null,"status":"passed","title":"Chip calls onDelete"}],"endTime":1576073045069,"message":"","name":"/home/saraiva/Projects/Natura/natds/packages/web/src/__tests__/Chip.spec.tsx","startTime":1576073043386,"status":"passed","summary":""}],"wasInterrupted":false,"coverageMap":{"/home/saraiva/Projects/Natura/natds/packages/web/src/Components/TextField/PasswordReveal.tsx":{"path":"/home/saraiva/Projects/Natura/natds/packages/web/src/Components/TextField/PasswordReveal.tsx","statementMap":{"0":{"start":{"line":1,"column":0},"end":{"line":1,"column":90}},"1":{"start":{"line":2,"column":0},"end":{"line":2,"column":39}},"2":{"start":{"line":3,"column":0},"end":{"line":3,"column":67}},"3":{"start":{"line":4,"column":0},"end":{"line":4,"column":73}},"4":{"start":{"line":7,"column":0},"end":{"line":7,"column":56}},"5":{"start":{"line":17,"column":22},"end":{"line":22,"column":null}},"6":{"start":{"line":28,"column":59},"end":{"line":47,"column":1}},"7":{"start":{"line":30,"column":4},"end":{"line":30,"column":9}},"8":{"start":{"line":31,"column":4},"end":{"line":31,"column":26}},"9":{"start":{"line":32,"column":4},"end":{"line":32,"column":11}},"10":{"start":{"line":33,"column":4},"end":{"line":33,"column":37}},"11":{"start":{"line":34,"column":4},"end":{"line":34,"column":40}},"12":{"start":{"line":37,"column":40},"end":{"line":39,"column":48}},"13":{"start":{"line":41,"column":2},"end":{"line":46,"column":4}},"14":{"start":{"line":44,"column":21},"end":{"line":44,"column":null}},"15":{"start":{"line":49,"column":0},"end":{"line":49,"column":30}}},"fnMap":{"0":{"name":"(anonymous_2)","decl":{"start":{"line":28,"column":59},"end":{"line":28,"column":60}},"loc":{"start":{"line":28,"column":82},"end":{"line":47,"column":1}}},"1":{"name":"(anonymous_3)","decl":{"start":{"line":44,"column":15},"end":{"line":44,"column":21}},"loc":{"start":{"line":44,"column":15},"end":{"line":44,"column":43}}}},"branchMap":{"0":{"loc":{"start":{"line":33,"column":4},"end":{"line":33,"column":37}},"type":"cond-expr","locations":[{"start":{"line":33,"column":4},"end":{"line":33,"column":37}},{"start":{"line":33,"column":4},"end":{"line":33,"column":37}}]},"1":{"loc":{"start":{"line":34,"column":4},"end":{"line":34,"column":40}},"type":"cond-expr","locations":[{"start":{"line":34,"column":4},"end":{"line":34,"column":40}},{"start":{"line":34,"column":4},"end":{"line":34,"column":40}}]},"2":{"loc":{"start":{"line":38,"column":6},"end":{"line":38,"column":48}},"type":"cond-expr","locations":[{"start":{"line":38,"column":6},"end":{"line":38,"column":48}},{"start":{"line":39,"column":6},"end":{"line":39,"column":48}}]},"3":{"loc":{"start":{"line":38,"column":30},"end":{"line":38,"column":33}},"type":"binary-expr","locations":[{"start":{"line":38,"column":30},"end":{"line":38,"column":33}},{"start":{"line":38,"column":30},"end":{"line":38,"column":null}}]},"4":{"loc":{"start":{"line":39,"column":30},"end":{"line":39,"column":33}},"type":"binary-expr","locations":[{"start":{"line":39,"column":30},"end":{"line":39,"column":33}},{"start":{"line":39,"column":30},"end":{"line":39,"column":49}}]}},"s":{"0":7,"1":7,"2":7,"3":7,"4":7,"5":7,"6":7,"7":9,"8":9,"9":9,"10":18,"11":18,"12":9,"13":9,"14":3,"15":7},"f":{"0":9,"1":3},"b":{"0":[6,3],"1":[6,3],"2":[3,6],"3":[3,2],"4":[6,2]}},"/home/saraiva/Projects/Natura/natds/packages/web/src/Components/Avatar.tsx":{"path":"/home/saraiva/Projects/Natura/natds/packages/web/src/Components/Avatar.tsx","statementMap":{"0":{"start":{"line":1,"column":0},"end":{"line":1,"column":49}},"1":{"start":{"line":2,"column":0},"end":{"line":2,"column":94}},"2":{"start":{"line":4,"column":0},"end":{"line":4,"column":48}},"3":{"start":{"line":17,"column":48},"end":{"line":24,"column":1}},"4":{"start":{"line":18,"column":13},"end":{"line":20,"column":null}},"5":{"start":{"line":23,"column":2},"end":{"line":23,"column":53}},"6":{"start":{"line":26,"column":19},"end":{"line":26,"column":63}},"7":{"start":{"line":26,"column":63},"end":{"line":26,"column":null}},"8":{"start":{"line":27,"column":10},"end":{"line":27,"column":21}},"9":{"start":{"line":29,"column":2},"end":{"line":29,"column":30}},"10":{"start":{"line":29,"column":20},"end":{"line":29,"column":30}},"11":{"start":{"line":31,"column":16},"end":{"line":31,"column":33}},"12":{"start":{"line":32,"column":22},"end":{"line":32,"column":36}},"13":{"start":{"line":34,"column":2},"end":{"line":38,"column":4}},"14":{"start":{"line":41,"column":20},"end":{"line":41,"column":65}},"15":{"start":{"line":41,"column":65},"end":{"line":41,"column":null}},"16":{"start":{"line":42,"column":10},"end":{"line":42,"column":22}},"17":{"start":{"line":43,"column":24},"end":{"line":43,"column":38}},"18":{"start":{"line":45,"column":2},"end":{"line":45,"column":32}},"19":{"start":{"line":45,"column":22},"end":{"line":45,"column":32}},"20":{"start":{"line":47,"column":2},"end":{"line":49,"column":4}},"21":{"start":{"line":52,"column":0},"end":{"line":52,"column":33}}},"fnMap":{"0":{"name":"(anonymous_3)","decl":{"start":{"line":17,"column":48},"end":{"line":17,"column":49}},"loc":{"start":{"line":17,"column":68},"end":{"line":24,"column":1}}},"1":{"name":"withSizes","decl":{"start":{"line":26,"column":9},"end":{"line":26,"column":18}},"loc":{"start":{"line":26,"column":78},"end":{"line":39,"column":1}}},"2":{"name":"withColors","decl":{"start":{"line":41,"column":9},"end":{"line":41,"column":19}},"loc":{"start":{"line":41,"column":80},"end":{"line":50,"column":1}}}},"branchMap":{"0":{"loc":{"start":{"line":26,"column":19},"end":{"line":26,"column":63}},"type":"if","locations":[{"start":{"line":26,"column":19},"end":{"line":26,"column":63}},{"start":{"line":26,"column":19},"end":{"line":26,"column":63}}]},"1":{"loc":{"start":{"line":26,"column":63},"end":{"line":26,"column":null}},"type":"if","locations":[{"start":{"line":26,"column":63},"end":{"line":26,"column":null}},{"start":{"line":26,"column":63},"end":{"line":26,"column":null}}]},"2":{"loc":{"start":{"line":29,"column":2},"end":{"line":29,"column":30}},"type":"if","locations":[{"start":{"line":29,"column":2},"end":{"line":29,"column":30}},{"start":{"line":29,"column":2},"end":{"line":29,"column":30}}]},"3":{"loc":{"start":{"line":41,"column":20},"end":{"line":41,"column":65}},"type":"if","locations":[{"start":{"line":41,"column":20},"end":{"line":41,"column":65}},{"start":{"line":41,"column":20},"end":{"line":41,"column":65}}]},"4":{"loc":{"start":{"line":41,"column":65},"end":{"line":41,"column":null}},"type":"if","locations":[{"start":{"line":41,"column":65},"end":{"line":41,"column":null}},{"start":{"line":41,"column":65},"end":{"line":41,"column":null}}]},"5":{"loc":{"start":{"line":42,"column":10},"end":{"line":42,"column":22}},"type":"cond-expr","locations":[{"start":{"line":42,"column":10},"end":{"line":42,"column":22}},{"start":{"line":42,"column":10},"end":{"line":42,"column":22}}]},"6":{"loc":{"start":{"line":45,"column":2},"end":{"line":45,"column":32}},"type":"if","locations":[{"start":{"line":45,"column":2},"end":{"line":45,"column":32}},{"start":{"line":45,"column":2},"end":{"line":45,"column":32}}]}},"s":{"0":5,"1":5,"2":5,"3":5,"4":18,"5":18,"6":31,"7":24,"8":18,"9":18,"10":8,"11":10,"12":10,"13":10,"14":34,"15":24,"16":36,"17":18,"18":18,"19":8,"20":10,"21":5},"f":{"0":18,"1":18,"2":18},"b":{"0":[13,5],"1":[6,12],"2":[8,10],"3":[16,2],"4":[6,12],"5":[8,10],"6":[8,10]}},"/home/saraiva/Projects/Natura/natds/packages/web/src/Components/Button.tsx":{"path":"/home/saraiva/Projects/Natura/natds/packages/web/src/Components/Button.tsx","statementMap":{"0":{"start":{"line":1,"column":0},"end":{"line":1,"column":49}},"1":{"start":{"line":3,"column":0},"end":{"line":3,"column":71}},"2":{"start":{"line":4,"column":0},"end":{"line":4,"column":48}},"3":{"start":{"line":6,"column":47},"end":{"line":8,"column":1}},"4":{"start":{"line":7,"column":2},"end":{"line":7,"column":39}},"5":{"start":{"line":10,"column":0},"end":{"line":10,"column":33}}},"fnMap":{"0":{"name":"(anonymous_3)","decl":{"start":{"line":6,"column":47},"end":{"line":6,"column":48}},"loc":{"start":{"line":6,"column":66},"end":{"line":8,"column":1}}}},"branchMap":{},"s":{"0":6,"1":6,"2":6,"3":6,"4":20,"5":6},"f":{"0":20},"b":{}},"/home/saraiva/Projects/Natura/natds/packages/web/src/Components/ButtonGroup.tsx":{"path":"/home/saraiva/Projects/Natura/natds/packages/web/src/Components/ButtonGroup.tsx","statementMap":{"0":{"start":{"line":1,"column":0},"end":{"line":1,"column":49}},"1":{"start":{"line":3,"column":0},"end":{"line":3,"column":86}},"2":{"start":{"line":4,"column":0},"end":{"line":4,"column":48}},"3":{"start":{"line":6,"column":57},"end":{"line":10,"column":1}},"4":{"start":{"line":7,"column":2},"end":{"line":9,"column":4}},"5":{"start":{"line":12,"column":0},"end":{"line":12,"column":38}}},"fnMap":{"0":{"name":"(anonymous_3)","decl":{"start":{"line":6,"column":57},"end":{"line":6,"column":58}},"loc":{"start":{"line":6,"column":81},"end":{"line":10,"column":1}}}},"branchMap":{},"s":{"0":5,"1":5,"2":5,"3":5,"4":6,"5":5},"f":{"0":6},"b":{}},"/home/saraiva/Projects/Natura/natds/packages/web/src/Components/TextField/index.tsx":{"path":"/home/saraiva/Projects/Natura/natds/packages/web/src/Components/TextField/index.tsx","statementMap":{"0":{"start":{"line":1,"column":0},"end":{"line":1,"column":49}},"1":{"start":{"line":2,"column":0},"end":{"line":2,"column":39}},"2":{"start":{"line":3,"column":0},"end":{"line":3,"column":56}},"3":{"start":{"line":4,"column":0},"end":{"line":4,"column":48}},"4":{"start":{"line":5,"column":0},"end":{"line":5,"column":64}},"5":{"start":{"line":6,"column":0},"end":{"line":6,"column":64}},"6":{"start":{"line":8,"column":0},"end":{"line":8,"column":82}},"7":{"start":{"line":10,"column":0},"end":{"line":10,"column":28}},"8":{"start":{"line":12,"column":54},"end":{"line":46,"column":1}},"9":{"start":{"line":14,"column":4},"end":{"line":14,"column":6}},"10":{"start":{"line":15,"column":4},"end":{"line":15,"column":9}},"11":{"start":{"line":16,"column":4},"end":{"line":16,"column":12}},"12":{"start":{"line":17,"column":4},"end":{"line":17,"column":9}},"13":{"start":{"line":18,"column":4},"end":{"line":18,"column":20}},"14":{"start":{"line":19,"column":4},"end":{"line":19,"column":20}},"15":{"start":{"line":20,"column":4},"end":{"line":20,"column":9}},"16":{"start":{"line":23,"column":18},"end":{"line":23,"column":49}},"17":{"start":{"line":24,"column":20},"end":{"line":24,"column":45}},"18":{"start":{"line":25,"column":20},"end":{"line":25,"column":60}},"19":{"start":{"line":27,"column":2},"end":{"line":45,"column":4}},"20":{"start":{"line":48,"column":0},"end":{"line":48,"column":36}},"21":{"start":{"line":50,"column":18},"end":{"line":53,"column":null}},"22":{"start":{"line":56,"column":14},"end":{"line":62,"column":null}},"23":{"start":{"line":65,"column":17},"end":{"line":73,"column":null}},"24":{"start":{"line":76,"column":17},"end":{"line":76,"column":null}},"25":{"start":{"line":82,"column":18},"end":{"line":82,"column":48}},"26":{"start":{"line":84,"column":20},"end":{"line":84,"column":52}},"27":{"start":{"line":86,"column":19},"end":{"line":89,"column":2}}},"fnMap":{"0":{"name":"(anonymous_4)","decl":{"start":{"line":12,"column":54},"end":{"line":12,"column":55}},"loc":{"start":{"line":12,"column":77},"end":{"line":46,"column":1}}}},"branchMap":{"0":{"loc":{"start":{"line":18,"column":4},"end":{"line":18,"column":20}},"type":"cond-expr","locations":[{"start":{"line":18,"column":4},"end":{"line":18,"column":20}},{"start":{"line":18,"column":4},"end":{"line":18,"column":20}}]},"1":{"loc":{"start":{"line":19,"column":4},"end":{"line":19,"column":20}},"type":"cond-expr","locations":[{"start":{"line":19,"column":4},"end":{"line":19,"column":20}},{"start":{"line":19,"column":4},"end":{"line":19,"column":20}}]},"2":{"loc":{"start":{"line":23,"column":32},"end":{"line":23,"column":41}},"type":"cond-expr","locations":[{"start":{"line":23,"column":32},"end":{"line":23,"column":41}},{"start":{"line":23,"column":44},"end":{"line":23,"column":49}}]},"3":{"loc":{"start":{"line":25,"column":20},"end":{"line":25,"column":29}},"type":"binary-expr","locations":[{"start":{"line":25,"column":20},"end":{"line":25,"column":29}},{"start":{"line":25,"column":33},"end":{"line":25,"column":60}}]},"4":{"loc":{"start":{"line":50,"column":28},"end":{"line":50,"column":null}},"type":"binary-expr","locations":[{"start":{"line":50,"column":28},"end":{"line":50,"column":null}},{"start":{"line":50,"column":28},"end":{"line":54,"column":2}}]},"5":{"loc":{"start":{"line":56,"column":26},"end":{"line":56,"column":null}},"type":"binary-expr","locations":[{"start":{"line":56,"column":26},"end":{"line":56,"column":null}},{"start":{"line":56,"column":26},"end":{"line":63,"column":2}}]},"6":{"loc":{"start":{"line":65,"column":28},"end":{"line":65,"column":null}},"type":"binary-expr","locations":[{"start":{"line":65,"column":28},"end":{"line":65,"column":null}},{"start":{"line":65,"column":28},"end":{"line":74,"column":2}}]},"7":{"loc":{"start":{"line":82,"column":35},"end":{"line":82,"column":38}},"type":"binary-expr","locations":[{"start":{"line":82,"column":35},"end":{"line":82,"column":38}},{"start":{"line":82,"column":35},"end":{"line":82,"column":49}}]},"8":{"loc":{"start":{"line":84,"column":39},"end":{"line":84,"column":42}},"type":"binary-expr","locations":[{"start":{"line":84,"column":39},"end":{"line":84,"column":42}},{"start":{"line":84,"column":39},"end":{"line":84,"column":53}}]}},"s":{"0":5,"1":5,"2":5,"3":5,"4":5,"5":5,"6":5,"7":5,"8":5,"9":14,"10":14,"11":14,"12":14,"13":28,"14":28,"15":14,"16":14,"17":14,"18":14,"19":14,"20":5,"21":5,"22":5,"23":5,"24":5,"25":5,"26":5,"27":5},"f":{"0":14},"b":{"0":[13,1],"1":[13,1],"2":[1,13],"3":[14,2],"4":[5,5],"5":[5,5],"6":[5,5],"7":[5,5],"8":[5,5]}},"/home/saraiva/Projects/Natura/natds/packages/web/src/Components/TextField/shared.ts":{"path":"/home/saraiva/Projects/Natura/natds/packages/web/src/Components/TextField/shared.ts","statementMap":{"0":{"start":{"line":87,"column":13},"end":{"line":95,"column":2}},"1":{"start":{"line":98,"column":2},"end":{"line":103,"column":4}},"2":{"start":{"line":98,"column":12},"end":{"line":98,"column":17}},"3":{"start":{"line":99,"column":26},"end":{"line":99,"column":48}},"4":{"start":{"line":100,"column":21},"end":{"line":100,"column":46}},"5":{"start":{"line":102,"column":4},"end":{"line":102,"column":42}},"6":{"start":{"line":97,"column":0},"end":{"line":97,"column":16}},"7":{"start":{"line":107,"column":2},"end":{"line":111,"column":4}},"8":{"start":{"line":108,"column":10},"end":{"line":108,"column":12}},"9":{"start":{"line":108,"column":12},"end":{"line":108,"column":16}},"10":{"start":{"line":108,"column":18},"end":{"line":108,"column":50}},"11":{"start":{"line":110,"column":4},"end":{"line":110,"column":48}},"12":{"start":{"line":106,"column":0},"end":{"line":106,"column":16}},"13":{"start":{"line":115,"column":2},"end":{"line":119,"column":4}},"14":{"start":{"line":116,"column":10},"end":{"line":116,"column":12}},"15":{"start":{"line":116,"column":12},"end":{"line":116,"column":16}},"16":{"start":{"line":116,"column":18},"end":{"line":116,"column":21}},"17":{"start":{"line":116,"column":23},"end":{"line":116,"column":63}},"18":{"start":{"line":118,"column":4},"end":{"line":118,"column":68}},"19":{"start":{"line":114,"column":0},"end":{"line":114,"column":16}},"20":{"start":{"line":122,"column":20},"end":{"line":122,"column":28}},"21":{"start":{"line":122,"column":30},"end":{"line":122,"column":35}},"22":{"start":{"line":123,"column":2},"end":{"line":123,"column":81}}},"fnMap":{"0":{"name":"getProp","decl":{"start":{"line":97,"column":16},"end":{"line":97,"column":23}},"loc":{"start":{"line":97,"column":69},"end":{"line":104,"column":1}}},"1":{"name":"(anonymous_1)","decl":{"start":{"line":98,"column":9},"end":{"line":98,"column":10}},"loc":{"start":{"line":98,"column":36},"end":{"line":103,"column":3}}},"2":{"name":"getColorByState","decl":{"start":{"line":106,"column":16},"end":{"line":106,"column":31}},"loc":{"start":{"line":106,"column":52},"end":{"line":112,"column":1}}},"3":{"name":"(anonymous_3)","decl":{"start":{"line":107,"column":9},"end":{"line":107,"column":10}},"loc":{"start":{"line":107,"column":32},"end":{"line":111,"column":3}}},"4":{"name":"getBorderByState","decl":{"start":{"line":114,"column":16},"end":{"line":114,"column":32}},"loc":{"start":{"line":114,"column":53},"end":{"line":120,"column":1}}},"5":{"name":"(anonymous_5)","decl":{"start":{"line":115,"column":9},"end":{"line":115,"column":10}},"loc":{"start":{"line":115,"column":32},"end":{"line":119,"column":3}}},"6":{"name":"getState","decl":{"start":{"line":122,"column":9},"end":{"line":122,"column":17}},"loc":{"start":{"line":122,"column":104},"end":{"line":124,"column":1}}}},"branchMap":{"0":{"loc":{"start":{"line":99,"column":26},"end":{"line":99,"column":42}},"type":"binary-expr","locations":[{"start":{"line":99,"column":26},"end":{"line":99,"column":42}},{"start":{"line":99,"column":46},"end":{"line":99,"column":48}}]},"1":{"loc":{"start":{"line":100,"column":21},"end":{"line":100,"column":40}},"type":"binary-expr","locations":[{"start":{"line":100,"column":21},"end":{"line":100,"column":40}},{"start":{"line":100,"column":44},"end":{"line":100,"column":46}}]},"2":{"loc":{"start":{"line":102,"column":17},"end":{"line":102,"column":30}},"type":"cond-expr","locations":[{"start":{"line":102,"column":17},"end":{"line":102,"column":30}},{"start":{"line":102,"column":33},"end":{"line":102,"column":41}}]},"3":{"loc":{"start":{"line":123,"column":10},"end":{"line":123,"column":68}},"type":"binary-expr","locations":[{"start":{"line":123,"column":10},"end":{"line":123,"column":68}},{"start":{"line":123,"column":73},"end":{"line":123,"column":80}}]},"4":{"loc":{"start":{"line":123,"column":21},"end":{"line":123,"column":41}},"type":"cond-expr","locations":[{"start":{"line":123,"column":21},"end":{"line":123,"column":41}},{"start":{"line":123,"column":44},"end":{"line":123,"column":68}}]},"5":{"loc":{"start":{"line":123,"column":56},"end":{"line":123,"column":61}},"type":"binary-expr","locations":[{"start":{"line":123,"column":56},"end":{"line":123,"column":61}},{"start":{"line":123,"column":65},"end":{"line":123,"column":67}}]}},"s":{"0":6,"1":207,"2":420,"3":420,"4":420,"5":420,"6":6,"7":16,"8":49,"9":49,"10":49,"11":49,"12":6,"13":18,"14":63,"15":63,"16":63,"17":63,"18":63,"19":6,"20":112,"21":112,"22":112},"f":{"0":207,"1":420,"2":16,"3":49,"4":18,"5":63,"6":112},"b":{"0":[420,23],"1":[420,56],"2":[364,56],"3":[112,96],"4":[6,106],"5":[106,96]}},"/home/saraiva/Projects/Natura/natds/packages/web/src/Components/TextField/Field.tsx":{"path":"/home/saraiva/Projects/Natura/natds/packages/web/src/Components/TextField/Field.tsx","statementMap":{"0":{"start":{"line":1,"column":0},"end":{"line":1,"column":59}},"1":{"start":{"line":2,"column":0},"end":{"line":2,"column":39}},"2":{"start":{"line":3,"column":0},"end":{"line":3,"column":42}},"3":{"start":{"line":4,"column":0},"end":{"line":4,"column":56}},"4":{"start":{"line":6,"column":0},"end":{"line":6,"column":100}},"5":{"start":{"line":7,"column":0},"end":{"line":7,"column":46}},"6":{"start":{"line":8,"column":0},"end":{"line":8,"column":40}},"7":{"start":{"line":9,"column":0},"end":{"line":9,"column":38}},"8":{"start":{"line":11,"column":13},"end":{"line":11,"column":32}},"9":{"start":{"line":12,"column":13},"end":{"line":12,"column":36}},"10":{"start":{"line":13,"column":13},"end":{"line":13,"column":40}},"11":{"start":{"line":15,"column":50},"end":{"line":78,"column":1}},"12":{"start":{"line":17,"column":4},"end":{"line":17,"column":6}},"13":{"start":{"line":18,"column":4},"end":{"line":18,"column":9}},"14":{"start":{"line":19,"column":4},"end":{"line":19,"column":20}},"15":{"start":{"line":20,"column":4},"end":{"line":20,"column":20}},"16":{"start":{"line":21,"column":4},"end":{"line":21,"column":9}},"17":{"start":{"line":22,"column":4},"end":{"line":22,"column":13}},"18":{"start":{"line":23,"column":4},"end":{"line":23,"column":8}},"19":{"start":{"line":24,"column":4},"end":{"line":24,"column":26}},"20":{"start":{"line":25,"column":4},"end":{"line":25,"column":8}},"21":{"start":{"line":26,"column":4},"end":{"line":26,"column":15}},"22":{"start":{"line":27,"column":4},"end":{"line":27,"column":8}},"23":{"start":{"line":28,"column":4},"end":{"line":28,"column":14}},"24":{"start":{"line":29,"column":4},"end":{"line":29,"column":20}},"25":{"start":{"line":30,"column":4},"end":{"line":30,"column":20}},"26":{"start":{"line":31,"column":4},"end":{"line":31,"column":11}},"27":{"start":{"line":34,"column":20},"end":{"line":34,"column":75}},"28":{"start":{"line":35,"column":8},"end":{"line":35,"column":9}},"29":{"start":{"line":35,"column":9},"end":{"line":35,"column":16}},"30":{"start":{"line":35,"column":18},"end":{"line":35,"column":57}},"31":{"start":{"line":36,"column":8},"end":{"line":36,"column":9}},"32":{"start":{"line":36,"column":9},"end":{"line":36,"column":14}},"33":{"start":{"line":36,"column":16},"end":{"line":36,"column":40}},"34":{"start":{"line":37,"column":21},"end":{"line":37,"column":47}},"35":{"start":{"line":38,"column":29},"end":{"line":38,"column":60}},"36":{"start":{"line":39,"column":26},"end":{"line":39,"column":55}},"37":{"start":{"line":40,"column":18},"end":{"line":40,"column":69}},"38":{"start":{"line":42,"column":2},"end":{"line":77,"column":4}},"39":{"start":{"line":56,"column":34},"end":{"line":56,"column":null}},"40":{"start":{"line":80,"column":0},"end":{"line":80,"column":21}},"41":{"start":{"line":82,"column":19},"end":{"line":82,"column":149}},"42":{"start":{"line":84,"column":23},"end":{"line":88,"column":null}},"43":{"start":{"line":91,"column":13},"end":{"line":135,"column":null}},"44":{"start":{"line":105,"column":16},"end":{"line":105,"column":23}},"45":{"start":{"line":105,"column":30},"end":{"line":105,"column":null}}},"fnMap":{"0":{"name":"(anonymous_6)","decl":{"start":{"line":15,"column":50},"end":{"line":15,"column":51}},"loc":{"start":{"line":15,"column":73},"end":{"line":78,"column":1}}},"1":{"name":"(anonymous_7)","decl":{"start":{"line":56,"column":18},"end":{"line":56,"column":19}},"loc":{"start":{"line":56,"column":29},"end":{"line":56,"column":42}}},"2":{"name":"(anonymous_8)","decl":{"start":{"line":105,"column":13},"end":{"line":105,"column":14}},"loc":{"start":{"line":105,"column":25},"end":{"line":105,"column":37}}}},"branchMap":{"0":{"loc":{"start":{"line":19,"column":4},"end":{"line":19,"column":20}},"type":"cond-expr","locations":[{"start":{"line":19,"column":4},"end":{"line":19,"column":20}},{"start":{"line":19,"column":4},"end":{"line":19,"column":20}}]},"1":{"loc":{"start":{"line":20,"column":4},"end":{"line":20,"column":20}},"type":"cond-expr","locations":[{"start":{"line":20,"column":4},"end":{"line":20,"column":20}},{"start":{"line":20,"column":4},"end":{"line":20,"column":20}}]},"2":{"loc":{"start":{"line":24,"column":4},"end":{"line":24,"column":26}},"type":"cond-expr","locations":[{"start":{"line":24,"column":4},"end":{"line":24,"column":26}},{"start":{"line":24,"column":4},"end":{"line":24,"column":26}}]},"3":{"loc":{"start":{"line":34,"column":32},"end":{"line":34,"column":42}},"type":"cond-expr","locations":[{"start":{"line":34,"column":32},"end":{"line":34,"column":42}},{"start":{"line":34,"column":46},"end":{"line":34,"column":74}}]},"4":{"loc":{"start":{"line":34,"column":53},"end":{"line":34,"column":64}},"type":"cond-expr","locations":[{"start":{"line":34,"column":53},"end":{"line":34,"column":64}},{"start":{"line":34,"column":67},"end":{"line":34,"column":74}}]},"5":{"loc":{"start":{"line":37,"column":31},"end":{"line":37,"column":40}},"type":"cond-expr","locations":[{"start":{"line":37,"column":31},"end":{"line":37,"column":40}},{"start":{"line":37,"column":43},"end":{"line":37,"column":47}}]},"6":{"loc":{"start":{"line":38,"column":29},"end":{"line":38,"column":51}},"type":"binary-expr","locations":[{"start":{"line":38,"column":29},"end":{"line":38,"column":51}},{"start":{"line":38,"column":55},"end":{"line":38,"column":60}}]},"7":{"loc":{"start":{"line":39,"column":26},"end":{"line":39,"column":46}},"type":"binary-expr","locations":[{"start":{"line":39,"column":26},"end":{"line":39,"column":46}},{"start":{"line":39,"column":50},"end":{"line":39,"column":55}}]},"8":{"loc":{"start":{"line":40,"column":18},"end":{"line":40,"column":38}},"type":"binary-expr","locations":[{"start":{"line":40,"column":18},"end":{"line":40,"column":38}},{"start":{"line":40,"column":42},"end":{"line":40,"column":59}},{"start":{"line":40,"column":63},"end":{"line":40,"column":69}}]},"9":{"loc":{"start":{"line":47,"column":14},"end":{"line":47,"column":24}},"type":"binary-expr","locations":[{"start":{"line":47,"column":14},"end":{"line":47,"column":24}},{"start":{"line":47,"column":28},"end":{"line":47,"column":37}}]},"10":{"loc":{"start":{"line":59,"column":7},"end":{"line":59,"column":25}},"type":"binary-expr","locations":[{"start":{"line":59,"column":7},"end":{"line":59,"column":25}},{"start":{"line":59,"column":29},"end":{"line":64,"column":null}}]},"11":{"loc":{"start":{"line":66,"column":7},"end":{"line":66,"column":22}},"type":"binary-expr","locations":[{"start":{"line":66,"column":7},"end":{"line":66,"column":22}},{"start":{"line":66,"column":26},"end":{"line":69,"column":null}}]},"12":{"loc":{"start":{"line":71,"column":7},"end":{"line":71,"column":11}},"type":"binary-expr","locations":[{"start":{"line":71,"column":7},"end":{"line":71,"column":11}},{"start":{"line":71,"column":15},"end":{"line":74,"column":null}}]},"13":{"loc":{"start":{"line":84,"column":33},"end":{"line":84,"column":null}},"type":"binary-expr","locations":[{"start":{"line":84,"column":33},"end":{"line":84,"column":null}},{"start":{"line":84,"column":33},"end":{"line":89,"column":2}}]},"14":{"loc":{"start":{"line":91,"column":42},"end":{"line":91,"column":null}},"type":"binary-expr","locations":[{"start":{"line":91,"column":42},"end":{"line":91,"column":null}},{"start":{"line":91,"column":42},"end":{"line":137,"column":2}}]},"15":{"loc":{"start":{"line":105,"column":40},"end":{"line":105,"column":47}},"type":"cond-expr","locations":[{"start":{"line":105,"column":40},"end":{"line":105,"column":47}},{"start":{"line":105,"column":53},"end":{"line":105,"column":84}}]}},"s":{"0":6,"1":6,"2":6,"3":6,"4":6,"5":6,"6":6,"7":6,"8":6,"9":6,"10":6,"11":6,"12":27,"13":27,"14":54,"15":54,"16":27,"17":27,"18":27,"19":54,"20":27,"21":27,"22":27,"23":27,"24":27,"25":27,"26":27,"27":27,"28":27,"29":27,"30":27,"31":27,"32":27,"33":27,"34":27,"35":27,"36":27,"37":27,"38":27,"39":3,"40":6,"41":6,"42":6,"43":6,"44":21,"45":21},"f":{"0":27,"1":3,"2":21},"b":{"0":[26,1],"1":[26,1],"2":[1,26],"3":[3,24],"4":[2,22],"5":[1,26],"6":[27,4],"7":[27,3],"8":[27,23,20],"9":[27,19],"10":[27,4],"11":[27,3],"12":[27,2],"13":[6,6],"14":[6,6],"15":[9,12]}},"/home/saraiva/Projects/Natura/natds/packages/web/src/Components/TextField/SearchClear.tsx":{"path":"/home/saraiva/Projects/Natura/natds/packages/web/src/Components/TextField/SearchClear.tsx","statementMap":{"0":{"start":{"line":1,"column":0},"end":{"line":1,"column":90}},"1":{"start":{"line":2,"column":0},"end":{"line":2,"column":39}},"2":{"start":{"line":3,"column":0},"end":{"line":3,"column":59}},"3":{"start":{"line":6,"column":0},"end":{"line":6,"column":56}},"4":{"start":{"line":14,"column":25},"end":{"line":19,"column":null}},"5":{"start":{"line":25,"column":53},"end":{"line":35,"column":1}},"6":{"start":{"line":26,"column":10},"end":{"line":26,"column":15}},"7":{"start":{"line":26,"column":17},"end":{"line":26,"column":30}},"8":{"start":{"line":26,"column":32},"end":{"line":26,"column":57}},"9":{"start":{"line":27,"column":40},"end":{"line":27,"column":79}},"10":{"start":{"line":29,"column":2},"end":{"line":34,"column":4}},"11":{"start":{"line":32,"column":21},"end":{"line":32,"column":null}},"12":{"start":{"line":37,"column":0},"end":{"line":37,"column":27}}},"fnMap":{"0":{"name":"(anonymous_2)","decl":{"start":{"line":25,"column":53},"end":{"line":25,"column":54}},"loc":{"start":{"line":25,"column":73},"end":{"line":35,"column":1}}},"1":{"name":"(anonymous_3)","decl":{"start":{"line":32,"column":15},"end":{"line":32,"column":21}},"loc":{"start":{"line":32,"column":15},"end":{"line":32,"column":34}}}},"branchMap":{"0":{"loc":{"start":{"line":26,"column":32},"end":{"line":26,"column":57}},"type":"cond-expr","locations":[{"start":{"line":26,"column":32},"end":{"line":26,"column":57}},{"start":{"line":26,"column":32},"end":{"line":26,"column":57}}]},"1":{"loc":{"start":{"line":27,"column":58},"end":{"line":27,"column":61}},"type":"binary-expr","locations":[{"start":{"line":27,"column":58},"end":{"line":27,"column":61}},{"start":{"line":27,"column":58},"end":{"line":27,"column":80}}]}},"s":{"0":7,"1":7,"2":7,"3":7,"4":7,"5":7,"6":6,"7":6,"8":12,"9":6,"10":6,"11":2,"12":7},"f":{"0":6,"1":2},"b":{"0":[4,2],"1":[6,2]}},"/home/saraiva/Projects/Natura/natds/packages/web/src/Components/TextField/CustomIcon.tsx":{"path":"/home/saraiva/Projects/Natura/natds/packages/web/src/Components/TextField/CustomIcon.tsx","statementMap":{"0":{"start":{"line":1,"column":0},"end":{"line":1,"column":64}},"1":{"start":{"line":2,"column":0},"end":{"line":2,"column":39}},"2":{"start":{"line":4,"column":0},"end":{"line":4,"column":56}},"3":{"start":{"line":12,"column":51},"end":{"line":24,"column":1}},"4":{"start":{"line":13,"column":10},"end":{"line":13,"column":15}},"5":{"start":{"line":13,"column":17},"end":{"line":13,"column":21}},"6":{"start":{"line":13,"column":23},"end":{"line":13,"column":34}},"7":{"start":{"line":14,"column":16},"end":{"line":14,"column":56}},"8":{"start":{"line":16,"column":2},"end":{"line":23,"column":4}},"9":{"start":{"line":26,"column":0},"end":{"line":26,"column":26}},"10":{"start":{"line":28,"column":24},"end":{"line":33,"column":null}}},"fnMap":{"0":{"name":"(anonymous_2)","decl":{"start":{"line":12,"column":51},"end":{"line":12,"column":52}},"loc":{"start":{"line":12,"column":70},"end":{"line":24,"column":1}}}},"branchMap":{"0":{"loc":{"start":{"line":14,"column":30},"end":{"line":14,"column":51}},"type":"cond-expr","locations":[{"start":{"line":14,"column":30},"end":{"line":14,"column":51}},{"start":{"line":14,"column":54},"end":{"line":14,"column":56}}]},"1":{"loc":{"start":{"line":28,"column":32},"end":{"line":28,"column":null}},"type":"binary-expr","locations":[{"start":{"line":28,"column":32},"end":{"line":28,"column":null}},{"start":{"line":28,"column":32},"end":{"line":36,"column":2}}]}},"s":{"0":6,"1":6,"2":6,"3":6,"4":2,"5":2,"6":2,"7":2,"8":2,"9":6,"10":6},"f":{"0":2},"b":{"0":[1,1],"1":[6,6]}},"/home/saraiva/Projects/Natura/natds/packages/web/src/Components/Checkbox.tsx":{"path":"/home/saraiva/Projects/Natura/natds/packages/web/src/Components/Checkbox.tsx","statementMap":{"0":{"start":{"line":1,"column":0},"end":{"line":1,"column":49}},"1":{"start":{"line":3,"column":0},"end":{"line":3,"column":77}},"2":{"start":{"line":4,"column":0},"end":{"line":4,"column":48}},"3":{"start":{"line":6,"column":70},"end":{"line":10,"column":1}},"4":{"start":{"line":9,"column":2},"end":{"line":9,"column":41}},"5":{"start":{"line":12,"column":0},"end":{"line":12,"column":35}}},"fnMap":{"0":{"name":"(anonymous_3)","decl":{"start":{"line":6,"column":70},"end":{"line":6,"column":null}},"loc":{"start":{"line":7,"column":41},"end":{"line":10,"column":1}}}},"branchMap":{},"s":{"0":5,"1":5,"2":5,"3":5,"4":4,"5":5},"f":{"0":4},"b":{}},"/home/saraiva/Projects/Natura/natds/packages/web/src/Components/Switch.tsx":{"path":"/home/saraiva/Projects/Natura/natds/packages/web/src/Components/Switch.tsx","statementMap":{"0":{"start":{"line":1,"column":0},"end":{"line":1,"column":49}},"1":{"start":{"line":3,"column":0},"end":{"line":3,"column":71}},"2":{"start":{"line":4,"column":0},"end":{"line":4,"column":48}},"3":{"start":{"line":6,"column":66},"end":{"line":10,"column":1}},"4":{"start":{"line":9,"column":2},"end":{"line":9,"column":39}},"5":{"start":{"line":12,"column":0},"end":{"line":12,"column":33}}},"fnMap":{"0":{"name":"(anonymous_3)","decl":{"start":{"line":6,"column":66},"end":{"line":6,"column":null}},"loc":{"start":{"line":7,"column":39},"end":{"line":10,"column":1}}}},"branchMap":{},"s":{"0":5,"1":5,"2":5,"3":5,"4":4,"5":5},"f":{"0":4},"b":{}},"/home/saraiva/Projects/Natura/natds/packages/web/src/Components/Radio.tsx":{"path":"/home/saraiva/Projects/Natura/natds/packages/web/src/Components/Radio.tsx","statementMap":{"0":{"start":{"line":1,"column":0},"end":{"line":1,"column":49}},"1":{"start":{"line":3,"column":0},"end":{"line":3,"column":68}},"2":{"start":{"line":4,"column":0},"end":{"line":4,"column":48}},"3":{"start":{"line":6,"column":64},"end":{"line":10,"column":1}},"4":{"start":{"line":9,"column":2},"end":{"line":9,"column":38}},"5":{"start":{"line":12,"column":0},"end":{"line":12,"column":32}}},"fnMap":{"0":{"name":"(anonymous_3)","decl":{"start":{"line":6,"column":64},"end":{"line":6,"column":null}},"loc":{"start":{"line":7,"column":38},"end":{"line":10,"column":1}}}},"branchMap":{},"s":{"0":5,"1":5,"2":5,"3":5,"4":4,"5":5},"f":{"0":4},"b":{}},"/home/saraiva/Projects/Natura/natds/packages/web/src/Components/IconButton.tsx":{"path":"/home/saraiva/Projects/Natura/natds/packages/web/src/Components/IconButton.tsx","statementMap":{"0":{"start":{"line":1,"column":0},"end":{"line":1,"column":49}},"1":{"start":{"line":3,"column":0},"end":{"line":3,"column":83}},"2":{"start":{"line":4,"column":0},"end":{"line":4,"column":48}},"3":{"start":{"line":6,"column":55},"end":{"line":10,"column":1}},"4":{"start":{"line":7,"column":2},"end":{"line":9,"column":4}},"5":{"start":{"line":12,"column":0},"end":{"line":12,"column":37}}},"fnMap":{"0":{"name":"(anonymous_3)","decl":{"start":{"line":6,"column":55},"end":{"line":6,"column":56}},"loc":{"start":{"line":6,"column":78},"end":{"line":10,"column":1}}}},"branchMap":{},"s":{"0":5,"1":5,"2":5,"3":5,"4":2,"5":5},"f":{"0":2},"b":{}},"/home/saraiva/Projects/Natura/natds/packages/web/src/index.ts":{"path":"/home/saraiva/Projects/Natura/natds/packages/web/src/index.ts","statementMap":{"0":{"start":{"line":1,"column":0},"end":{"line":1,"column":47}},"1":{"start":{"line":3,"column":13},"end":{"line":3,"column":39}},"2":{"start":{"line":4,"column":0},"end":{"line":4,"column":9}},"3":{"start":{"line":4,"column":9},"end":{"line":4,"column":38}},"4":{"start":{"line":6,"column":0},"end":{"line":6,"column":9}},"5":{"start":{"line":6,"column":9},"end":{"line":6,"column":26}},"6":{"start":{"line":7,"column":0},"end":{"line":7,"column":9}},"7":{"start":{"line":7,"column":9},"end":{"line":7,"column":26}},"8":{"start":{"line":8,"column":0},"end":{"line":8,"column":9}},"9":{"start":{"line":8,"column":9},"end":{"line":8,"column":31}},"10":{"start":{"line":9,"column":0},"end":{"line":9,"column":9}},"11":{"start":{"line":9,"column":9},"end":{"line":9,"column":28}},"12":{"start":{"line":10,"column":0},"end":{"line":10,"column":9}},"13":{"start":{"line":10,"column":9},"end":{"line":10,"column":24}},"14":{"start":{"line":11,"column":0},"end":{"line":11,"column":9}},"15":{"start":{"line":11,"column":9},"end":{"line":11,"column":35}},"16":{"start":{"line":12,"column":0},"end":{"line":12,"column":9}},"17":{"start":{"line":12,"column":9},"end":{"line":12,"column":26}},"18":{"start":{"line":13,"column":0},"end":{"line":13,"column":9}},"19":{"start":{"line":13,"column":9},"end":{"line":13,"column":33}},"20":{"start":{"line":14,"column":0},"end":{"line":14,"column":9}},"21":{"start":{"line":14,"column":9},"end":{"line":14,"column":33}},"22":{"start":{"line":15,"column":0},"end":{"line":15,"column":9}},"23":{"start":{"line":15,"column":9},"end":{"line":15,"column":37}},"24":{"start":{"line":16,"column":0},"end":{"line":16,"column":9}},"25":{"start":{"line":16,"column":9},"end":{"line":16,"column":31}},"26":{"start":{"line":17,"column":0},"end":{"line":17,"column":9}},"27":{"start":{"line":17,"column":9},"end":{"line":17,"column":27}},"28":{"start":{"line":18,"column":0},"end":{"line":18,"column":9}},"29":{"start":{"line":18,"column":9},"end":{"line":18,"column":28}},"30":{"start":{"line":19,"column":0},"end":{"line":19,"column":9}},"31":{"start":{"line":19,"column":9},"end":{"line":19,"column":33}},"32":{"start":{"line":20,"column":0},"end":{"line":20,"column":9}},"33":{"start":{"line":20,"column":9},"end":{"line":20,"column":23}},"34":{"start":{"line":21,"column":0},"end":{"line":21,"column":9}},"35":{"start":{"line":21,"column":9},"end":{"line":21,"column":30}},"36":{"start":{"line":22,"column":0},"end":{"line":22,"column":9}},"37":{"start":{"line":22,"column":9},"end":{"line":22,"column":25}},"38":{"start":{"line":23,"column":0},"end":{"line":23,"column":9}},"39":{"start":{"line":23,"column":9},"end":{"line":23,"column":26}},"40":{"start":{"line":24,"column":0},"end":{"line":24,"column":9}},"41":{"start":{"line":24,"column":9},"end":{"line":24,"column":29}},"42":{"start":{"line":25,"column":0},"end":{"line":25,"column":9}},"43":{"start":{"line":25,"column":9},"end":{"line":25,"column":30}}},"fnMap":{},"branchMap":{},"s":{"0":4,"1":4,"2":4,"3":4,"4":4,"5":4,"6":4,"7":4,"8":4,"9":4,"10":4,"11":4,"12":4,"13":4,"14":4,"15":4,"16":4,"17":4,"18":4,"19":4,"20":4,"21":4,"22":4,"23":4,"24":4,"25":4,"26":4,"27":4,"28":4,"29":4,"30":4,"31":4,"32":4,"33":4,"34":4,"35":4,"36":4,"37":4,"38":4,"39":4,"40":4,"41":4,"42":4,"43":4},"f":{},"b":{}},"/home/saraiva/Projects/Natura/natds/packages/web/src/Themes/index.ts":{"path":"/home/saraiva/Projects/Natura/natds/packages/web/src/Themes/index.ts","statementMap":{"0":{"start":{"line":1,"column":0},"end":{"line":1,"column":null}},"1":{"start":{"line":6,"column":0},"end":{"line":6,"column":51}},"2":{"start":{"line":36,"column":28},"end":{"line":36,"column":30}},"3":{"start":{"line":38,"column":2},"end":{"line":43,"column":5}},"4":{"start":{"line":39,"column":4},"end":{"line":42,"column":null}},"5":{"start":{"line":39,"column":35},"end":{"line":39,"column":78}},"6":{"start":{"line":41,"column":6},"end":{"line":41,"column":30}},"7":{"start":{"line":45,"column":2},"end":{"line":45,"column":20}},"8":{"start":{"line":49,"column":10},"end":{"line":49,"column":13}},"9":{"start":{"line":50,"column":10},"end":{"line":50,"column":17}},"10":{"start":{"line":52,"column":2},"end":{"line":77,"column":null}},"11":{"start":{"line":89,"column":15},"end":{"line":89,"column":39}},"12":{"start":{"line":90,"column":58},"end":{"line":90,"column":null}},"13":{"start":{"line":93,"column":2},"end":{"line":95,"column":4}},"14":{"start":{"line":94,"column":11},"end":{"line":94,"column":null}},"15":{"start":{"line":96,"column":2},"end":{"line":96,"column":19}},"16":{"start":{"line":99,"column":13},"end":{"line":103,"column":25}},"17":{"start":{"line":100,"column":2},"end":{"line":100,"column":57}},"18":{"start":{"line":101,"column":2},"end":{"line":101,"column":55}},"19":{"start":{"line":102,"column":2},"end":{"line":102,"column":16}}},"fnMap":{"0":{"name":"parseShadows","decl":{"start":{"line":35,"column":9},"end":{"line":35,"column":21}},"loc":{"start":{"line":35,"column":34},"end":{"line":46,"column":1}}},"1":{"name":"(anonymous_3)","decl":{"start":{"line":38,"column":37},"end":{"line":38,"column":38}},"loc":{"start":{"line":38,"column":51},"end":{"line":43,"column":3}}},"2":{"name":"parseTheme","decl":{"start":{"line":48,"column":9},"end":{"line":48,"column":19}},"loc":{"start":{"line":48,"column":33},"end":{"line":79,"column":1}}},"3":{"name":"createThemesObject","decl":{"start":{"line":88,"column":9},"end":{"line":88,"column":27}},"loc":{"start":{"line":88,"column":27},"end":{"line":97,"column":1}}},"4":{"name":"(anonymous_6)","decl":{"start":{"line":94,"column":4},"end":{"line":94,"column":7}},"loc":{"start":{"line":94,"column":7},"end":{"line":94,"column":12}}},"5":{"name":"(anonymous_7)","decl":{"start":{"line":99,"column":54},"end":{"line":99,"column":55}},"loc":{"start":{"line":99,"column":66},"end":{"line":103,"column":1}}}},"branchMap":{"0":{"loc":{"start":{"line":39,"column":4},"end":{"line":42,"column":null}},"type":"if","locations":[{"start":{"line":39,"column":4},"end":{"line":42,"column":null}},{"start":{"line":39,"column":4},"end":{"line":42,"column":null}}]}},"s":{"0":6,"1":6,"2":12,"3":12,"4":300,"5":132,"6":168,"7":12,"8":12,"9":12,"10":12,"11":6,"12":6,"13":6,"14":6,"15":6,"16":6,"17":6,"18":6,"19":6},"f":{"0":12,"1":300,"2":12,"3":6,"4":6,"5":6},"b":{"0":[132,168]}},"/home/saraiva/Projects/Natura/natds/packages/web/src/Provider/index.tsx":{"path":"/home/saraiva/Projects/Natura/natds/packages/web/src/Provider/index.tsx","statementMap":{"0":{"start":{"line":1,"column":0},"end":{"line":1,"column":60}},"1":{"start":{"line":2,"column":0},"end":{"line":2,"column":87}},"2":{"start":{"line":3,"column":0},"end":{"line":3,"column":31}},"3":{"start":{"line":5,"column":0},"end":{"line":5,"column":46}},"4":{"start":{"line":12,"column":13},"end":{"line":18,"column":2}},"5":{"start":{"line":13,"column":30},"end":{"line":13,"column":91}},"6":{"start":{"line":14,"column":19},"end":{"line":14,"column":40}},"7":{"start":{"line":15,"column":2},"end":{"line":17,"column":4}}},"fnMap":{"0":{"name":"(anonymous_4)","decl":{"start":{"line":12,"column":59},"end":{"line":12,"column":60}},"loc":{"start":{"line":12,"column":75},"end":{"line":18,"column":1}}}},"branchMap":{"0":{"loc":{"start":{"line":13,"column":43},"end":{"line":13,"column":63}},"type":"cond-expr","locations":[{"start":{"line":13,"column":43},"end":{"line":13,"column":63}},{"start":{"line":13,"column":64},"end":{"line":13,"column":91}}]}},"s":{"0":5,"1":5,"2":5,"3":5,"4":5,"5":4,"6":4,"7":4},"f":{"0":4},"b":{"0":[3,1]}},"/home/saraiva/Projects/Natura/natds/packages/web/src/Components/Chip.tsx":{"path":"/home/saraiva/Projects/Natura/natds/packages/web/src/Components/Chip.tsx","statementMap":{"0":{"start":{"line":1,"column":0},"end":{"line":1,"column":49}},"1":{"start":{"line":3,"column":0},"end":{"line":3,"column":65}},"2":{"start":{"line":4,"column":0},"end":{"line":4,"column":48}},"3":{"start":{"line":6,"column":43},"end":{"line":8,"column":1}},"4":{"start":{"line":7,"column":2},"end":{"line":7,"column":37}},"5":{"start":{"line":10,"column":0},"end":{"line":10,"column":31}}},"fnMap":{"0":{"name":"(anonymous_3)","decl":{"start":{"line":6,"column":43},"end":{"line":6,"column":44}},"loc":{"start":{"line":6,"column":60},"end":{"line":8,"column":1}}}},"branchMap":{},"s":{"0":5,"1":5,"2":5,"3":5,"4":1,"5":5},"f":{"0":1},"b":{}},"/home/saraiva/Projects/Natura/natds/packages/web/src/Components/ContextualBadge.tsx":{"path":"/home/saraiva/Projects/Natura/natds/packages/web/src/Components/ContextualBadge.tsx","statementMap":{"0":{"start":{"line":1,"column":0},"end":{"line":1,"column":31}},"1":{"start":{"line":2,"column":0},"end":{"line":2,"column":39}},"2":{"start":{"line":3,"column":0},"end":{"line":3,"column":62}},"3":{"start":{"line":4,"column":0},"end":{"line":4,"column":37}},"4":{"start":{"line":6,"column":0},"end":{"line":6,"column":46}},"5":{"start":{"line":8,"column":22},"end":{"line":10,"column":2}},"6":{"start":{"line":50,"column":72},"end":{"line":143,"column":1}},"7":{"start":{"line":52,"column":4},"end":{"line":52,"column":24}},"8":{"start":{"line":53,"column":4},"end":{"line":53,"column":21}},"9":{"start":{"line":54,"column":4},"end":{"line":54,"column":21}},"10":{"start":{"line":55,"column":4},"end":{"line":55,"column":11}},"11":{"start":{"line":56,"column":4},"end":{"line":56,"column":9}},"12":{"start":{"line":57,"column":4},"end":{"line":57,"column":12}},"13":{"start":{"line":58,"column":4},"end":{"line":58,"column":11}},"14":{"start":{"line":61,"column":21},"end":{"line":68,"column":18}},"15":{"start":{"line":62,"column":32},"end":{"line":62,"column":73}},"16":{"start":{"line":63,"column":31},"end":{"line":63,"column":77}},"17":{"start":{"line":64,"column":4},"end":{"line":66,"column":22}},"18":{"start":{"line":70,"column":19},"end":{"line":106,"column":12}},"19":{"start":{"line":71,"column":10},"end":{"line":71,"column":12}},"20":{"start":{"line":71,"column":12},"end":{"line":71,"column":19}},"21":{"start":{"line":71,"column":21},"end":{"line":71,"column":30}},"22":{"start":{"line":71,"column":32},"end":{"line":71,"column":45}},"23":{"start":{"line":71,"column":47},"end":{"line":71,"column":52}},"24":{"start":{"line":71,"column":54},"end":{"line":71,"column":61}},"25":{"start":{"line":71,"column":63},"end":{"line":71,"column":73}},"26":{"start":{"line":71,"column":75},"end":{"line":71,"column":97}},"27":{"start":{"line":72,"column":4},"end":{"line":105,"column":6}},"28":{"start":{"line":108,"column":18},"end":{"line":116,"column":12}},"29":{"start":{"line":109,"column":12},"end":{"line":109,"column":22}},"30":{"start":{"line":110,"column":4},"end":{"line":115,"column":6}},"31":{"start":{"line":118,"column":22},"end":{"line":124,"column":12}},"32":{"start":{"line":119,"column":12},"end":{"line":119,"column":19}},"33":{"start":{"line":119,"column":21},"end":{"line":119,"column":26}},"34":{"start":{"line":120,"column":4},"end":{"line":123,"column":6}},"35":{"start":{"line":126,"column":2},"end":{"line":142,"column":4}},"36":{"start":{"line":156,"column":18},"end":{"line":164,"column":null}},"37":{"start":{"line":157,"column":31},"end":{"line":157,"column":null}},"38":{"start":{"line":158,"column":20},"end":{"line":158,"column":null}},"39":{"start":{"line":159,"column":26},"end":{"line":159,"column":null}},"40":{"start":{"line":160,"column":24},"end":{"line":160,"column":null}},"41":{"start":{"line":161,"column":26},"end":{"line":161,"column":null}},"42":{"start":{"line":162,"column":26},"end":{"line":162,"column":null}},"43":{"start":{"line":163,"column":22},"end":{"line":163,"column":null}},"44":{"start":{"line":164,"column":28},"end":{"line":164,"column":null}},"45":{"start":{"line":170,"column":0},"end":{"line":170,"column":42}}},"fnMap":{"0":{"name":"(anonymous_6)","decl":{"start":{"line":50,"column":72},"end":{"line":50,"column":73}},"loc":{"start":{"line":50,"column":101},"end":{"line":143,"column":1}}},"1":{"name":"(anonymous_7)","decl":{"start":{"line":61,"column":35},"end":{"line":61,"column":null}},"loc":{"start":{"line":61,"column":35},"end":{"line":67,"column":3}}},"2":{"name":"(anonymous_8)","decl":{"start":{"line":70,"column":33},"end":{"line":70,"column":null}},"loc":{"start":{"line":70,"column":33},"end":{"line":106,"column":3}}},"3":{"name":"(anonymous_9)","decl":{"start":{"line":108,"column":32},"end":{"line":108,"column":null}},"loc":{"start":{"line":108,"column":32},"end":{"line":116,"column":3}}},"4":{"name":"(anonymous_10)","decl":{"start":{"line":118,"column":36},"end":{"line":118,"column":null}},"loc":{"start":{"line":118,"column":36},"end":{"line":124,"column":3}}},"5":{"name":"(anonymous_11)","decl":{"start":{"line":157,"column":22},"end":{"line":157,"column":27}},"loc":{"start":{"line":157,"column":27},"end":{"line":157,"column":36}}},"6":{"name":"(anonymous_12)","decl":{"start":{"line":158,"column":11},"end":{"line":158,"column":16}},"loc":{"start":{"line":158,"column":16},"end":{"line":158,"column":25}}},"7":{"name":"(anonymous_13)","decl":{"start":{"line":159,"column":17},"end":{"line":159,"column":22}},"loc":{"start":{"line":159,"column":22},"end":{"line":159,"column":31}}},"8":{"name":"(anonymous_14)","decl":{"start":{"line":160,"column":15},"end":{"line":160,"column":20}},"loc":{"start":{"line":160,"column":20},"end":{"line":160,"column":29}}},"9":{"name":"(anonymous_15)","decl":{"start":{"line":161,"column":17},"end":{"line":161,"column":22}},"loc":{"start":{"line":161,"column":22},"end":{"line":161,"column":31}}},"10":{"name":"(anonymous_16)","decl":{"start":{"line":162,"column":17},"end":{"line":162,"column":22}},"loc":{"start":{"line":162,"column":22},"end":{"line":162,"column":31}}},"11":{"name":"(anonymous_17)","decl":{"start":{"line":163,"column":13},"end":{"line":163,"column":18}},"loc":{"start":{"line":163,"column":18},"end":{"line":163,"column":27}}},"12":{"name":"(anonymous_18)","decl":{"start":{"line":164,"column":19},"end":{"line":164,"column":24}},"loc":{"start":{"line":164,"column":24},"end":{"line":164,"column":33}}}},"branchMap":{"0":{"loc":{"start":{"line":53,"column":4},"end":{"line":53,"column":21}},"type":"cond-expr","locations":[{"start":{"line":53,"column":4},"end":{"line":53,"column":21}},{"start":{"line":53,"column":4},"end":{"line":53,"column":21}}]},"1":{"loc":{"start":{"line":54,"column":4},"end":{"line":54,"column":21}},"type":"cond-expr","locations":[{"start":{"line":54,"column":4},"end":{"line":54,"column":21}},{"start":{"line":54,"column":4},"end":{"line":54,"column":21}}]},"2":{"loc":{"start":{"line":65,"column":8},"end":{"line":65,"column":43}},"type":"cond-expr","locations":[{"start":{"line":65,"column":8},"end":{"line":65,"column":43}},{"start":{"line":66,"column":8},"end":{"line":66,"column":21}}]},"3":{"loc":{"start":{"line":156,"column":28},"end":{"line":156,"column":46}},"type":"binary-expr","locations":[{"start":{"line":156,"column":28},"end":{"line":156,"column":46}},{"start":{"line":156,"column":28},"end":{"line":168,"column":2}}]}},"s":{"0":4,"1":4,"2":4,"3":4,"4":4,"5":4,"6":4,"7":11,"8":22,"9":22,"10":11,"11":11,"12":11,"13":11,"14":11,"15":11,"16":11,"17":11,"18":11,"19":11,"20":11,"21":11,"22":11,"23":11,"24":11,"25":11,"26":11,"27":11,"28":11,"29":11,"30":11,"31":11,"32":11,"33":11,"34":11,"35":11,"36":4,"37":11,"38":11,"39":11,"40":11,"41":11,"42":11,"43":11,"44":11,"45":4},"f":{"0":11,"1":11,"2":11,"3":11,"4":11,"5":11,"6":11,"7":11,"8":11,"9":11,"10":11,"11":11,"12":11},"b":{"0":[3,8],"1":[10,1],"2":[10,1],"3":[4,4]}},"/home/saraiva/Projects/Natura/natds/packages/web/src/Components/Dialog.tsx":{"path":"/home/saraiva/Projects/Natura/natds/packages/web/src/Components/Dialog.tsx","statementMap":{"0":{"start":{"line":1,"column":0},"end":{"line":1,"column":49}},"1":{"start":{"line":3,"column":0},"end":{"line":3,"column":71}},"2":{"start":{"line":4,"column":0},"end":{"line":4,"column":48}},"3":{"start":{"line":6,"column":47},"end":{"line":6,"column":null}},"4":{"start":{"line":6,"column":71},"end":{"line":8,"column":2}},"5":{"start":{"line":10,"column":0},"end":{"line":10,"column":33}}},"fnMap":{"0":{"name":"(anonymous_3)","decl":{"start":{"line":6,"column":47},"end":{"line":6,"column":48}},"loc":{"start":{"line":6,"column":66},"end":{"line":6,"column":null}}}},"branchMap":{},"s":{"0":4,"1":4,"2":4,"3":4,"4":6,"5":4},"f":{"0":6},"b":{}},"/home/saraiva/Projects/Natura/natds/packages/web/src/Components/DialogActions.tsx":{"path":"/home/saraiva/Projects/Natura/natds/packages/web/src/Components/DialogActions.tsx","statementMap":{"0":{"start":{"line":1,"column":0},"end":{"line":1,"column":49}},"1":{"start":{"line":3,"column":0},"end":{"line":3,"column":null}},"2":{"start":{"line":6,"column":0},"end":{"line":6,"column":48}},"3":{"start":{"line":8,"column":61},"end":{"line":10,"column":6}},"4":{"start":{"line":10,"column":5},"end":{"line":10,"column":42}},"5":{"start":{"line":12,"column":0},"end":{"line":12,"column":40}}},"fnMap":{"0":{"name":"(anonymous_3)","decl":{"start":{"line":8,"column":61},"end":{"line":8,"column":null}},"loc":{"start":{"line":9,"column":27},"end":{"line":10,"column":6}}}},"branchMap":{},"s":{"0":4,"1":4,"2":4,"3":4,"4":2,"5":4},"f":{"0":2},"b":{}},"/home/saraiva/Projects/Natura/natds/packages/web/src/Components/DialogContent.tsx":{"path":"/home/saraiva/Projects/Natura/natds/packages/web/src/Components/DialogContent.tsx","statementMap":{"0":{"start":{"line":1,"column":0},"end":{"line":1,"column":49}},"1":{"start":{"line":3,"column":0},"end":{"line":3,"column":null}},"2":{"start":{"line":6,"column":0},"end":{"line":6,"column":48}},"3":{"start":{"line":8,"column":61},"end":{"line":10,"column":6}},"4":{"start":{"line":10,"column":5},"end":{"line":10,"column":42}},"5":{"start":{"line":12,"column":0},"end":{"line":12,"column":40}}},"fnMap":{"0":{"name":"(anonymous_3)","decl":{"start":{"line":8,"column":61},"end":{"line":8,"column":null}},"loc":{"start":{"line":9,"column":27},"end":{"line":10,"column":6}}}},"branchMap":{},"s":{"0":4,"1":4,"2":4,"3":4,"4":4,"5":4},"f":{"0":4},"b":{}},"/home/saraiva/Projects/Natura/natds/packages/web/src/Components/DialogContentText.tsx":{"path":"/home/saraiva/Projects/Natura/natds/packages/web/src/Components/DialogContentText.tsx","statementMap":{"0":{"start":{"line":1,"column":0},"end":{"line":1,"column":49}},"1":{"start":{"line":3,"column":0},"end":{"line":3,"column":null}},"2":{"start":{"line":6,"column":0},"end":{"line":6,"column":48}},"3":{"start":{"line":8,"column":69},"end":{"line":10,"column":6}},"4":{"start":{"line":10,"column":5},"end":{"line":10,"column":46}},"5":{"start":{"line":12,"column":0},"end":{"line":12,"column":44}}},"fnMap":{"0":{"name":"(anonymous_3)","decl":{"start":{"line":8,"column":69},"end":{"line":8,"column":null}},"loc":{"start":{"line":9,"column":31},"end":{"line":10,"column":6}}}},"branchMap":{},"s":{"0":4,"1":4,"2":4,"3":4,"4":3,"5":4},"f":{"0":3},"b":{}},"/home/saraiva/Projects/Natura/natds/packages/web/src/Components/DialogTitle.tsx":{"path":"/home/saraiva/Projects/Natura/natds/packages/web/src/Components/DialogTitle.tsx","statementMap":{"0":{"start":{"line":1,"column":0},"end":{"line":1,"column":49}},"1":{"start":{"line":3,"column":0},"end":{"line":3,"column":null}},"2":{"start":{"line":6,"column":0},"end":{"line":6,"column":48}},"3":{"start":{"line":8,"column":57},"end":{"line":10,"column":6}},"4":{"start":{"line":10,"column":5},"end":{"line":10,"column":40}},"5":{"start":{"line":12,"column":0},"end":{"line":12,"column":38}}},"fnMap":{"0":{"name":"(anonymous_3)","decl":{"start":{"line":8,"column":57},"end":{"line":8,"column":null}},"loc":{"start":{"line":9,"column":25},"end":{"line":10,"column":6}}}},"branchMap":{},"s":{"0":4,"1":4,"2":4,"3":4,"4":2,"5":4},"f":{"0":2},"b":{}},"/home/saraiva/Projects/Natura/natds/packages/web/src/Components/Divider.tsx":{"path":"/home/saraiva/Projects/Natura/natds/packages/web/src/Components/Divider.tsx","statementMap":{"0":{"start":{"line":1,"column":0},"end":{"line":1,"column":49}},"1":{"start":{"line":3,"column":0},"end":{"line":3,"column":74}},"2":{"start":{"line":4,"column":0},"end":{"line":4,"column":48}},"3":{"start":{"line":6,"column":68},"end":{"line":10,"column":1}},"4":{"start":{"line":9,"column":2},"end":{"line":9,"column":40}},"5":{"start":{"line":12,"column":0},"end":{"line":12,"column":34}}},"fnMap":{"0":{"name":"(anonymous_3)","decl":{"start":{"line":6,"column":68},"end":{"line":6,"column":null}},"loc":{"start":{"line":7,"column":40},"end":{"line":10,"column":1}}}},"branchMap":{},"s":{"0":5,"1":5,"2":5,"3":5,"4":3,"5":5},"f":{"0":3},"b":{}},"/home/saraiva/Projects/Natura/natds/packages/web/src/Components/GridItem.tsx":{"path":"/home/saraiva/Projects/Natura/natds/packages/web/src/Components/GridItem.tsx","statementMap":{"0":{"start":{"line":1,"column":0},"end":{"line":1,"column":49}},"1":{"start":{"line":2,"column":0},"end":{"line":2,"column":65}},"2":{"start":{"line":4,"column":47},"end":{"line":6,"column":1}},"3":{"start":{"line":5,"column":2},"end":{"line":5,"column":42}},"4":{"start":{"line":8,"column":0},"end":{"line":8,"column":24}}},"fnMap":{"0":{"name":"(anonymous_3)","decl":{"start":{"line":4,"column":47},"end":{"line":4,"column":48}},"loc":{"start":{"line":4,"column":64},"end":{"line":6,"column":1}}}},"branchMap":{},"s":{"0":5,"1":5,"2":5,"3":1,"4":5},"f":{"0":1},"b":{}},"/home/saraiva/Projects/Natura/natds/packages/web/src/Components/GridContainer.tsx":{"path":"/home/saraiva/Projects/Natura/natds/packages/web/src/Components/GridContainer.tsx","statementMap":{"0":{"start":{"line":1,"column":0},"end":{"line":1,"column":49}},"1":{"start":{"line":2,"column":0},"end":{"line":2,"column":65}},"2":{"start":{"line":4,"column":52},"end":{"line":6,"column":1}},"3":{"start":{"line":5,"column":2},"end":{"line":5,"column":47}},"4":{"start":{"line":8,"column":0},"end":{"line":8,"column":29}}},"fnMap":{"0":{"name":"(anonymous_3)","decl":{"start":{"line":4,"column":52},"end":{"line":4,"column":53}},"loc":{"start":{"line":4,"column":69},"end":{"line":6,"column":1}}}},"branchMap":{},"s":{"0":5,"1":5,"2":5,"3":1,"4":5},"f":{"0":1},"b":{}},"/home/saraiva/Projects/Natura/natds/packages/web/src/Components/Fab.tsx":{"path":"/home/saraiva/Projects/Natura/natds/packages/web/src/Components/Fab.tsx","statementMap":{"0":{"start":{"line":1,"column":0},"end":{"line":1,"column":31}},"1":{"start":{"line":2,"column":0},"end":{"line":2,"column":62}},"2":{"start":{"line":3,"column":0},"end":{"line":3,"column":69}},"3":{"start":{"line":4,"column":0},"end":{"line":4,"column":37}},"4":{"start":{"line":6,"column":0},"end":{"line":6,"column":46}},"5":{"start":{"line":29,"column":48},"end":{"line":71,"column":1}},"6":{"start":{"line":31,"column":4},"end":{"line":31,"column":21}},"7":{"start":{"line":32,"column":4},"end":{"line":32,"column":24}},"8":{"start":{"line":33,"column":4},"end":{"line":33,"column":12}},"9":{"start":{"line":34,"column":4},"end":{"line":34,"column":9}},"10":{"start":{"line":37,"column":16},"end":{"line":43,"column":21}},"11":{"start":{"line":38,"column":32},"end":{"line":38,"column":73}},"12":{"start":{"line":39,"column":31},"end":{"line":39,"column":77}},"13":{"start":{"line":40,"column":4},"end":{"line":42,"column":22}},"14":{"start":{"line":45,"column":19},"end":{"line":61,"column":13}},"15":{"start":{"line":46,"column":12},"end":{"line":46,"column":19}},"16":{"start":{"line":47,"column":4},"end":{"line":60,"column":6}},"17":{"start":{"line":63,"column":2},"end":{"line":70,"column":5}},"18":{"start":{"line":73,"column":0},"end":{"line":73,"column":30}}},"fnMap":{"0":{"name":"(anonymous_4)","decl":{"start":{"line":29,"column":48},"end":{"line":29,"column":49}},"loc":{"start":{"line":29,"column":65},"end":{"line":71,"column":1}}},"1":{"name":"(anonymous_5)","decl":{"start":{"line":37,"column":30},"end":{"line":37,"column":null}},"loc":{"start":{"line":37,"column":30},"end":{"line":43,"column":3}}},"2":{"name":"(anonymous_6)","decl":{"start":{"line":45,"column":33},"end":{"line":45,"column":null}},"loc":{"start":{"line":45,"column":33},"end":{"line":61,"column":3}}}},"branchMap":{"0":{"loc":{"start":{"line":31,"column":4},"end":{"line":31,"column":21}},"type":"cond-expr","locations":[{"start":{"line":31,"column":4},"end":{"line":31,"column":21}},{"start":{"line":31,"column":4},"end":{"line":31,"column":21}}]},"1":{"loc":{"start":{"line":41,"column":8},"end":{"line":41,"column":43}},"type":"cond-expr","locations":[{"start":{"line":41,"column":8},"end":{"line":41,"column":43}},{"start":{"line":42,"column":8},"end":{"line":42,"column":21}}]},"2":{"loc":{"start":{"line":67,"column":22},"end":{"line":67,"column":37}},"type":"cond-expr","locations":[{"start":{"line":67,"column":22},"end":{"line":67,"column":37}},{"start":{"line":67,"column":40},"end":{"line":67,"column":42}}]}},"s":{"0":4,"1":4,"2":4,"3":4,"4":4,"5":4,"6":22,"7":11,"8":11,"9":11,"10":11,"11":11,"12":11,"13":11,"14":11,"15":11,"16":11,"17":11,"18":4},"f":{"0":11,"1":11,"2":11},"b":{"0":[8,3],"1":[10,1],"2":[10,1]}},"/home/saraiva/Projects/Natura/natds/packages/web/src/Components/Typography.tsx":{"path":"/home/saraiva/Projects/Natura/natds/packages/web/src/Components/Typography.tsx","statementMap":{"0":{"start":{"line":1,"column":0},"end":{"line":1,"column":31}},"1":{"start":{"line":2,"column":0},"end":{"line":2,"column":69}},"2":{"start":{"line":3,"column":0},"end":{"line":3,"column":48}},"3":{"start":{"line":71,"column":62},"end":{"line":101,"column":1}},"4":{"start":{"line":75,"column":4},"end":{"line":75,"column":21}},"5":{"start":{"line":76,"column":4},"end":{"line":76,"column":21}},"6":{"start":{"line":77,"column":4},"end":{"line":77,"column":11}},"7":{"start":{"line":78,"column":4},"end":{"line":78,"column":9}},"8":{"start":{"line":79,"column":4},"end":{"line":79,"column":18}},"9":{"start":{"line":80,"column":4},"end":{"line":80,"column":13}},"10":{"start":{"line":81,"column":4},"end":{"line":81,"column":13}},"11":{"start":{"line":82,"column":4},"end":{"line":82,"column":18}},"12":{"start":{"line":83,"column":4},"end":{"line":83,"column":11}},"13":{"start":{"line":86,"column":2},"end":{"line":100,"column":4}},"14":{"start":{"line":103,"column":0},"end":{"line":103,"column":37}}},"fnMap":{"0":{"name":"(anonymous_4)","decl":{"start":{"line":71,"column":62},"end":{"line":71,"column":null}},"loc":{"start":{"line":72,"column":25},"end":{"line":101,"column":1}}}},"branchMap":{"0":{"loc":{"start":{"line":75,"column":4},"end":{"line":75,"column":21}},"type":"cond-expr","locations":[{"start":{"line":75,"column":4},"end":{"line":75,"column":21}},{"start":{"line":75,"column":4},"end":{"line":75,"column":21}}]},"1":{"loc":{"start":{"line":76,"column":4},"end":{"line":76,"column":21}},"type":"cond-expr","locations":[{"start":{"line":76,"column":4},"end":{"line":76,"column":21}},{"start":{"line":76,"column":4},"end":{"line":76,"column":21}}]},"2":{"loc":{"start":{"line":79,"column":4},"end":{"line":79,"column":18}},"type":"cond-expr","locations":[{"start":{"line":79,"column":4},"end":{"line":79,"column":18}},{"start":{"line":79,"column":4},"end":{"line":79,"column":18}}]}},"s":{"0":4,"1":4,"2":4,"3":4,"4":12,"5":12,"6":6,"7":6,"8":12,"9":6,"10":6,"11":6,"12":6,"13":6,"14":4},"f":{"0":6},"b":{"0":[4,2],"1":[5,1],"2":[5,1]}}}}