{"/home/saraiva/Projects/Natura/natds/packages/mobile/src/Components/Chip/Chip.tsx": {"path":"/home/saraiva/Projects/Natura/natds/packages/mobile/src/Components/Chip/Chip.tsx","statementMap":{"0":{"start":{"line":1,"column":0},"end":{"line":1,"column":55}},"1":{"start":{"line":3,"column":0},"end":{"line":3,"column":45}},"2":{"start":{"line":3,"column":34},"end":{"line":3,"column":43}},"3":{"start":{"line":3,"column":45},"end":{"line":3,"column":null}}},"fnMap":{"0":{"name":"(anonymous_6)","decl":{"start":{"line":3,"column":0},"end":{"line":3,"column":34}},"loc":{"start":{"line":3,"column":0},"end":{"line":3,"column":-1}}}},"branchMap":{},"s":{"0":1,"1":1,"2":1,"3":1},"f":{"0":14},"b":{}}
}
