{"numFailedTestSuites":0,"numFailedTests":0,"numPassedTestSuites":1,"numPassedTests":13,"numPendingTestSuites":0,"numPendingTests":0,"numRuntimeErrorTestSuites":0,"numTodoTests":0,"numTotalTestSuites":1,"numTotalTests":13,"openHandles":[],"snapshot":{"added":0,"didUpdate":false,"failure":false,"filesAdded":0,"filesRemoved":0,"filesRemovedList":[],"filesUnmatched":0,"filesUpdated":0,"matched":11,"total":11,"unchecked":0,"uncheckedKeysByFile":[],"unmatched":0,"updated":0},"startTime":1571232594100,"success":true,"testResults":[{"assertionResults":[{"ancestorTitles":["Chip","rendering"],"failureMessages":[],"fullName":"Chip rendering should match to snapshot - Default","location":null,"status":"passed","title":"should match to snapshot - Default"},{"ancestorTitles":["Chip","rendering"],"failureMessages":[],"fullName":"Chip rendering should match to snapshot - Icon","location":null,"status":"passed","title":"should match to snapshot - Icon"},{"ancestorTitles":["Chip","rendering"],"failureMessages":[],"fullName":"Chip rendering should match to snapshot - Avatar","location":null,"status":"passed","title":"should match to snapshot - Avatar"},{"ancestorTitles":["Chip","rendering"],"failureMessages":[],"fullName":"Chip rendering should match to snapshot - Selected","location":null,"status":"passed","title":"should match to snapshot - Selected"},{"ancestorTitles":["Chip","rendering"],"failureMessages":[],"fullName":"Chip rendering should match to snapshot - SelectedColor","location":null,"status":"passed","title":"should match to snapshot - SelectedColor"},{"ancestorTitles":["Chip","rendering"],"failureMessages":[],"fullName":"Chip rendering should match to snapshot - Disabled","location":null,"status":"passed","title":"should match to snapshot - Disabled"},{"ancestorTitles":["Chip","rendering"],"failureMessages":[],"fullName":"Chip rendering should match to snapshot - AccessibilityLabel","location":null,"status":"passed","title":"should match to snapshot - AccessibilityLabel"},{"ancestorTitles":["Chip","rendering"],"failureMessages":[],"fullName":"Chip rendering should match to snapshot - TextStyle","location":null,"status":"passed","title":"should match to snapshot - TextStyle"},{"ancestorTitles":["Chip","rendering"],"failureMessages":[],"fullName":"Chip rendering should match to snapshot - Style","location":null,"status":"passed","title":"should match to snapshot - Style"},{"ancestorTitles":["Chip","rendering"],"failureMessages":[],"fullName":"Chip rendering should match to snapshot - Theme","location":null,"status":"passed","title":"should match to snapshot - Theme"},{"ancestorTitles":["Chip","rendering"],"failureMessages":[],"fullName":"Chip rendering should match to snapshot - TestID","location":null,"status":"passed","title":"should match to snapshot - TestID"},{"ancestorTitles":["Chip","interaction"],"failureMessages":[],"fullName":"Chip interaction should call onPress","location":null,"status":"passed","title":"should call onPress"},{"ancestorTitles":["Chip","interaction"],"failureMessages":[],"fullName":"Chip interaction should call onClose","location":null,"status":"passed","title":"should call onClose"}],"endTime":1571232597899,"message":"","name":"/Users/vicentelyrio/Projects/natura/natds/packages/mobile/src/__tests__/Chip.spec.tsx","startTime":1571232595555,"status":"passed","summary":""}],"wasInterrupted":false}