{"numFailedTestSuites":0,"numFailedTests":0,"numPassedTestSuites":6,"numPassedTests":7,"numPendingTestSuites":0,"numPendingTests":0,"numRuntimeErrorTestSuites":0,"numTodoTests":0,"numTotalTestSuites":6,"numTotalTests":7,"openHandles":[],"snapshot":{"added":0,"didUpdate":true,"failure":false,"filesAdded":0,"filesRemoved":0,"filesRemovedList":[],"filesUnmatched":0,"filesUpdated":0,"matched":3,"total":3,"unchecked":0,"uncheckedKeysByFile":[],"unmatched":0,"updated":0},"startTime":1576002520712,"success":true,"testResults":[{"assertionResults":[{"ancestorTitles":["FontSize tokens"],"failureMessages":[],"fullName":"FontSize tokens it should match the expected font size tokens","location":null,"status":"passed","title":"it should match the expected font size tokens"}],"endTime":1576002523406,"message":"","name":"/Users/vicentelyrio/Projects/natura/natds/packages/styles/src/__tests__/tokens/fontSize/fontSize.spec.ts","startTime":1576002522123,"status":"passed","summary":""},{"assertionResults":[{"ancestorTitles":["Natura Avatar Sizes Tokens"],"failureMessages":[],"fullName":"Natura Avatar Sizes Tokens it should match the expected natura tokens json","location":null,"status":"passed","title":"it should match the expected natura tokens json"}],"endTime":1576002523426,"message":"","name":"/Users/vicentelyrio/Projects/natura/natds/packages/styles/src/__tests__/tokens/avatarSizes/avatarSizes.spec.ts","startTime":1576002522085,"status":"passed","summary":""},{"assertionResults":[{"ancestorTitles":["Natura Spacing Tokens"],"failureMessages":[],"fullName":"Natura Spacing Tokens it should match the expected natura tokens json","location":null,"status":"passed","title":"it should match the expected natura tokens json"}],"endTime":1576002523426,"message":"","name":"/Users/vicentelyrio/Projects/natura/natds/packages/styles/src/__tests__/tokens/spacing/spacing.spec.ts","startTime":1576002522129,"status":"passed","summary":""},{"assertionResults":[{"ancestorTitles":["Opacity"],"failureMessages":[],"fullName":"Opacity Opacity matches snapshot","location":null,"status":"passed","title":"Opacity matches snapshot"}],"endTime":1576002523446,"message":"","name":"/Users/vicentelyrio/Projects/natura/natds/packages/styles/src/__tests__/tokens/opacity/opacity.spec.ts","startTime":1576002522119,"status":"passed","summary":""},{"assertionResults":[{"ancestorTitles":["Natura Theme"],"failureMessages":[],"fullName":"Natura Theme it should match Natura Dark theme snapshot","location":null,"status":"passed","title":"it should match Natura Dark theme snapshot"},{"ancestorTitles":["Natura Theme"],"failureMessages":[],"fullName":"Natura Theme it should match Natura Dark theme snapshot","location":null,"status":"passed","title":"it should match Natura Dark theme snapshot"}],"endTime":1576002523462,"message":"","name":"/Users/vicentelyrio/Projects/natura/natds/packages/styles/src/__tests__/themes/natura/natura.spec.ts","startTime":1576002522119,"status":"passed","summary":""},{"assertionResults":[{"ancestorTitles":["Natura Color Tokens"],"failureMessages":[],"fullName":"Natura Color Tokens it should match the expected natura tokens json","location":null,"status":"passed","title":"it should match the expected natura tokens json"}],"endTime":1576002523517,"message":"","name":"/Users/vicentelyrio/Projects/natura/natds/packages/styles/src/__tests__/tokens/colors/natura/natura.spec.ts","startTime":1576002522099,"status":"passed","summary":""}],"wasInterrupted":false,"coverageMap":{"/Users/vicentelyrio/Projects/natura/natds/packages/styles/src/tokens/fontSize/fontSize.ts":{"path":"/Users/vicentelyrio/Projects/natura/natds/packages/styles/src/tokens/fontSize/fontSize.ts","statementMap":{"0":{"start":{"line":3,"column":13},"end":{"line":56,"column":2}}},"fnMap":{},"branchMap":{},"s":{"0":5},"f":{},"b":{}},"/Users/vicentelyrio/Projects/natura/natds/packages/styles/src/index.ts":{"path":"/Users/vicentelyrio/Projects/natura/natds/packages/styles/src/index.ts","statementMap":{"0":{"start":{"line":1,"column":0},"end":{"line":1,"column":9}},"1":{"start":{"line":1,"column":9},"end":{"line":1,"column":26}},"2":{"start":{"line":5,"column":0},"end":{"line":5,"column":9}},"3":{"start":{"line":5,"column":9},"end":{"line":5,"column":26}}},"fnMap":{},"branchMap":{},"s":{"0":4,"1":4,"2":4,"3":4},"f":{},"b":{}},"/Users/vicentelyrio/Projects/natura/natds/packages/styles/src/tokens.ts":{"path":"/Users/vicentelyrio/Projects/natura/natds/packages/styles/src/tokens.ts","statementMap":{"0":{"start":{"line":1,"column":0},"end":{"line":1,"column":55}},"1":{"start":{"line":2,"column":0},"end":{"line":2,"column":51}},"2":{"start":{"line":3,"column":0},"end":{"line":3,"column":63}},"3":{"start":{"line":4,"column":0},"end":{"line":4,"column":54}},"4":{"start":{"line":5,"column":0},"end":{"line":5,"column":60}},"5":{"start":{"line":6,"column":0},"end":{"line":6,"column":48}},"6":{"start":{"line":7,"column":0},"end":{"line":7,"column":51}},"7":{"start":{"line":8,"column":0},"end":{"line":8,"column":57}},"8":{"start":{"line":10,"column":0},"end":{"line":21,"column":2}}},"fnMap":{},"branchMap":{},"s":{"0":4,"1":4,"2":4,"3":4,"4":4,"5":4,"6":4,"7":4,"8":4},"f":{},"b":{}},"/Users/vicentelyrio/Projects/natura/natds/packages/styles/src/tokens/colors/natura/natura.ts":{"path":"/Users/vicentelyrio/Projects/natura/natds/packages/styles/src/tokens/colors/natura/natura.ts","statementMap":{"0":{"start":{"line":3,"column":13},"end":{"line":79,"column":2}}},"fnMap":{},"branchMap":{},"s":{"0":4},"f":{},"b":{}},"/Users/vicentelyrio/Projects/natura/natds/packages/styles/src/tokens/spacing/spacing.ts":{"path":"/Users/vicentelyrio/Projects/natura/natds/packages/styles/src/tokens/spacing/spacing.ts","statementMap":{"0":{"start":{"line":3,"column":13},"end":{"line":13,"column":2}}},"fnMap":{},"branchMap":{},"s":{"0":4},"f":{},"b":{}},"/Users/vicentelyrio/Projects/natura/natds/packages/styles/src/tokens/avatarSizes/avatarSizes.ts":{"path":"/Users/vicentelyrio/Projects/natura/natds/packages/styles/src/tokens/avatarSizes/avatarSizes.ts","statementMap":{"0":{"start":{"line":3,"column":13},"end":{"line":24,"column":2}}},"fnMap":{},"branchMap":{},"s":{"0":4},"f":{},"b":{}},"/Users/vicentelyrio/Projects/natura/natds/packages/styles/src/tokens/buttonSize/buttonSize.ts":{"path":"/Users/vicentelyrio/Projects/natura/natds/packages/styles/src/tokens/buttonSize/buttonSize.ts","statementMap":{"0":{"start":{"line":3,"column":13},"end":{"line":25,"column":2}}},"fnMap":{},"branchMap":{},"s":{"0":4},"f":{},"b":{}},"/Users/vicentelyrio/Projects/natura/natds/packages/styles/src/tokens/radius/radius.ts":{"path":"/Users/vicentelyrio/Projects/natura/natds/packages/styles/src/tokens/radius/radius.ts","statementMap":{"0":{"start":{"line":3,"column":13},"end":{"line":9,"column":2}}},"fnMap":{},"branchMap":{},"s":{"0":4},"f":{},"b":{}},"/Users/vicentelyrio/Projects/natura/natds/packages/styles/src/tokens/opacity/opacity.ts":{"path":"/Users/vicentelyrio/Projects/natura/natds/packages/styles/src/tokens/opacity/opacity.ts","statementMap":{"0":{"start":{"line":3,"column":13},"end":{"line":15,"column":2}}},"fnMap":{},"branchMap":{},"s":{"0":5},"f":{},"b":{}},"/Users/vicentelyrio/Projects/natura/natds/packages/styles/src/tokens/elevation/elevation.ts":{"path":"/Users/vicentelyrio/Projects/natura/natds/packages/styles/src/tokens/elevation/elevation.ts","statementMap":{"0":{"start":{"line":3,"column":13},"end":{"line":15,"column":2}}},"fnMap":{},"branchMap":{},"s":{"0":4},"f":{},"b":{}},"/Users/vicentelyrio/Projects/natura/natds/packages/styles/src/themes.ts":{"path":"/Users/vicentelyrio/Projects/natura/natds/packages/styles/src/themes.ts","statementMap":{"0":{"start":{"line":1,"column":0},"end":{"line":1,"column":68}},"1":{"start":{"line":2,"column":0},"end":{"line":2,"column":65}},"2":{"start":{"line":5,"column":0},"end":{"line":7,"column":2}}},"fnMap":{},"branchMap":{},"s":{"0":4,"1":4,"2":4},"f":{},"b":{}},"/Users/vicentelyrio/Projects/natura/natds/packages/styles/src/themes/natura/natura-light.ts":{"path":"/Users/vicentelyrio/Projects/natura/natds/packages/styles/src/themes/natura/natura-light.ts","statementMap":{"0":{"start":{"line":1,"column":0},"end":{"line":1,"column":34}},"1":{"start":{"line":3,"column":0},"end":{"line":3,"column":42}},"2":{"start":{"line":4,"column":0},"end":{"line":4,"column":58}},"3":{"start":{"line":5,"column":0},"end":{"line":5,"column":55}},"4":{"start":{"line":6,"column":0},"end":{"line":6,"column":67}},"5":{"start":{"line":7,"column":0},"end":{"line":7,"column":64}},"6":{"start":{"line":8,"column":0},"end":{"line":8,"column":61}},"7":{"start":{"line":10,"column":8},"end":{"line":10,"column":14}},"8":{"start":{"line":12,"column":13},"end":{"line":91,"column":2}}},"fnMap":{},"branchMap":{},"s":{"0":4,"1":4,"2":4,"3":4,"4":4,"5":4,"6":4,"7":4,"8":4},"f":{},"b":{}},"/Users/vicentelyrio/Projects/natura/natds/packages/styles/src/themes/natura/typography.ts":{"path":"/Users/vicentelyrio/Projects/natura/natds/packages/styles/src/themes/natura/typography.ts","statementMap":{"0":{"start":{"line":1,"column":13},"end":{"line":32,"column":2}}},"fnMap":{},"branchMap":{},"s":{"0":4},"f":{},"b":{}},"/Users/vicentelyrio/Projects/natura/natds/packages/styles/src/themes/natura/natura-dark.ts":{"path":"/Users/vicentelyrio/Projects/natura/natds/packages/styles/src/themes/natura/natura-dark.ts","statementMap":{"0":{"start":{"line":1,"column":0},"end":{"line":1,"column":34}},"1":{"start":{"line":3,"column":0},"end":{"line":3,"column":42}},"2":{"start":{"line":4,"column":0},"end":{"line":4,"column":58}},"3":{"start":{"line":5,"column":0},"end":{"line":5,"column":55}},"4":{"start":{"line":6,"column":0},"end":{"line":6,"column":67}},"5":{"start":{"line":7,"column":0},"end":{"line":7,"column":64}},"6":{"start":{"line":8,"column":0},"end":{"line":8,"column":61}},"7":{"start":{"line":10,"column":8},"end":{"line":10,"column":14}},"8":{"start":{"line":12,"column":13},"end":{"line":92,"column":2}}},"fnMap":{},"branchMap":{},"s":{"0":4,"1":4,"2":4,"3":4,"4":4,"5":4,"6":4,"7":4,"8":4},"f":{},"b":{}}}}