{"/home/travis/build/natura-cosmeticos/natds-js/packages/icons/scripts/helpers/capitalizeWord.js": {"path":"/home/travis/build/natura-cosmeticos/natds-js/packages/icons/scripts/helpers/capitalizeWord.js","statementMap":{"0":{"start":{"line":2,"column":23},"end":{"line":2,"column":75}},"1":{"start":{"line":2,"column":33},"end":{"line":2,"column":75}},"2":{"start":{"line":4,"column":0},"end":{"line":4,"column":32}}},"fnMap":{"0":{"name":"(anonymous_0)","decl":{"start":{"line":2,"column":23},"end":{"line":2,"column":24}},"loc":{"start":{"line":2,"column":33},"end":{"line":2,"column":75}},"line":2}},"branchMap":{},"s":{"0":6,"1":12,"2":6},"f":{"0":12},"b":{},"_coverageSchema":"1a1c01bbd47fc00a2c39e90264f33305004495a9","hash":"2fd90ad240b3eaca355b24c4efa3a44983263b1b"}
,"/home/travis/build/natura-cosmeticos/natds-js/packages/icons/scripts/helpers/getIconString.js": {"path":"/home/travis/build/natura-cosmeticos/natds-js/packages/icons/scripts/helpers/getIconString.js","statementMap":{"0":{"start":{"line":1,"column":23},"end":{"line":1,"column":50}},"1":{"start":{"line":3,"column":22},"end":{"line":10,"column":1}},"2":{"start":{"line":4,"column":17},"end":{"line":7,"column":13}},"3":{"start":{"line":9,"column":2},"end":{"line":9,"column":16}},"4":{"start":{"line":12,"column":0},"end":{"line":12,"column":31}}},"fnMap":{"0":{"name":"(anonymous_0)","decl":{"start":{"line":3,"column":22},"end":{"line":3,"column":23}},"loc":{"start":{"line":3,"column":36},"end":{"line":10,"column":1}},"line":3}},"branchMap":{},"s":{"0":1,"1":1,"2":1,"3":1,"4":1},"f":{"0":1},"b":{},"_coverageSchema":"1a1c01bbd47fc00a2c39e90264f33305004495a9","hash":"3e496aa79011359a4df4aac0fc3e05d5ad55b2e4"}
,"/home/travis/build/natura-cosmeticos/natds-js/packages/icons/scripts/helpers/getUnicodeIconString.js": {"path":"/home/travis/build/natura-cosmeticos/natds-js/packages/icons/scripts/helpers/getUnicodeIconString.js","statementMap":{"0":{"start":{"line":1,"column":20},"end":{"line":1,"column":44}},"1":{"start":{"line":2,"column":21},"end":{"line":2,"column":46}},"2":{"start":{"line":4,"column":29},"end":{"line":11,"column":1}},"3":{"start":{"line":5,"column":17},"end":{"line":8,"column":13}},"4":{"start":{"line":7,"column":23},"end":{"line":7,"column":103}},"5":{"start":{"line":10,"column":2},"end":{"line":10,"column":16}},"6":{"start":{"line":13,"column":0},"end":{"line":13,"column":38}}},"fnMap":{"0":{"name":"(anonymous_0)","decl":{"start":{"line":4,"column":29},"end":{"line":4,"column":30}},"loc":{"start":{"line":4,"column":43},"end":{"line":11,"column":1}},"line":4},"1":{"name":"(anonymous_1)","decl":{"start":{"line":7,"column":9},"end":{"line":7,"column":10}},"loc":{"start":{"line":7,"column":23},"end":{"line":7,"column":103}},"line":7}},"branchMap":{},"s":{"0":1,"1":1,"2":1,"3":1,"4":2,"5":1,"6":1},"f":{"0":1,"1":2},"b":{},"_coverageSchema":"1a1c01bbd47fc00a2c39e90264f33305004495a9","hash":"81d2cf495d08e9a5ec1d26627b8dd220e6d8c830"}
,"/home/travis/build/natura-cosmeticos/natds-js/packages/icons/scripts/helpers/iconNameMapper.js": {"path":"/home/travis/build/natura-cosmeticos/natds-js/packages/icons/scripts/helpers/iconNameMapper.js","statementMap":{"0":{"start":{"line":1,"column":20},"end":{"line":1,"column":44}},"1":{"start":{"line":3,"column":23},"end":{"line":3,"column":86}},"2":{"start":{"line":3,"column":37},"end":{"line":3,"column":86}},"3":{"start":{"line":5,"column":0},"end":{"line":5,"column":32}}},"fnMap":{"0":{"name":"(anonymous_0)","decl":{"start":{"line":3,"column":23},"end":{"line":3,"column":24}},"loc":{"start":{"line":3,"column":37},"end":{"line":3,"column":86}},"line":3}},"branchMap":{},"s":{"0":2,"1":2,"2":3,"3":2},"f":{"0":3},"b":{},"_coverageSchema":"1a1c01bbd47fc00a2c39e90264f33305004495a9","hash":"16b43ee2abcc232f223636a8b7163e0b3951410e"}
,"/home/travis/build/natura-cosmeticos/natds-js/packages/icons/scripts/helpers/toCamelCase.js": {"path":"/home/travis/build/natura-cosmeticos/natds-js/packages/icons/scripts/helpers/toCamelCase.js","statementMap":{"0":{"start":{"line":1,"column":26},"end":{"line":1,"column":56}},"1":{"start":{"line":3,"column":20},"end":{"line":6,"column":11}},"2":{"start":{"line":3,"column":30},"end":{"line":6,"column":11}},"3":{"start":{"line":8,"column":0},"end":{"line":8,"column":29}}},"fnMap":{"0":{"name":"(anonymous_0)","decl":{"start":{"line":3,"column":20},"end":{"line":3,"column":21}},"loc":{"start":{"line":3,"column":30},"end":{"line":6,"column":11}},"line":3}},"branchMap":{},"s":{"0":4,"1":4,"2":6,"3":4},"f":{"0":6},"b":{},"_coverageSchema":"1a1c01bbd47fc00a2c39e90264f33305004495a9","hash":"ec63155a7457b675ae738426fbe6b773808cc1dc"}
,"/home/travis/build/natura-cosmeticos/natds-js/packages/icons/scripts/helpers/toCamelCaseMapper.js": {"path":"/home/travis/build/natura-cosmeticos/natds-js/packages/icons/scripts/helpers/toCamelCaseMapper.js","statementMap":{"0":{"start":{"line":1,"column":23},"end":{"line":1,"column":50}},"1":{"start":{"line":3,"column":26},"end":{"line":12,"column":1}},"2":{"start":{"line":5,"column":21},"end":{"line":5,"column":22}},"3":{"start":{"line":7,"column":2},"end":{"line":9,"column":3}},"4":{"start":{"line":8,"column":4},"end":{"line":8,"column":16}},"5":{"start":{"line":11,"column":2},"end":{"line":11,"column":30}},"6":{"start":{"line":14,"column":0},"end":{"line":14,"column":35}}},"fnMap":{"0":{"name":"(anonymous_0)","decl":{"start":{"line":3,"column":26},"end":{"line":3,"column":27}},"loc":{"start":{"line":3,"column":43},"end":{"line":12,"column":1}},"line":3}},"branchMap":{"0":{"loc":{"start":{"line":7,"column":2},"end":{"line":9,"column":3}},"type":"if","locations":[{"start":{"line":7,"column":2},"end":{"line":9,"column":3}},{"start":{"line":7,"column":2},"end":{"line":9,"column":3}}],"line":7}},"s":{"0":5,"1":5,"2":18,"3":18,"4":7,"5":11,"6":5},"f":{"0":18},"b":{"0":[7,11]},"_coverageSchema":"1a1c01bbd47fc00a2c39e90264f33305004495a9","hash":"af216428f4d5c318670da85dc4f8cbbd15ac16a6"}
,"/home/travis/build/natura-cosmeticos/natds-js/packages/icons/scripts/helpers/toIosUnicode.js": {"path":"/home/travis/build/natura-cosmeticos/natds-js/packages/icons/scripts/helpers/toIosUnicode.js","statementMap":{"0":{"start":{"line":1,"column":21},"end":{"line":1,"column":69}},"1":{"start":{"line":1,"column":34},"end":{"line":1,"column":69}},"2":{"start":{"line":3,"column":0},"end":{"line":3,"column":30}}},"fnMap":{"0":{"name":"(anonymous_0)","decl":{"start":{"line":1,"column":21},"end":{"line":1,"column":22}},"loc":{"start":{"line":1,"column":34},"end":{"line":1,"column":69}},"line":1}},"branchMap":{},"s":{"0":2,"1":3,"2":2},"f":{"0":3},"b":{},"_coverageSchema":"1a1c01bbd47fc00a2c39e90264f33305004495a9","hash":"b44acc4c8045e2b6c39f814873f8c08b08ef1886"}
}
