TN:
SF:scripts/helpers/capitalizeWord.js
FN:2,(anonymous_0)
FNF:1
FNH:1
FNDA:12,(anonymous_0)
DA:2,12
DA:4,6
LF:2
LH:2
BRF:0
BRH:0
end_of_record
TN:
SF:scripts/helpers/getIconString.js
FN:3,(anonymous_0)
FNF:1
FNH:1
FNDA:1,(anonymous_0)
DA:1,1
DA:3,1
DA:4,1
DA:9,1
DA:12,1
LF:5
LH:5
BRF:0
BRH:0
end_of_record
TN:
SF:scripts/helpers/getUnicodeIconString.js
FN:4,(anonymous_0)
FN:7,(anonymous_1)
FNF:2
FNH:2
FNDA:1,(anonymous_0)
FNDA:2,(anonymous_1)
DA:1,1
DA:2,1
DA:4,1
DA:5,1
DA:7,2
DA:10,1
DA:13,1
LF:7
LH:7
BRF:0
BRH:0
end_of_record
TN:
SF:scripts/helpers/iconNameMapper.js
FN:3,(anonymous_0)
FNF:1
FNH:1
FNDA:3,(anonymous_0)
DA:1,2
DA:3,3
DA:5,2
LF:3
LH:3
BRF:0
BRH:0
end_of_record
TN:
SF:scripts/helpers/toCamelCase.js
FN:3,(anonymous_0)
FNF:1
FNH:1
FNDA:6,(anonymous_0)
DA:1,4
DA:3,6
DA:8,4
LF:3
LH:3
BRF:0
BRH:0
end_of_record
TN:
SF:scripts/helpers/toCamelCaseMapper.js
FN:3,(anonymous_0)
FNF:1
FNH:1
FNDA:18,(anonymous_0)
DA:1,5
DA:3,5
DA:5,18
DA:7,18
DA:8,7
DA:11,11
DA:14,5
LF:7
LH:7
BRDA:7,0,0,7
BRDA:7,0,1,11
BRF:2
BRH:2
end_of_record
TN:
SF:scripts/helpers/toIosUnicode.js
FN:1,(anonymous_0)
FNF:1
FNH:1
FNDA:3,(anonymous_0)
DA:1,3
DA:3,2
LF:2
LH:2
BRF:0
BRH:0
end_of_record
